#
# There is insufficient memory for the Java Runtime Environment to continue.
# Native memory allocation (malloc) failed to allocate 1051616 bytes for Chunk::new
# Possible reasons:
#   The system is out of physical RAM or swap space
#   In 32 bit mode, the process size limit was hit
# Possible solutions:
#   Reduce memory load on the system
#   Increase physical memory or swap space
#   Check if swap backing store is full
#   Use 64 bit Java on a 64 bit OS
#   Decrease Java heap size (-Xmx/-Xms)
#   Decrease number of Java threads
#   Decrease Java thread stack sizes (-Xss)
#   Set larger code cache with -XX:ReservedCodeCacheSize=
# This output file may be truncated or incomplete.
#
#  Out of Memory Error (allocation.cpp:390), pid=8136, tid=5376
#
# JRE version: Java(TM) SE Runtime Environment (8.0_73-b02) (build 1.8.0_73-b02)
# Java VM: Java HotSpot(TM) 64-Bit Server VM (25.73-b02 mixed mode windows-amd64 compressed oops)
# Failed to write core dump. Minidumps are not enabled by default on client versions of Windows
#

---------------  T H R E A D  ---------------

Current thread (0x0000000014ae5800):  JavaThread "C2 CompilerThread1" daemon [_thread_in_native, id=5376, stack(0x00000000161d0000,0x00000000162d0000)]

Stack: [0x00000000161d0000,0x00000000162d0000]
[error occurred during error reporting (printing stack bounds), id 0xc0000005]

Native frames: (J=compiled Java code, j=interpreted, Vv=VM code, C=native code)


Current CompileTask:
C2:  15857 1984       4       com.android.dx.cf.code.BaseMachine::getLocalTarget (151 bytes)


---------------  P R O C E S S  ---------------

Java Threads: ( => current thread )
  0x00000000166e2800 JavaThread "pool-1-thread-4" [_thread_blocked, id=6852, stack(0x00000000185a0000,0x00000000186a0000)]
  0x00000000166e2000 JavaThread "pool-1-thread-3" [_thread_blocked, id=3704, stack(0x00000000184a0000,0x00000000185a0000)]
  0x00000000166de000 JavaThread "pool-1-thread-2" [_thread_blocked, id=7132, stack(0x00000000183a0000,0x00000000184a0000)]
  0x0000000016642800 JavaThread "pool-2-thread-1" [_thread_blocked, id=6096, stack(0x00000000182a0000,0x00000000183a0000)]
  0x0000000016d20800 JavaThread "pool-1-thread-1" [_thread_blocked, id=7648, stack(0x00000000181a0000,0x00000000182a0000)]
  0x00000000163d4800 JavaThread "Service Thread" daemon [_thread_blocked, id=7368, stack(0x00000000167d0000,0x00000000168d0000)]
  0x0000000014aec000 JavaThread "C1 CompilerThread2" daemon [_thread_blocked, id=4716, stack(0x00000000162d0000,0x00000000163d0000)]
=>0x0000000014ae5800 JavaThread "C2 CompilerThread1" daemon [_thread_in_native, id=5376, stack(0x00000000161d0000,0x00000000162d0000)]
  0x0000000014a89800 JavaThread "C2 CompilerThread0" daemon [_thread_in_native, id=6728, stack(0x00000000160d0000,0x00000000161d0000)]
  0x0000000014a96000 JavaThread "Attach Listener" daemon [_thread_blocked, id=7324, stack(0x0000000015fd0000,0x00000000160d0000)]
  0x0000000014a95000 JavaThread "Signal Dispatcher" daemon [_thread_blocked, id=7164, stack(0x0000000015ed0000,0x0000000015fd0000)]
  0x00000000023b6000 JavaThread "Finalizer" daemon [_thread_blocked, id=6772, stack(0x0000000015cf0000,0x0000000015df0000)]
  0x00000000023ad000 JavaThread "Reference Handler" daemon [_thread_blocked, id=7572, stack(0x0000000015bf0000,0x0000000015cf0000)]
  0x00000000022c0800 JavaThread "main" [_thread_blocked, id=5940, stack(0x0000000002110000,0x0000000002210000)]

Other Threads:
  0x0000000014a57800 VMThread [stack: 0x0000000015af0000,0x0000000015bf0000] [id=6860]
  0x00000000163eb000 WatcherThread [stack: 0x00000000168d0000,0x00000000169d0000] [id=3908]

VM state:at safepoint (normal execution)

VM Mutex/Monitor currently owned by a thread:  ([mutex/lock_event])
[0x000000000097c100] Threads_lock - owner thread: 0x0000000014a57800
[0x000000000097c980] Heap_lock - owner thread: 0x00000000166e2800

Heap:
 PSYoungGen      total 186368K, used 116736K [0x00000000eab00000, 0x0000000100000000, 0x0000000100000000)
  eden space 116736K, 100% used [0x00000000eab00000,0x00000000f1d00000,0x00000000f1d00000)
  from space 69632K, 0% used [0x00000000fbc00000,0x00000000fbc00000,0x0000000100000000)
  to   space 116224K, 3% used [0x00000000f1d00000,0x00000000f2170d30,0x00000000f8e80000)
 ParOldGen       total 242688K, used 137660K [0x00000000c0000000, 0x00000000ced00000, 0x00000000eab00000)
  object space 242688K, 56% used [0x00000000c0000000,0x00000000c866f368,0x00000000ced00000)
 Metaspace       used 6575K, capacity 7256K, committed 7424K, reserved 1056768K
  class space    used 624K, capacity 656K, committed 768K, reserved 1048576K

Card table byte_map: [0x0000000011780000,0x0000000011990000] byte_map_base: 0x0000000011180000

Marking Bits: (ParMarkBitMap*) 0x0000000058010600
 Begin Bits: [0x0000000011ef0000, 0x0000000012ef0000)
 End Bits:   [0x0000000012ef0000, 0x0000000013ef0000)

Polling page: 0x0000000000910000

CodeCache: size=245760Kb used=10455Kb max_used=10478Kb free=235304Kb
 bounds [0x00000000023c0000, 0x0000000002e10000, 0x00000000113c0000]
 total_blobs=2461 nmethods=2191 adapters=182
 compilation: enabled

Compilation events (10 events):
Event: 15.633 Thread 0x0000000014a89800 nmethod 2285% 0x0000000002dc5910 code [0x0000000002dc5a80, 0x0000000002dc5dc8]
Event: 15.633 Thread 0x0000000014a89800 2287       4       com.android.dx.ssa.SsaMethod::forEachBlockDepthFirstDom (128 bytes)
Event: 15.676 Thread 0x0000000014a89800 nmethod 2287 0x0000000002dfa690 code [0x0000000002dfa8a0, 0x0000000002dfb758]
Event: 15.677 Thread 0x0000000014a89800 2296       4       com.android.dx.ssa.SsaMethod::convertRopToSsaBlocks (103 bytes)
Event: 15.771 Thread 0x0000000014ae5800 nmethod 2284% 0x0000000002dfcf50 code [0x0000000002dfd260, 0x0000000002e007c8]
Event: 15.772 Thread 0x0000000014ae5800 2086       4       com.android.dx.ssa.SetFactory::makeDomFrontSet (26 bytes)
Event: 15.776 Thread 0x0000000014ae5800 nmethod 2086 0x0000000002dc51d0 code [0x0000000002dc5340, 0x0000000002dc5678]
Event: 15.776 Thread 0x0000000014ae5800 2061       4       com.android.dx.ssa.SsaBasicBlock::isExitBlock (20 bytes)
Event: 15.777 Thread 0x0000000014ae5800 nmethod 2061 0x0000000002debf10 code [0x0000000002dec040, 0x0000000002dec0d8]
Event: 15.777 Thread 0x0000000014ae5800 1984       4       com.android.dx.cf.code.BaseMachine::getLocalTarget (151 bytes)

GC Heap History (10 events):
Event: 8.623 GC heap after
Heap after GC invocations=7 (full 1):
 PSYoungGen      total 247296K, used 28463K [0x00000000eab00000, 0x0000000100000000, 0x0000000100000000)
  eden space 209920K, 0% used [0x00000000eab00000,0x00000000eab00000,0x00000000f7800000)
  from space 37376K, 76% used [0x00000000fd380000,0x00000000fef4bc48,0x00000000ff800000)
  to   space 69632K, 0% used [0x00000000f7800000,0x00000000f7800000,0x00000000fbc00000)
 ParOldGen       total 98304K, used 97862K [0x00000000c0000000, 0x00000000c6000000, 0x00000000eab00000)
  object space 98304K, 99% used [0x00000000c0000000,0x00000000c5f91a70,0x00000000c6000000)
 Metaspace       used 6534K, capacity 7256K, committed 7424K, reserved 1056768K
  class space    used 623K, capacity 656K, committed 768K, reserved 1048576K
}
Event: 10.123 GC heap before
{Heap before GC invocations=8 (full 2):
 PSYoungGen      total 247296K, used 238383K [0x00000000eab00000, 0x0000000100000000, 0x0000000100000000)
  eden space 209920K, 100% used [0x00000000eab00000,0x00000000f7800000,0x00000000f7800000)
  from space 37376K, 76% used [0x00000000fd380000,0x00000000fef4bc48,0x00000000ff800000)
  to   space 69632K, 0% used [0x00000000f7800000,0x00000000f7800000,0x00000000fbc00000)
 ParOldGen       total 98304K, used 97862K [0x00000000c0000000, 0x00000000c6000000, 0x00000000eab00000)
  object space 98304K, 99% used [0x00000000c0000000,0x00000000c5f91a70,0x00000000c6000000)
 Metaspace       used 6557K, capacity 7256K, committed 7424K, reserved 1056768K
  class space    used 624K, capacity 656K, committed 768K, reserved 1048576K
Event: 11.844 GC heap after
Heap after GC invocations=8 (full 2):
 PSYoungGen      total 247296K, used 101715K [0x00000000eab00000, 0x0000000100000000, 0x0000000100000000)
  eden space 209920K, 48% used [0x00000000eab00000,0x00000000f0e54e30,0x00000000f7800000)
  from space 37376K, 0% used [0x00000000fd380000,0x00000000fd380000,0x00000000ff800000)
  to   space 69632K, 0% used [0x00000000f7800000,0x00000000f7800000,0x00000000fbc00000)
 ParOldGen       total 231936K, used 98237K [0x00000000c0000000, 0x00000000ce280000, 0x00000000eab00000)
  object space 231936K, 42% used [0x00000000c0000000,0x00000000c5fef600,0x00000000ce280000)
 Metaspace       used 6557K, capacity 7256K, committed 7424K, reserved 1056768K
  class space    used 624K, capacity 656K, committed 768K, reserved 1048576K
}
Event: 12.117 GC heap before
{Heap before GC invocations=9 (full 2):
 PSYoungGen      total 247296K, used 209920K [0x00000000eab00000, 0x0000000100000000, 0x0000000100000000)
  eden space 209920K, 100% used [0x00000000eab00000,0x00000000f7800000,0x00000000f7800000)
  from space 37376K, 0% used [0x00000000fd380000,0x00000000fd380000,0x00000000ff800000)
  to   space 69632K, 0% used [0x00000000f7800000,0x00000000f7800000,0x00000000fbc00000)
 ParOldGen       total 231936K, used 98237K [0x00000000c0000000, 0x00000000ce280000, 0x00000000eab00000)
  object space 231936K, 42% used [0x00000000c0000000,0x00000000c5fef600,0x00000000ce280000)
 Metaspace       used 6559K, capacity 7256K, committed 7424K, reserved 1056768K
  class space    used 624K, capacity 656K, committed 768K, reserved 1048576K
Event: 12.267 GC heap after
Heap after GC invocations=9 (full 2):
 PSYoungGen      total 279552K, used 69627K [0x00000000eab00000, 0x0000000100000000, 0x0000000100000000)
  eden space 209920K, 0% used [0x00000000eab00000,0x00000000eab00000,0x00000000f7800000)
  from space 69632K, 99% used [0x00000000f7800000,0x00000000fbbfed38,0x00000000fbc00000)
  to   space 69632K, 0% used [0x00000000fbc00000,0x00000000fbc00000,0x0000000100000000)
 ParOldGen       total 231936K, used 159330K [0x00000000c0000000, 0x00000000ce280000, 0x00000000eab00000)
  object space 231936K, 68% used [0x00000000c0000000,0x00000000c9b98820,0x00000000ce280000)
 Metaspace       used 6559K, capacity 7256K, committed 7424K, reserved 1056768K
  class space    used 624K, capacity 656K, committed 768K, reserved 1048576K
}
Event: 13.484 GC heap before
{Heap before GC invocations=10 (full 2):
 PSYoungGen      total 279552K, used 279547K [0x00000000eab00000, 0x0000000100000000, 0x0000000100000000)
  eden space 209920K, 100% used [0x00000000eab00000,0x00000000f7800000,0x00000000f7800000)
  from space 69632K, 99% used [0x00000000f7800000,0x00000000fbbfed38,0x00000000fbc00000)
  to   space 69632K, 0% used [0x00000000fbc00000,0x00000000fbc00000,0x0000000100000000)
 ParOldGen       total 231936K, used 159330K [0x00000000c0000000, 0x00000000ce280000, 0x00000000eab00000)
  object space 231936K, 68% used [0x00000000c0000000,0x00000000c9b98820,0x00000000ce280000)
 Metaspace       used 6574K, capacity 7256K, committed 7424K, reserved 1056768K
  class space    used 624K, capacity 656K, committed 768K, reserved 1048576K
Event: 13.722 GC heap after
Heap after GC invocations=10 (full 2):
 PSYoungGen      total 186368K, used 69614K [0x00000000eab00000, 0x0000000100000000, 0x0000000100000000)
  eden space 116736K, 0% used [0x00000000eab00000,0x00000000eab00000,0x00000000f1d00000)
  from space 69632K, 99% used [0x00000000fbc00000,0x00000000ffffbb38,0x0000000100000000)
  to   space 116224K, 0% used [0x00000000f1d00000,0x00000000f1d00000,0x00000000f8e80000)
 ParOldGen       total 242688K, used 242488K [0x00000000c0000000, 0x00000000ced00000, 0x00000000eab00000)
  object space 242688K, 99% used [0x00000000c0000000,0x00000000cecce138,0x00000000ced00000)
 Metaspace       used 6574K, capacity 7256K, committed 7424K, reserved 1056768K
  class space    used 624K, capacity 656K, committed 768K, reserved 1048576K
}
Event: 13.722 GC heap before
{Heap before GC invocations=11 (full 3):
 PSYoungGen      total 186368K, used 69614K [0x00000000eab00000, 0x0000000100000000, 0x0000000100000000)
  eden space 116736K, 0% used [0x00000000eab00000,0x00000000eab00000,0x00000000f1d00000)
  from space 69632K, 99% used [0x00000000fbc00000,0x00000000ffffbb38,0x0000000100000000)
  to   space 116224K, 0% used [0x00000000f1d00000,0x00000000f1d00000,0x00000000f8e80000)
 ParOldGen       total 242688K, used 242488K [0x00000000c0000000, 0x00000000ced00000, 0x00000000eab00000)
  object space 242688K, 99% used [0x00000000c0000000,0x00000000cecce138,0x00000000ced00000)
 Metaspace       used 6574K, capacity 7256K, committed 7424K, reserved 1056768K
  class space    used 624K, capacity 656K, committed 768K, reserved 1048576K
Event: 15.214 GC heap after
Heap after GC invocations=11 (full 3):
 PSYoungGen      total 186368K, used 0K [0x00000000eab00000, 0x0000000100000000, 0x0000000100000000)
  eden space 116736K, 0% used [0x00000000eab00000,0x00000000eab00000,0x00000000f1d00000)
  from space 69632K, 0% used [0x00000000fbc00000,0x00000000fbc00000,0x0000000100000000)
  to   space 116224K, 0% used [0x00000000f1d00000,0x00000000f1d00000,0x00000000f8e80000)
 ParOldGen       total 242688K, used 137660K [0x00000000c0000000, 0x00000000ced00000, 0x00000000eab00000)
  object space 242688K, 56% used [0x00000000c0000000,0x00000000c866f368,0x00000000ced00000)
 Metaspace       used 6574K, capacity 7256K, committed 7424K, reserved 1056768K
  class space    used 624K, capacity 656K, committed 768K, reserved 1048576K
}
Event: 15.840 GC heap before
{Heap before GC invocations=12 (full 3):
 PSYoungGen      total 186368K, used 116736K [0x00000000eab00000, 0x0000000100000000, 0x0000000100000000)
  eden space 116736K, 100% used [0x00000000eab00000,0x00000000f1d00000,0x00000000f1d00000)
  from space 69632K, 0% used [0x00000000fbc00000,0x00000000fbc00000,0x0000000100000000)
  to   space 116224K, 0% used [0x00000000f1d00000,0x00000000f1d00000,0x00000000f8e80000)
 ParOldGen       total 242688K, used 137660K [0x00000000c0000000, 0x00000000ced00000, 0x00000000eab00000)
  object space 242688K, 56% used [0x00000000c0000000,0x00000000c866f368,0x00000000ced00000)
 Metaspace       used 6575K, capacity 7256K, committed 7424K, reserved 1056768K
  class space    used 624K, capacity 656K, committed 768K, reserved 1048576K

Deoptimization events (10 events):
Event: 9.616 Thread 0x00000000166e2000 Uncommon trap: reason=class_check action=maybe_recompile pc=0x0000000002cbaae4 method=com.android.dx.ssa.back.InterferenceGraph.mergeInterferenceSet(ILcom/android/dx/util/IntSet;)V @ 20
Event: 9.616 Thread 0x00000000166e2000 Uncommon trap: reason=class_check action=maybe_recompile pc=0x0000000002c95968 method=com.android.dx.util.BitIntSet.merge(Lcom/android/dx/util/IntSet;)V @ 1
Event: 9.616 Thread 0x00000000166e2000 Uncommon trap: reason=class_check action=maybe_recompile pc=0x0000000002cbaae4 method=com.android.dx.ssa.back.InterferenceGraph.mergeInterferenceSet(ILcom/android/dx/util/IntSet;)V @ 20
Event: 9.616 Thread 0x00000000166e2000 Uncommon trap: reason=class_check action=maybe_recompile pc=0x0000000002c95968 method=com.android.dx.util.BitIntSet.merge(Lcom/android/dx/util/IntSet;)V @ 1
Event: 9.616 Thread 0x00000000166e2000 Uncommon trap: reason=class_check action=maybe_recompile pc=0x0000000002cbaae4 method=com.android.dx.ssa.back.InterferenceGraph.mergeInterferenceSet(ILcom/android/dx/util/IntSet;)V @ 20
Event: 9.616 Thread 0x00000000166e2000 Uncommon trap: reason=class_check action=maybe_recompile pc=0x0000000002c95968 method=com.android.dx.util.BitIntSet.merge(Lcom/android/dx/util/IntSet;)V @ 1
Event: 11.882 Thread 0x00000000022c0800 Uncommon trap: reason=unstable_if action=reinterpret pc=0x0000000002c15bf0 method=com.android.dx.cf.code.ByteCatchList.typeNotFound(Lcom/android/dx/cf/code/ByteCatchList$Item;[Lcom/android/dx/cf/code/ByteCatchList$Item;I)Z @ 34
Event: 11.890 Thread 0x00000000022c0800 Uncommon trap: reason=speculate_class_check action=maybe_recompile pc=0x0000000002b95974 method=com.android.dx.rop.cst.TypedConstant.getBasicType()I @ 1
Event: 12.380 Thread 0x00000000022c0800 Uncommon trap: reason=speculate_class_check action=maybe_recompile pc=0x0000000002b95974 method=com.android.dx.rop.cst.TypedConstant.getBasicType()I @ 1
Event: 12.979 Thread 0x00000000022c0800 Uncommon trap: reason=speculate_class_check action=maybe_recompile pc=0x0000000002b95974 method=com.android.dx.rop.cst.TypedConstant.getBasicType()I @ 1

Internal exceptions (6 events):
Event: 0.979 Thread 0x00000000022c0800 Exception <a 'java/lang/NoSuchMethodError': Method sun.misc.Unsafe.defineClass(Ljava/lang/String;[BII)Ljava/lang/Class; name or signature does not match> (0x00000000eab0d430) thrown at [D:\re\puppet\workspace\8-2-build-windows-amd64-cygwin\jdk8u73\6086\hot©D7›Uï?
Event: 0.979 Thread 0x00000000022c0800 Exception <a 'java/lang/NoSuchMethodError': Method sun.misc.Unsafe.prefetchRead(Ljava/lang/Object;J)V name or signature does not match> (0x00000000eab0d718) thrown at [D:\re\puppet\workspace\8-2-build-windows-amd64-cygwin\jdk8u73\6086\hotspot\src\share\vm\xn£ ~û@
Event: 2.748 Thread 0x00000000166de000 Implicit null exception at 0x0000000002686d62 to 0x0000000002686e52
Event: 4.193 Thread 0x00000000166e2800 Exception <a 'java/lang/ArrayIndexOutOfBoundsException': 18> (0x00000000ee6f11b0) thrown at [D:\re\puppet\workspace\8-2-build-windows-amd64-cygwin\jdk8u73\6086\hotspot\src\share\vm\interpreter\interpreterRuntime.cpp, line 366]
Event: 4.194 Thread 0x00000000166e2800 Exception <a 'java/lang/ArrayIndexOutOfBoundsException'> (0x00000000ee6f2d30) thrown at [D:\re\puppet\workspace\8-2-build-windows-amd64-cygwin\jdk8u73\6086\hotspot\src\share\vm\runtime\sharedRuntime.cpp, line 605]
Event: 4.195 Thread 0x00000000166e2800 Exception <a 'java/lang/ArrayIndexOutOfBoundsException'> (0x00000000ee6f4018) thrown at [D:\re\puppet\workspace\8-2-build-windows-amd64-cygwin\jdk8u73\6086\hotspot\src\share\vm\runtime\sharedRuntime.cpp, line 605]

Events (10 events):
Event: 12.986 Thread 0x00000000022c0800 DEOPT UNPACKING pc=0x000000000240787f sp=0x000000000220dde0 mode 0
Event: 13.025 Thread 0x0000000016d20800 DEOPT PACKING pc=0x0000000002884de0 sp=0x000000001829e630
Event: 13.025 Thread 0x0000000016d20800 DEOPT UNPACKING pc=0x000000000240787f sp=0x000000001829e3c0 mode 0
Event: 13.483 Executing VM operation: ParallelGCFailedAllocation
Event: 15.214 Executing VM operation: ParallelGCFailedAllocation done
Event: 15.618 Thread 0x00000000022c0800 DEOPT PACKING pc=0x0000000002848c65 sp=0x000000000220e0e0
Event: 15.618 Thread 0x00000000022c0800 DEOPT UNPACKING pc=0x000000000240787f sp=0x000000000220dec0 mode 0
Event: 15.618 loading class com/android/dx/rop/code/RegisterSpec$1
Event: 15.618 loading class com/android/dx/rop/code/RegisterSpec$1 done
Event: 15.838 Executing VM operation: ParallelGCFailedAllocation


Dynamic libraries:
0x00007ff653420000 - 0x00007ff653457000 	C:\Program Files\Java\jdk1.8.0_73\bin\java.exe
0x00007fffe7820000 - 0x00007fffe79cd000 	C:\Windows\SYSTEM32\ntdll.dll
0x00007fffe7540000 - 0x00007fffe767e000 	C:\Windows\system32\KERNEL32.DLL
0x00007fffe4b80000 - 0x00007fffe4c95000 	C:\Windows\system32\KERNELBASE.dll
0x00007fffe3510000 - 0x00007fffe359e000 	C:\Windows\system32\apphelp.dll
0x00007fffdbb50000 - 0x00007fffdbba3000 	C:\Windows\AppPatch\AppPatch64\AcGenral.DLL
0x00007fffe5390000 - 0x00007fffe543a000 	C:\Windows\system32\msvcrt.dll
0x00007fffe4ca0000 - 0x00007fffe4cce000 	C:\Windows\system32\SspiCli.dll
0x00007fffe5130000 - 0x00007fffe5184000 	C:\Windows\system32\SHLWAPI.dll
0x00007fffe5190000 - 0x00007fffe5307000 	C:\Windows\system32\USER32.dll
0x00007fffe7680000 - 0x00007fffe7814000 	C:\Windows\system32\ole32.dll
0x00007fffe5d80000 - 0x00007fffe72ac000 	C:\Windows\system32\SHELL32.dll
0x00007fffe3f10000 - 0x00007fffe3f31000 	C:\Windows\SYSTEM32\USERENV.dll
0x00007fffe4eb0000 - 0x00007fffe4f5a000 	C:\Windows\system32\ADVAPI32.dll
0x00007fffd8bb0000 - 0x00007fffd8bce000 	C:\Windows\SYSTEM32\MPR.dll
0x00007fffe57f0000 - 0x00007fffe5930000 	C:\Windows\system32\RPCRT4.dll
0x00007fffe5630000 - 0x00007fffe5689000 	C:\Windows\SYSTEM32\sechost.dll
0x00007fffe72c0000 - 0x00007fffe74d2000 	C:\Windows\SYSTEM32\combase.dll
0x00007fffe5c30000 - 0x00007fffe5d7b000 	C:\Windows\system32\GDI32.dll
0x00007fffe4950000 - 0x00007fffe4965000 	C:\Windows\SYSTEM32\profapi.dll
0x00007fffe2ff0000 - 0x00007fffe30a2000 	C:\Windows\SYSTEM32\SHCORE.dll
0x00007fffe50f0000 - 0x00007fffe5126000 	C:\Windows\system32\IMM32.DLL
0x00007fffe5690000 - 0x00007fffe57e1000 	C:\Windows\system32\MSCTF.dll
0x00007fffe2830000 - 0x00007fffe2aab000 	C:\Windows\WinSxS\amd64_microsoft.windows.common-controls_6595b64144ccf1df_6.0.9600.18006_none_623f33d3ecbe86e8\COMCTL32.dll
0x00000000572a0000 - 0x0000000057372000 	C:\Program Files\Java\jdk1.8.0_73\jre\bin\msvcr100.dll
0x0000000057800000 - 0x0000000058090000 	C:\Program Files\Java\jdk1.8.0_73\jre\bin\server\jvm.dll
0x00007fffcfe00000 - 0x00007fffcfe09000 	C:\Windows\SYSTEM32\WSOCK32.dll
0x00007fffdfbc0000 - 0x00007fffdfbe2000 	C:\Windows\SYSTEM32\WINMM.dll
0x00007fffdfc30000 - 0x00007fffdfc3a000 	C:\Windows\SYSTEM32\VERSION.dll
0x00007fffe5380000 - 0x00007fffe5387000 	C:\Windows\system32\PSAPI.DLL
0x00007fffe74e0000 - 0x00007fffe753a000 	C:\Windows\system32\WS2_32.dll
0x00007fffdfb90000 - 0x00007fffdfbba000 	C:\Windows\SYSTEM32\WINMMBASE.dll
0x00007fffe72b0000 - 0x00007fffe72b9000 	C:\Windows\system32\NSI.dll
0x00007fffe4b30000 - 0x00007fffe4b7f000 	C:\Windows\SYSTEM32\cfgmgr32.dll
0x00007fffe3790000 - 0x00007fffe37b8000 	C:\Windows\SYSTEM32\DEVOBJ.dll
0x0000000057710000 - 0x000000005771f000 	C:\Program Files\Java\jdk1.8.0_73\jre\bin\verify.dll
0x00000000576e0000 - 0x0000000057709000 	C:\Program Files\Java\jdk1.8.0_73\jre\bin\java.dll
0x00000000576c0000 - 0x00000000576d6000 	C:\Program Files\Java\jdk1.8.0_73\jre\bin\zip.dll

VM Arguments:
jvm_args: -Djava.awt.headless=true -Xmx1024M -Dfile.encoding=windows-1252 -Duser.country=US -Duser.language=en -Duser.variant 
java_command: com.android.dx.command.Main --dex --num-threads=4 --output C:\android_work\asad_bhai\UnitConvertorProject\UnitConvertor\app\build\intermediates\pre-dexed\release\com.google.android.gms-play-services-ads-8.4.0_0646ddf2b084b018950d3d1aaea069f4cb0a825e.jar C:\android_work\asad_bhai\UnitConvertorProject\UnitConvertor\app\build\intermediates\exploded-aar\com.google.android.gms\play-services-ads\8.4.0\jars\classes.jar
java_class_path (initial): C:\Android\Sdk\build-tools\25.0.0\lib\dx.jar
Launcher Type: SUN_STANDARD

Environment Variables:
PATH=C:\ProgramData\Oracle\Java\javapath;C:\Windows\system32;C:\Windows;C:\Windows\System32\Wbem;C:\Windows\System32\WindowsPowerShell\v1.0\;C:\Program Files\Git\cmd;C:\Program Files (x86)\Skype\Phone\;C:\instantclient_12_2;C:\Program Files (x86)\Ampps\php;C:\composer;C:\Users\rehan\AppData\Roaming\Composer\vendor\bin
USERNAME=rehan
OS=Windows_NT
PROCESSOR_IDENTIFIER=Intel64 Family 6 Model 58 Stepping 9, GenuineIntel



---------------  S Y S T E M  ---------------

OS: Windows 8.1 , 64 bit Build 9600 (6.3.9600.17415)

CPU:total 4 (2 cores per cpu, 2 threads per core) family 6 model 58 stepping 9, cmov, cx8, fxsr, mmx, sse, sse2, sse3, ssse3, sse4.1, sse4.2, popcnt, avx, aes, clmul, erms, ht, tsc, tscinvbit, tscinv

Memory: 4k page, physical 8281448k(1011768k free), swap 11427176k(5820k free)

vm_info: Java HotSpot(TM) 64-Bit Server VM (25.73-b02) for windows-amd64 JRE (1.8.0_73-b02), built on Jan 29 2016 17:38:49 by "java_re" with MS VC++ 10.0 (VS2010)

time: Sat Mar 10 06:27:37 2018
elapsed time: 15 seconds (0d 0h 0m 15s)

