#
# There is insufficient memory for the Java Runtime Environment to continue.
# Native memory allocation (malloc) failed to allocate 1048576 bytes for AllocateHeap
# Possible reasons:
#   The system is out of physical RAM or swap space
#   In 32 bit mode, the process size limit was hit
# Possible solutions:
#   Reduce memory load on the system
#   Increase physical memory or swap space
#   Check if swap backing store is full
#   Use 64 bit Java on a 64 bit OS
#   Decrease Java heap size (-Xmx/-Xms)
#   Decrease number of Java threads
#   Decrease Java thread stack sizes (-Xss)
#   Set larger code cache with -XX:ReservedCodeCacheSize=
# This output file may be truncated or incomplete.
#
#  Out of Memory Error (memory/allocation.inline.hpp:61), pid=7200, tid=592
#
# JRE version:  (8.0_73-b02) (build )
# Java VM: Java HotSpot(TM) 64-Bit Server VM (25.73-b02 mixed mode windows-amd64 compressed oops)
# Failed to write core dump. Minidumps are not enabled by default on client versions of Windows
#

---------------  T H R E A D  ---------------

Current thread (0x0000000001d90800):  JavaThread "Unknown thread" [_thread_in_vm, id=592, stack(0x0000000001c70000,0x0000000001d70000)]

Stack: [0x0000000001c70000,0x0000000001d70000]
[error occurred during error reporting (printing stack bounds), id 0xc0000005]

Native frames: (J=compiled Java code, j=interpreted, Vv=VM code, C=native code)


---------------  P R O C E S S  ---------------

Java Threads: ( => current thread )

Other Threads:

=>0x0000000001d90800 (exited) JavaThread "Unknown thread" [_thread_in_vm, id=592, stack(0x0000000001c70000,0x0000000001d70000)]

VM state:not at safepoint (normal execution)

VM Mutex/Monitor currently owned by a thread: None

Heap:
 PSYoungGen      total 38400K, used 665K [0x00000000eab00000, 0x00000000ed580000, 0x0000000100000000)
  eden space 33280K, 2% used [0x00000000eab00000,0x00000000eaba6670,0x00000000ecb80000)
  from space 5120K, 0% used [0x00000000ed080000,0x00000000ed080000,0x00000000ed580000)
  to   space 5120K, 0% used [0x00000000ecb80000,0x00000000ecb80000,0x00000000ed080000)
 ParOldGen       total 87552K, used 0K [0x00000000c0000000, 0x00000000c5580000, 0x00000000eab00000)
  object space 87552K, 0% used [0x00000000c0000000,0x00000000c0000000,0x00000000c5580000)
 Metaspace       used 769K, capacity 4480K, committed 4480K, reserved 1056768K
  class space    used 75K, capacity 384K, committed 384K, reserved 1048576K

Card table byte_map: [0x0000000011250000,0x0000000011460000] byte_map_base: 0x0000000010c50000

Marking Bits: (ParMarkBitMap*) 0x0000000058010600
 Begin Bits: [0x00000000119c0000, 0x00000000129c0000)
 End Bits:   [0x00000000129c0000, 0x00000000139c0000)

Polling page: 0x0000000000450000

CodeCache: size=245760Kb used=328Kb max_used=328Kb free=245431Kb
 bounds [0x0000000001e90000, 0x0000000002100000, 0x0000000010e90000]
 total_blobs=57 nmethods=0 adapters=37
 compilation: enabled

Compilation events (0 events):
No events

GC Heap History (0 events):
No events

Deoptimization events (0 events):
No events

Internal exceptions (0 events):
No events

Events (10 events):
Event: 0.072 loading class java/lang/Short
Event: 0.072 loading class java/lang/Short done
Event: 0.072 loading class java/lang/Integer
Event: 0.072 loading class java/lang/Integer done
Event: 0.072 loading class java/lang/Long
Event: 0.072 loading class java/lang/Long done
Event: 0.073 loading class java/lang/NullPointerException
Event: 0.073 loading class java/lang/NullPointerException done
Event: 0.073 loading class java/lang/ArithmeticException
Event: 0.073 loading class java/lang/ArithmeticException done


Dynamic libraries:
0x00007ff653420000 - 0x00007ff653457000 	C:\Program Files\Java\jdk1.8.0_73\bin\java.exe
0x00007fffe7820000 - 0x00007fffe79cd000 	C:\Windows\SYSTEM32\ntdll.dll
0x00007fffe7540000 - 0x00007fffe767e000 	C:\Windows\system32\KERNEL32.DLL
0x00007fffe4b80000 - 0x00007fffe4c95000 	C:\Windows\system32\KERNELBASE.dll
0x00007fffe3510000 - 0x00007fffe359e000 	C:\Windows\system32\apphelp.dll
0x00007fffdbb50000 - 0x00007fffdbba3000 	C:\Windows\AppPatch\AppPatch64\AcGenral.DLL
0x00007fffe5390000 - 0x00007fffe543a000 	C:\Windows\system32\msvcrt.dll
0x00007fffe4ca0000 - 0x00007fffe4cce000 	C:\Windows\system32\SspiCli.dll
0x00007fffe5130000 - 0x00007fffe5184000 	C:\Windows\system32\SHLWAPI.dll
0x00007fffe5190000 - 0x00007fffe5307000 	C:\Windows\system32\USER32.dll
0x00007fffe7680000 - 0x00007fffe7814000 	C:\Windows\system32\ole32.dll
0x00007fffe5d80000 - 0x00007fffe72ac000 	C:\Windows\system32\SHELL32.dll
0x00007fffe3f10000 - 0x00007fffe3f31000 	C:\Windows\SYSTEM32\USERENV.dll
0x00007fffe4eb0000 - 0x00007fffe4f5a000 	C:\Windows\system32\ADVAPI32.dll
0x00007fffd8bb0000 - 0x00007fffd8bce000 	C:\Windows\SYSTEM32\MPR.dll
0x00007fffe57f0000 - 0x00007fffe5930000 	C:\Windows\system32\RPCRT4.dll
0x00007fffe5630000 - 0x00007fffe5689000 	C:\Windows\SYSTEM32\sechost.dll
0x00007fffe72c0000 - 0x00007fffe74d2000 	C:\Windows\SYSTEM32\combase.dll
0x00007fffe5c30000 - 0x00007fffe5d7b000 	C:\Windows\system32\GDI32.dll
0x00007fffe4950000 - 0x00007fffe4965000 	C:\Windows\SYSTEM32\profapi.dll
0x00007fffe2ff0000 - 0x00007fffe30a2000 	C:\Windows\SYSTEM32\SHCORE.dll
0x00007fffe50f0000 - 0x00007fffe5126000 	C:\Windows\system32\IMM32.DLL
0x00007fffe5690000 - 0x00007fffe57e1000 	C:\Windows\system32\MSCTF.dll
0x00007fffe2830000 - 0x00007fffe2aab000 	C:\Windows\WinSxS\amd64_microsoft.windows.common-controls_6595b64144ccf1df_6.0.9600.18006_none_623f33d3ecbe86e8\COMCTL32.dll
0x00000000572a0000 - 0x0000000057372000 	C:\Program Files\Java\jdk1.8.0_73\jre\bin\msvcr100.dll
0x0000000057800000 - 0x0000000058090000 	C:\Program Files\Java\jdk1.8.0_73\jre\bin\server\jvm.dll
0x00007fffcfe00000 - 0x00007fffcfe09000 	C:\Windows\SYSTEM32\WSOCK32.dll
0x00007fffdfbc0000 - 0x00007fffdfbe2000 	C:\Windows\SYSTEM32\WINMM.dll
0x00007fffdfc30000 - 0x00007fffdfc3a000 	C:\Windows\SYSTEM32\VERSION.dll
0x00007fffe5380000 - 0x00007fffe5387000 	C:\Windows\system32\PSAPI.DLL
0x00007fffe74e0000 - 0x00007fffe753a000 	C:\Windows\system32\WS2_32.dll
0x00007fffdfb90000 - 0x00007fffdfbba000 	C:\Windows\SYSTEM32\WINMMBASE.dll
0x00007fffe72b0000 - 0x00007fffe72b9000 	C:\Windows\system32\NSI.dll
0x00007fffe4b30000 - 0x00007fffe4b7f000 	C:\Windows\SYSTEM32\cfgmgr32.dll
0x00007fffe3790000 - 0x00007fffe37b8000 	C:\Windows\SYSTEM32\DEVOBJ.dll
0x0000000057710000 - 0x000000005771f000 	C:\Program Files\Java\jdk1.8.0_73\jre\bin\verify.dll
0x00000000576e0000 - 0x0000000057709000 	C:\Program Files\Java\jdk1.8.0_73\jre\bin\java.dll
0x00000000576c0000 - 0x00000000576d6000 	C:\Program Files\Java\jdk1.8.0_73\jre\bin\zip.dll

VM Arguments:
jvm_args: -Djava.awt.headless=true -Xmx1024M -Dfile.encoding=windows-1252 -Duser.country=US -Duser.language=en -Duser.variant 
java_command: com.android.dx.command.Main --dex --num-threads=4 --output C:\android_work\asad_bhai\UnitConvertorProject\UnitConvertor\app\build\intermediates\pre-dexed\release\internal_impl-25.0.1_30ed198ad5c8e178a03eee0768e3fc3df4644848.jar C:\android_work\asad_bhai\UnitConvertorProject\UnitConvertor\app\build\intermediates\exploded-aar\com.android.support\support-fragment\25.0.1\jars\libs\internal_impl-25.0.1.jar
java_class_path (initial): C:\Android\Sdk\build-tools\25.0.0\lib\dx.jar
Launcher Type: SUN_STANDARD

Environment Variables:
PATH=C:\ProgramData\Oracle\Java\javapath;C:\Windows\system32;C:\Windows;C:\Windows\System32\Wbem;C:\Windows\System32\WindowsPowerShell\v1.0\;C:\Program Files\Git\cmd;C:\Program Files (x86)\Skype\Phone\;C:\instantclient_12_2;C:\Program Files (x86)\Ampps\php;C:\composer;C:\Users\rehan\AppData\Roaming\Composer\vendor\bin
USERNAME=rehan
OS=Windows_NT
PROCESSOR_IDENTIFIER=Intel64 Family 6 Model 58 Stepping 9, GenuineIntel



---------------  S Y S T E M  ---------------

OS: Windows 8.1 , 64 bit Build 9600 (6.3.9600.17415)

CPU:total 4 (2 cores per cpu, 2 threads per core) family 6 model 58 stepping 9, cmov, cx8, fxsr, mmx, sse, sse2, sse3, ssse3, sse4.1, sse4.2, popcnt, avx, aes, clmul, erms, ht, tsc, tscinvbit, tscinv

Memory: 4k page, physical 8281448k(1093440k free), swap 11427176k(5448k free)

vm_info: Java HotSpot(TM) 64-Bit Server VM (25.73-b02) for windows-amd64 JRE (1.8.0_73-b02), built on Jan 29 2016 17:38:49 by "java_re" with MS VC++ 10.0 (VS2010)

time: Sat Mar 10 06:27:29 2018
elapsed time: 0 seconds (0d 0h 0m 0s)

