#
# There is insufficient memory for the Java Runtime Environment to continue.
# Native memory allocation (malloc) failed to allocate 44528 bytes for Chunk::new
# Possible reasons:
#   The system is out of physical RAM or swap space
#   In 32 bit mode, the process size limit was hit
# Possible solutions:
#   Reduce memory load on the system
#   Increase physical memory or swap space
#   Check if swap backing store is full
#   Use 64 bit Java on a 64 bit OS
#   Decrease Java heap size (-Xmx/-Xms)
#   Decrease number of Java threads
#   Decrease Java thread stack sizes (-Xss)
#   Set larger code cache with -XX:ReservedCodeCacheSize=
# This output file may be truncated or incomplete.
#
#  Out of Memory Error (allocation.cpp:390), pid=7488, tid=6444
#
# JRE version: Java(TM) SE Runtime Environment (8.0_73-b02) (build 1.8.0_73-b02)
# Java VM: Java HotSpot(TM) 64-Bit Server VM (25.73-b02 mixed mode windows-amd64 compressed oops)
# Failed to write core dump. Minidumps are not enabled by default on client versions of Windows
#

---------------  T H R E A D  ---------------

Current thread (0x000000001494a000):  JavaThread "C2 CompilerThread0" daemon [_thread_in_native, id=6444, stack(0x0000000015f80000,0x0000000016080000)]

Stack: [0x0000000015f80000,0x0000000016080000]
[error occurred during error reporting (printing stack bounds), id 0xc0000005]

Native frames: (J=compiled Java code, j=interpreted, Vv=VM code, C=native code)


Current CompileTask:
C2:   1569  737       4       com.android.dx.ssa.NormalSsaInsn::accept (25 bytes)


---------------  P R O C E S S  ---------------

Java Threads: ( => current thread )
  0x0000000016561800 JavaThread "pool-1-thread-4" [_thread_in_Java, id=7120, stack(0x0000000016c80000,0x0000000016d80000)]
  0x0000000016560800 JavaThread "pool-1-thread-3" [_thread_in_Java, id=6924, stack(0x0000000016b80000,0x0000000016c80000)]
  0x000000001655f800 JavaThread "pool-1-thread-2" [_thread_in_vm, id=7888, stack(0x0000000016a80000,0x0000000016b80000)]
  0x0000000016557000 JavaThread "pool-2-thread-1" [_thread_blocked, id=2696, stack(0x0000000016980000,0x0000000016a80000)]
  0x000000001654d800 JavaThread "pool-1-thread-1" [_thread_in_Java, id=6720, stack(0x0000000016880000,0x0000000016980000)]
  0x0000000016281800 JavaThread "Service Thread" daemon [_thread_blocked, id=3860, stack(0x0000000016680000,0x0000000016780000)]
  0x0000000014999000 JavaThread "C1 CompilerThread2" daemon [_thread_blocked, id=1868, stack(0x0000000016180000,0x0000000016280000)]
  0x0000000014996800 JavaThread "C2 CompilerThread1" daemon [_thread_in_native, id=380, stack(0x0000000016080000,0x0000000016180000)]
=>0x000000001494a000 JavaThread "C2 CompilerThread0" daemon [_thread_in_native, id=6444, stack(0x0000000015f80000,0x0000000016080000)]
  0x0000000014947000 JavaThread "Attach Listener" daemon [_thread_blocked, id=1056, stack(0x0000000015e80000,0x0000000015f80000)]
  0x0000000014945800 JavaThread "Signal Dispatcher" daemon [_thread_blocked, id=4372, stack(0x0000000015d80000,0x0000000015e80000)]
  0x0000000002266800 JavaThread "Finalizer" daemon [_thread_blocked, id=8000, stack(0x0000000015ba0000,0x0000000015ca0000)]
  0x000000000225d000 JavaThread "Reference Handler" daemon [_thread_blocked, id=7460, stack(0x0000000015aa0000,0x0000000015ba0000)]
  0x0000000002170800 JavaThread "main" [_thread_in_Java, id=3676, stack(0x0000000002010000,0x0000000002110000)]

Other Threads:
  0x0000000014907800 VMThread [stack: 0x00000000159a0000,0x0000000015aa0000] [id=976]
  0x0000000016298000 WatcherThread [stack: 0x0000000016780000,0x0000000016880000] [id=7740]

VM state:not at safepoint (normal execution)

VM Mutex/Monitor currently owned by a thread: None

Heap:
 PSYoungGen      total 38400K, used 17317K [0x00000000eab00000, 0x00000000ed580000, 0x0000000100000000)
  eden space 33280K, 52% used [0x00000000eab00000,0x00000000ebbe95b8,0x00000000ecb80000)
  from space 5120K, 0% used [0x00000000ed080000,0x00000000ed080000,0x00000000ed580000)
  to   space 5120K, 0% used [0x00000000ecb80000,0x00000000ecb80000,0x00000000ed080000)
 ParOldGen       total 87552K, used 0K [0x00000000c0000000, 0x00000000c5580000, 0x00000000eab00000)
  object space 87552K, 0% used [0x00000000c0000000,0x00000000c0000000,0x00000000c5580000)
 Metaspace       used 5568K, capacity 6704K, committed 6784K, reserved 1056768K
  class space    used 582K, capacity 616K, committed 640K, reserved 1048576K

Card table byte_map: [0x0000000011630000,0x0000000011840000] byte_map_base: 0x0000000011030000

Marking Bits: (ParMarkBitMap*) 0x0000000058010600
 Begin Bits: [0x0000000011da0000, 0x0000000012da0000)
 End Bits:   [0x0000000012da0000, 0x0000000013da0000)

Polling page: 0x0000000001f80000

CodeCache: size=245760Kb used=3013Kb max_used=3025Kb free=242746Kb
 bounds [0x0000000002270000, 0x0000000002570000, 0x0000000011270000]
 total_blobs=991 nmethods=727 adapters=176
 compilation: disabled (not enough contiguous free space left)

Compilation events (10 events):
Event: 1.546 Thread 0x000000001494a000 nmethod 713 0x0000000002565390 code [0x0000000002565540, 0x0000000002565f58]
Event: 1.546 Thread 0x000000001494a000  734       4       com.android.dx.rop.cst.Constant::compareTo (33 bytes)
Event: 1.547 Thread 0x0000000014996800 nmethod 732 0x00000000025633d0 code [0x0000000002563520, 0x0000000002563788]
Event: 1.547 Thread 0x000000001494a000 nmethod 734 0x0000000002557bd0 code [0x0000000002557d20, 0x0000000002557dd8]
Event: 1.548 Thread 0x000000001494a000  737       4       com.android.dx.ssa.NormalSsaInsn::accept (25 bytes)
Event: 1.554 Thread 0x0000000014996800  743       4       java.util.ArrayList::isEmpty (13 bytes)
Event: 1.555 Thread 0x0000000014996800 nmethod 743 0x0000000002563a10 code [0x0000000002563b40, 0x0000000002563bb8]
Event: 1.555 Thread 0x0000000014996800  744       4       java.util.ArrayList$Itr::<init> (6 bytes)
Event: 1.556 Thread 0x0000000014996800 nmethod 744 0x0000000002557610 code [0x0000000002557740, 0x00000000025577d8]
Event: 1.560 Thread 0x0000000014996800  746       4       com.android.dx.ssa.SsaBasicBlock::forEachInsn (37 bytes)

GC Heap History (0 events):
No events

Deoptimization events (8 events):
Event: 0.581 Thread 0x0000000002170800 Uncommon trap: reason=unstable_if action=reinterpret pc=0x00000000023c35dc method=java.util.regex.Pattern$BnM.match(Ljava/util/regex/Matcher;ILjava/lang/CharSequence;)Z @ 34
Event: 0.834 Thread 0x0000000002170800 Uncommon trap: reason=unstable_if action=reinterpret pc=0x00000000023b7b94 method=java.lang.String.compareTo(Ljava/lang/String;)I @ 38
Event: 1.507 Thread 0x0000000016560800 Uncommon trap: reason=unstable_if action=reinterpret pc=0x00000000024dd2a0 method=java.util.HashMap.getNode(ILjava/lang/Object;)Ljava/util/HashMap$Node; @ 129
Event: 1.514 Thread 0x0000000016560800 Uncommon trap: reason=unstable_if action=reinterpret pc=0x00000000024de530 method=java.util.BitSet.nextSetBit(I)I @ 87
Event: 1.526 Thread 0x000000001655f800 Uncommon trap: reason=class_check action=maybe_recompile pc=0x0000000002525db0 method=com.android.dx.ssa.NormalSsaInsn.accept(Lcom/android/dx/ssa/SsaInsn$Visitor;)V @ 9
Event: 1.547 Thread 0x0000000016560800 Uncommon trap: reason=class_check action=maybe_recompile pc=0x0000000002525db0 method=com.android.dx.ssa.NormalSsaInsn.accept(Lcom/android/dx/ssa/SsaInsn$Visitor;)V @ 9
Event: 1.548 Thread 0x0000000016560800 Uncommon trap: reason=class_check action=maybe_recompile pc=0x0000000002525db0 method=com.android.dx.ssa.NormalSsaInsn.accept(Lcom/android/dx/ssa/SsaInsn$Visitor;)V @ 9
Event: 1.548 Thread 0x0000000016560800 Uncommon trap: reason=class_check action=maybe_recompile pc=0x0000000002525db0 method=com.android.dx.ssa.NormalSsaInsn.accept(Lcom/android/dx/ssa/SsaInsn$Visitor;)V @ 9

Internal exceptions (2 events):
Event: 0.117 Thread 0x0000000002170800 Exception <a 'java/lang/NoSuchMethodError': Method sun.misc.Unsafe.defineClass(Ljava/lang/String;[BII)Ljava/lang/Class; name or signature does not match> (0x00000000eab0d378) thrown at [D:\re\puppet\workspace\8-2-build-windows-amd64-cygwin\jdk8u73\6086\hotC÷ÅFÿ½?
Event: 0.117 Thread 0x0000000002170800 Exception <a 'java/lang/NoSuchMethodError': Method sun.misc.Unsafe.prefetchRead(Ljava/lang/Object;J)V name or signature does not match> (0x00000000eab0d660) thrown at [D:\re\puppet\workspace\8-2-build-windows-amd64-cygwin\jdk8u73\6086\hotspot\src\share\vm\

Events (10 events):
Event: 1.547 Thread 0x0000000016560800 DEOPT PACKING pc=0x0000000002525db0 sp=0x0000000016c7ef50
Event: 1.547 Thread 0x0000000016560800 DEOPT UNPACKING pc=0x00000000022b582a sp=0x0000000016c7eee0 mode 2
Event: 1.548 Thread 0x0000000016560800 Uncommon trap: trap_request=0xffffffde fr.pc=0x0000000002525db0
Event: 1.548 Thread 0x0000000016560800 DEOPT PACKING pc=0x0000000002525db0 sp=0x0000000016c7eca0
Event: 1.548 Thread 0x0000000016560800 DEOPT UNPACKING pc=0x00000000022b582a sp=0x0000000016c7ec30 mode 2
Event: 1.548 Thread 0x0000000016560800 Uncommon trap: trap_request=0xffffffde fr.pc=0x0000000002525db0
Event: 1.548 Thread 0x0000000016560800 DEOPT PACKING pc=0x0000000002525db0 sp=0x0000000016c7eb90
Event: 1.548 Thread 0x0000000016560800 DEOPT UNPACKING pc=0x00000000022b582a sp=0x0000000016c7eb20 mode 2
Event: 1.555 loading class java/util/ArrayList$1
Event: 1.555 loading class java/util/ArrayList$1 done


Dynamic libraries:
0x00007ff653420000 - 0x00007ff653457000 	C:\Program Files\Java\jdk1.8.0_73\bin\java.exe
0x00007fffe7820000 - 0x00007fffe79cd000 	C:\Windows\SYSTEM32\ntdll.dll
0x00007fffe7540000 - 0x00007fffe767e000 	C:\Windows\system32\KERNEL32.DLL
0x00007fffe4b80000 - 0x00007fffe4c95000 	C:\Windows\system32\KERNELBASE.dll
0x00007fffe3510000 - 0x00007fffe359e000 	C:\Windows\system32\apphelp.dll
0x00007fffdbb50000 - 0x00007fffdbba3000 	C:\Windows\AppPatch\AppPatch64\AcGenral.DLL
0x00007fffe5390000 - 0x00007fffe543a000 	C:\Windows\system32\msvcrt.dll
0x00007fffe4ca0000 - 0x00007fffe4cce000 	C:\Windows\system32\SspiCli.dll
0x00007fffe5130000 - 0x00007fffe5184000 	C:\Windows\system32\SHLWAPI.dll
0x00007fffe5190000 - 0x00007fffe5307000 	C:\Windows\system32\USER32.dll
0x00007fffe7680000 - 0x00007fffe7814000 	C:\Windows\system32\ole32.dll
0x00007fffe5d80000 - 0x00007fffe72ac000 	C:\Windows\system32\SHELL32.dll
0x00007fffe3f10000 - 0x00007fffe3f31000 	C:\Windows\SYSTEM32\USERENV.dll
0x00007fffe4eb0000 - 0x00007fffe4f5a000 	C:\Windows\system32\ADVAPI32.dll
0x00007fffd8bb0000 - 0x00007fffd8bce000 	C:\Windows\SYSTEM32\MPR.dll
0x00007fffe57f0000 - 0x00007fffe5930000 	C:\Windows\system32\RPCRT4.dll
0x00007fffe5630000 - 0x00007fffe5689000 	C:\Windows\SYSTEM32\sechost.dll
0x00007fffe72c0000 - 0x00007fffe74d2000 	C:\Windows\SYSTEM32\combase.dll
0x00007fffe5c30000 - 0x00007fffe5d7b000 	C:\Windows\system32\GDI32.dll
0x00007fffe4950000 - 0x00007fffe4965000 	C:\Windows\SYSTEM32\profapi.dll
0x00007fffe2ff0000 - 0x00007fffe30a2000 	C:\Windows\SYSTEM32\SHCORE.dll
0x00007fffe50f0000 - 0x00007fffe5126000 	C:\Windows\system32\IMM32.DLL
0x00007fffe5690000 - 0x00007fffe57e1000 	C:\Windows\system32\MSCTF.dll
0x00007fffe2830000 - 0x00007fffe2aab000 	C:\Windows\WinSxS\amd64_microsoft.windows.common-controls_6595b64144ccf1df_6.0.9600.18006_none_623f33d3ecbe86e8\COMCTL32.dll
0x00000000572a0000 - 0x0000000057372000 	C:\Program Files\Java\jdk1.8.0_73\jre\bin\msvcr100.dll
0x0000000057800000 - 0x0000000058090000 	C:\Program Files\Java\jdk1.8.0_73\jre\bin\server\jvm.dll
0x00007fffcfe00000 - 0x00007fffcfe09000 	C:\Windows\SYSTEM32\WSOCK32.dll
0x00007fffdfbc0000 - 0x00007fffdfbe2000 	C:\Windows\SYSTEM32\WINMM.dll
0x00007fffdfc30000 - 0x00007fffdfc3a000 	C:\Windows\SYSTEM32\VERSION.dll
0x00007fffe5380000 - 0x00007fffe5387000 	C:\Windows\system32\PSAPI.DLL
0x00007fffe74e0000 - 0x00007fffe753a000 	C:\Windows\system32\WS2_32.dll
0x00007fffdfb90000 - 0x00007fffdfbba000 	C:\Windows\SYSTEM32\WINMMBASE.dll
0x00007fffe72b0000 - 0x00007fffe72b9000 	C:\Windows\system32\NSI.dll
0x00007fffe4b30000 - 0x00007fffe4b7f000 	C:\Windows\SYSTEM32\cfgmgr32.dll
0x00007fffe3790000 - 0x00007fffe37b8000 	C:\Windows\SYSTEM32\DEVOBJ.dll
0x0000000057710000 - 0x000000005771f000 	C:\Program Files\Java\jdk1.8.0_73\jre\bin\verify.dll
0x00000000576e0000 - 0x0000000057709000 	C:\Program Files\Java\jdk1.8.0_73\jre\bin\java.dll
0x00000000576c0000 - 0x00000000576d6000 	C:\Program Files\Java\jdk1.8.0_73\jre\bin\zip.dll

VM Arguments:
jvm_args: -Djava.awt.headless=true -Xmx1024M -Dfile.encoding=windows-1252 -Duser.country=US -Duser.language=en -Duser.variant 
java_command: com.android.dx.command.Main --dex --num-threads=4 --output C:\android_work\asad_bhai\UnitConvertorProject\UnitConvertor\app\build\intermediates\pre-dexed\release\com.android.support-design-25.0.1_8a578a203252bd5081482fad2c019213816085c5.jar C:\android_work\asad_bhai\UnitConvertorProject\UnitConvertor\app\build\intermediates\exploded-aar\com.android.support\design\25.0.1\jars\classes.jar
java_class_path (initial): C:\Android\Sdk\build-tools\25.0.0\lib\dx.jar
Launcher Type: SUN_STANDARD

Environment Variables:
PATH=C:\ProgramData\Oracle\Java\javapath;C:\Windows\system32;C:\Windows;C:\Windows\System32\Wbem;C:\Windows\System32\WindowsPowerShell\v1.0\;C:\Program Files\Git\cmd;C:\Program Files (x86)\Skype\Phone\;C:\instantclient_12_2;C:\Program Files (x86)\Ampps\php;C:\composer;C:\Users\rehan\AppData\Roaming\Composer\vendor\bin
USERNAME=rehan
OS=Windows_NT
PROCESSOR_IDENTIFIER=Intel64 Family 6 Model 58 Stepping 9, GenuineIntel



---------------  S Y S T E M  ---------------

OS: Windows 8.1 , 64 bit Build 9600 (6.3.9600.17415)

CPU:total 4 (2 cores per cpu, 2 threads per core) family 6 model 58 stepping 9, cmov, cx8, fxsr, mmx, sse, sse2, sse3, ssse3, sse4.1, sse4.2, popcnt, avx, aes, clmul, erms, ht, tsc, tscinvbit, tscinv

Memory: 4k page, physical 8281448k(1136924k free), swap 11427176k(5100k free)

vm_info: Java HotSpot(TM) 64-Bit Server VM (25.73-b02) for windows-amd64 JRE (1.8.0_73-b02), built on Jan 29 2016 17:38:49 by "java_re" with MS VC++ 10.0 (VS2010)

time: Sat Mar 10 06:27:09 2018
elapsed time: 1 seconds (0d 0h 0m 1s)

