#
# There is insufficient memory for the Java Runtime Environment to continue.
# Native memory allocation (malloc) failed to allocate 692976 bytes for Chunk::new
# Possible reasons:
#   The system is out of physical RAM or swap space
#   In 32 bit mode, the process size limit was hit
# Possible solutions:
#   Reduce memory load on the system
#   Increase physical memory or swap space
#   Check if swap backing store is full
#   Use 64 bit Java on a 64 bit OS
#   Decrease Java heap size (-Xmx/-Xms)
#   Decrease number of Java threads
#   Decrease Java thread stack sizes (-Xss)
#   Set larger code cache with -XX:ReservedCodeCacheSize=
# This output file may be truncated or incomplete.
#
#  Out of Memory Error (allocation.cpp:390), pid=7776, tid=7504
#
# JRE version: Java(TM) SE Runtime Environment (8.0_73-b02) (build 1.8.0_73-b02)
# Java VM: Java HotSpot(TM) 64-Bit Server VM (25.73-b02 mixed mode windows-amd64 compressed oops)
# Failed to write core dump. Minidumps are not enabled by default on client versions of Windows
#

---------------  T H R E A D  ---------------

Current thread (0x00000000148b9800):  JavaThread "C2 CompilerThread0" daemon [_thread_in_native, id=7504, stack(0x0000000015f00000,0x0000000016000000)]

Stack: [0x0000000015f00000,0x0000000016000000]
[error occurred during error reporting (printing stack bounds), id 0xc0000005]

Native frames: (J=compiled Java code, j=interpreted, Vv=VM code, C=native code)


Current CompileTask:
C2:   5012 1335       4       com.android.dx.ssa.SCCP::simulateStmt (481 bytes)


---------------  P R O C E S S  ---------------

Java Threads: ( => current thread )
  0x0000000016448800 JavaThread "pool-1-thread-4" [_thread_blocked, id=5324, stack(0x0000000016c00000,0x0000000016d00000)]
  0x0000000016448000 JavaThread "pool-1-thread-3" [_thread_blocked, id=1608, stack(0x0000000016b00000,0x0000000016c00000)]
  0x00000000164a3000 JavaThread "pool-1-thread-2" [_thread_blocked, id=6428, stack(0x0000000016a00000,0x0000000016b00000)]
  0x0000000016471000 JavaThread "pool-2-thread-1" [_thread_blocked, id=6820, stack(0x0000000016900000,0x0000000016a00000)]
  0x0000000016470800 JavaThread "pool-1-thread-1" [_thread_in_Java, id=8136, stack(0x0000000016800000,0x0000000016900000)]
  0x0000000016205000 JavaThread "Service Thread" daemon [_thread_blocked, id=3192, stack(0x0000000016600000,0x0000000016700000)]
  0x0000000014918800 JavaThread "C1 CompilerThread2" daemon [_thread_blocked, id=664, stack(0x0000000016100000,0x0000000016200000)]
  0x0000000014915800 JavaThread "C2 CompilerThread1" daemon [_thread_in_native, id=6824, stack(0x0000000016000000,0x0000000016100000)]
=>0x00000000148b9800 JavaThread "C2 CompilerThread0" daemon [_thread_in_native, id=7504, stack(0x0000000015f00000,0x0000000016000000)]
  0x00000000148b6800 JavaThread "Attach Listener" daemon [_thread_blocked, id=7992, stack(0x0000000015e00000,0x0000000015f00000)]
  0x00000000148b5800 JavaThread "Signal Dispatcher" daemon [_thread_blocked, id=7248, stack(0x0000000015d00000,0x0000000015e00000)]
  0x00000000021e6000 JavaThread "Finalizer" daemon [_thread_blocked, id=8116, stack(0x0000000015b20000,0x0000000015c20000)]
  0x00000000021dd000 JavaThread "Reference Handler" daemon [_thread_blocked, id=2780, stack(0x0000000015a20000,0x0000000015b20000)]
  0x00000000020f0800 JavaThread "main" [_thread_in_Java, id=8052, stack(0x0000000001ff0000,0x00000000020f0000)]

Other Threads:
  0x0000000014887800 VMThread [stack: 0x0000000015920000,0x0000000015a20000] [id=7392]
  0x0000000016219800 WatcherThread [stack: 0x0000000016700000,0x0000000016800000] [id=7552]

VM state:not at safepoint (normal execution)

VM Mutex/Monitor currently owned by a thread: None

Heap:
 PSYoungGen      total 38400K, used 31995K [0x00000000eab00000, 0x00000000ed580000, 0x0000000100000000)
  eden space 33280K, 80% used [0x00000000eab00000,0x00000000ec540bf8,0x00000000ecb80000)
  from space 5120K, 99% used [0x00000000ecb80000,0x00000000ed07e008,0x00000000ed080000)
  to   space 5120K, 0% used [0x00000000ed080000,0x00000000ed080000,0x00000000ed580000)
 ParOldGen       total 87552K, used 1158K [0x00000000c0000000, 0x00000000c5580000, 0x00000000eab00000)
  object space 87552K, 1% used [0x00000000c0000000,0x00000000c0121be0,0x00000000c5580000)
 Metaspace       used 6021K, capacity 7024K, committed 7296K, reserved 1056768K
  class space    used 589K, capacity 616K, committed 640K, reserved 1048576K

Card table byte_map: [0x00000000115b0000,0x00000000117c0000] byte_map_base: 0x0000000010fb0000

Marking Bits: (ParMarkBitMap*) 0x000000005cb70600
 Begin Bits: [0x0000000011d20000, 0x0000000012d20000)
 End Bits:   [0x0000000012d20000, 0x0000000013d20000)

Polling page: 0x00000000005e0000

CodeCache: size=245760Kb used=5803Kb max_used=5803Kb free=239956Kb
 bounds [0x00000000021f0000, 0x00000000027a0000, 0x00000000111f0000]
 total_blobs=1673 nmethods=1409 adapters=176
 compilation: disabled (not enough contiguous free space left)

Compilation events (10 events):
Event: 4.832 Thread 0x0000000014918800 1381       3       com.android.dx.dex.file.CodeItem::<init> (81 bytes)
Event: 4.832 Thread 0x0000000014918800 nmethod 1381 0x0000000002776590 code [0x0000000002776740, 0x0000000002776c38]
Event: 4.832 Thread 0x0000000014918800 1382       3       com.android.dx.dex.cf.AttributeTranslator::getParameterAnnotations (69 bytes)
Event: 4.833 Thread 0x0000000014918800 nmethod 1382 0x00000000027757d0 code [0x00000000027759c0, 0x00000000027762b8]
Event: 4.837 Thread 0x0000000014918800 1383       3       com.android.dx.rop.code.Rops::pickIf (154 bytes)
Event: 4.838 Thread 0x0000000014918800 nmethod 1383 0x0000000002773bd0 code [0x0000000002773e60, 0x0000000002774fd8]
Event: 4.844 Thread 0x0000000014918800 1384       3       com.android.dx.cf.code.OneLocalsArray::merge (22 bytes)
Event: 4.845 Thread 0x0000000014918800 nmethod 1384 0x0000000002776e10 code [0x0000000002776fe0, 0x0000000002777718]
Event: 4.845 Thread 0x0000000014918800 1385       3       com.android.dx.util.IntList::equals (82 bytes)
Event: 4.845 Thread 0x0000000014918800 nmethod 1385 0x0000000002777950 code [0x0000000002777ae0, 0x0000000002778090]

GC Heap History (2 events):
Event: 4.416 GC heap before
{Heap before GC invocations=1 (full 0):
 PSYoungGen      total 38400K, used 33280K [0x00000000eab00000, 0x00000000ed580000, 0x0000000100000000)
  eden space 33280K, 100% used [0x00000000eab00000,0x00000000ecb80000,0x00000000ecb80000)
  from space 5120K, 0% used [0x00000000ed080000,0x00000000ed080000,0x00000000ed580000)
  to   space 5120K, 0% used [0x00000000ecb80000,0x00000000ecb80000,0x00000000ed080000)
 ParOldGen       total 87552K, used 0K [0x00000000c0000000, 0x00000000c5580000, 0x00000000eab00000)
  object space 87552K, 0% used [0x00000000c0000000,0x00000000c0000000,0x00000000c5580000)
 Metaspace       used 5902K, capacity 6960K, committed 7040K, reserved 1056768K
  class space    used 585K, capacity 616K, committed 640K, reserved 1048576K
Event: 4.671 GC heap after
Heap after GC invocations=1 (full 0):
 PSYoungGen      total 38400K, used 5112K [0x00000000eab00000, 0x00000000ed580000, 0x0000000100000000)
  eden space 33280K, 0% used [0x00000000eab00000,0x00000000eab00000,0x00000000ecb80000)
  from space 5120K, 99% used [0x00000000ecb80000,0x00000000ed07e008,0x00000000ed080000)
  to   space 5120K, 0% used [0x00000000ed080000,0x00000000ed080000,0x00000000ed580000)
 ParOldGen       total 87552K, used 1158K [0x00000000c0000000, 0x00000000c5580000, 0x00000000eab00000)
  object space 87552K, 1% used [0x00000000c0000000,0x00000000c0121be0,0x00000000c5580000)
 Metaspace       used 5902K, capacity 6960K, committed 7040K, reserved 1056768K
  class space    used 585K, capacity 616K, committed 640K, reserved 1048576K
}

Deoptimization events (10 events):
Event: 3.659 Thread 0x0000000016448000 Uncommon trap: reason=unstable_if action=reinterpret pc=0x00000000025d1784 method=com.android.dx.rop.code.LocalItem.hashCode()I @ 25
Event: 3.659 Thread 0x0000000016448000 Uncommon trap: reason=unstable_if action=reinterpret pc=0x0000000002550c54 method=com.android.dx.rop.code.LocalItem.hashCode()I @ 25
Event: 3.667 Thread 0x0000000016448000 Uncommon trap: reason=unstable_if action=reinterpret pc=0x000000000255d9e8 method=com.android.dx.rop.code.LocalItem.hashCode()I @ 25
Event: 3.776 Thread 0x00000000020f0800 Uncommon trap: reason=unstable_if action=reinterpret pc=0x00000000025d98d0 method=com.android.dx.ssa.SsaRenamer$BlockRenamer.addMapping(ILcom/android/dx/rop/code/RegisterSpec;)V @ 120
Event: 3.840 Thread 0x00000000164a3000 Uncommon trap: reason=class_check action=maybe_recompile pc=0x0000000002578630 method=com.android.dx.rop.type.Type.equals(Ljava/lang/Object;)Z @ 8
Event: 3.869 Thread 0x0000000016470800 Uncommon trap: reason=unstable_if action=reinterpret pc=0x00000000026205dc method=com.android.dx.ssa.SsaMethod.updateOneDefinition(Lcom/android/dx/ssa/SsaInsn;Lcom/android/dx/rop/code/RegisterSpec;)V @ 4
Event: 4.275 Thread 0x0000000016448000 Uncommon trap: reason=class_check action=maybe_recompile pc=0x0000000002578630 method=com.android.dx.rop.type.Type.equals(Ljava/lang/Object;)Z @ 8
Event: 4.275 Thread 0x0000000016448000 Uncommon trap: reason=class_check action=maybe_recompile pc=0x0000000002578630 method=com.android.dx.rop.type.Type.equals(Ljava/lang/Object;)Z @ 8
Event: 4.278 Thread 0x0000000016448000 Uncommon trap: reason=unstable_if action=reinterpret pc=0x0000000002567a9c method=com.android.dx.rop.cst.Constant.compareTo(Lcom/android/dx/rop/cst/Constant;)I @ 12
Event: 4.760 Thread 0x00000000164a3000 Uncommon trap: reason=class_check action=maybe_recompile pc=0x0000000002578630 method=com.android.dx.rop.type.Type.equals(Ljava/lang/Object;)Z @ 8

Internal exceptions (2 events):
Event: 0.308 Thread 0x00000000020f0800 Exception <a 'java/lang/NoSuchMethodError': Method sun.misc.Unsafe.defineClass(Ljava/lang/String;[BII)Ljava/lang/Class; name or signature does not match> (0x00000000eab0d458) thrown at [D:\re\puppet\workspace\8-2-build-windows-amd64-cygwin\jdk8u73\6086\hot1c£>¾Ó?
Event: 0.308 Thread 0x00000000020f0800 Exception <a 'java/lang/NoSuchMethodError': Method sun.misc.Unsafe.prefetchRead(Ljava/lang/Object;J)V name or signature does not match> (0x00000000eab0d740) thrown at [D:\re\puppet\workspace\8-2-build-windows-amd64-cygwin\jdk8u73\6086\hotspot\src\share\vm\

Events (10 events):
Event: 4.671 Executing VM operation: ParallelGCFailedAllocation done
Event: 4.679 loading class java/util/TreeMap$EntrySet
Event: 4.679 loading class java/util/TreeMap$EntrySet done
Event: 4.679 loading class java/util/TreeMap$EntryIterator
Event: 4.679 loading class java/util/TreeMap$EntryIterator done
Event: 4.679 Executing VM operation: Deoptimize
Event: 4.679 Executing VM operation: Deoptimize done
Event: 4.760 Thread 0x00000000164a3000 Uncommon trap: trap_request=0xffffffde fr.pc=0x0000000002578630
Event: 4.760 Thread 0x00000000164a3000 DEOPT PACKING pc=0x0000000002578630 sp=0x0000000016afe600
Event: 4.760 Thread 0x00000000164a3000 DEOPT UNPACKING pc=0x000000000223582a sp=0x0000000016afe598 mode 2


Dynamic libraries:
0x00007ff678d70000 - 0x00007ff678da7000 	C:\Program Files\Java\jdk1.8.0_73\bin\java.exe
0x00007ffe8b2a0000 - 0x00007ffe8b44d000 	C:\Windows\SYSTEM32\ntdll.dll
0x00007ffe8a5f0000 - 0x00007ffe8a72e000 	C:\Windows\system32\KERNEL32.DLL
0x00007ffe885e0000 - 0x00007ffe886f5000 	C:\Windows\system32\KERNELBASE.dll
0x00007ffe86f90000 - 0x00007ffe8701e000 	C:\Windows\system32\apphelp.dll
0x00007ffe7cd40000 - 0x00007ffe7cd93000 	C:\Windows\AppPatch\AppPatch64\AcGenral.DLL
0x00007ffe89010000 - 0x00007ffe890ba000 	C:\Windows\system32\msvcrt.dll
0x00007ffe88550000 - 0x00007ffe8857e000 	C:\Windows\system32\SspiCli.dll
0x00007ffe8ad70000 - 0x00007ffe8adc4000 	C:\Windows\system32\SHLWAPI.dll
0x00007ffe8ab90000 - 0x00007ffe8ad07000 	C:\Windows\system32\USER32.dll
0x00007ffe8b0a0000 - 0x00007ffe8b234000 	C:\Windows\system32\ole32.dll
0x00007ffe890c0000 - 0x00007ffe8a5e9000 	C:\Windows\system32\SHELL32.dll
0x00007ffe87990000 - 0x00007ffe879b1000 	C:\Windows\SYSTEM32\USERENV.dll
0x00007ffe88ba0000 - 0x00007ffe88c4a000 	C:\Windows\system32\ADVAPI32.dll
0x00007ffe80200000 - 0x00007ffe8021e000 	C:\Windows\SYSTEM32\MPR.dll
0x00007ffe8aee0000 - 0x00007ffe8b020000 	C:\Windows\system32\RPCRT4.dll
0x00007ffe8b240000 - 0x00007ffe8b299000 	C:\Windows\SYSTEM32\sechost.dll
0x00007ffe8a730000 - 0x00007ffe8a942000 	C:\Windows\SYSTEM32\combase.dll
0x00007ffe88ec0000 - 0x00007ffe8900b000 	C:\Windows\system32\GDI32.dll
0x00007ffe883d0000 - 0x00007ffe883e5000 	C:\Windows\SYSTEM32\profapi.dll
0x00007ffe86960000 - 0x00007ffe86a12000 	C:\Windows\SYSTEM32\SHCORE.dll
0x00007ffe8ae90000 - 0x00007ffe8aec6000 	C:\Windows\system32\IMM32.DLL
0x00007ffe8a960000 - 0x00007ffe8aab1000 	C:\Windows\system32\MSCTF.dll
0x00007ffe85e20000 - 0x00007ffe8609b000 	C:\Windows\WinSxS\amd64_microsoft.windows.common-controls_6595b64144ccf1df_6.0.9600.18006_none_623f33d3ecbe86e8\COMCTL32.dll
0x000000005bdd0000 - 0x000000005bea2000 	C:\Program Files\Java\jdk1.8.0_73\jre\bin\msvcr100.dll
0x000000005c360000 - 0x000000005cbf0000 	C:\Program Files\Java\jdk1.8.0_73\jre\bin\server\jvm.dll
0x00007ffe7fa60000 - 0x00007ffe7fa69000 	C:\Windows\SYSTEM32\WSOCK32.dll
0x00007ffe836a0000 - 0x00007ffe836c2000 	C:\Windows\SYSTEM32\WINMM.dll
0x00007ffe83620000 - 0x00007ffe8362a000 	C:\Windows\SYSTEM32\VERSION.dll
0x00007ffe8aed0000 - 0x00007ffe8aed7000 	C:\Windows\system32\PSAPI.DLL
0x00007ffe88b20000 - 0x00007ffe88b7a000 	C:\Windows\system32\WS2_32.dll
0x00007ffe83630000 - 0x00007ffe8365a000 	C:\Windows\SYSTEM32\WINMMBASE.dll
0x00007ffe8a950000 - 0x00007ffe8a959000 	C:\Windows\system32\NSI.dll
0x00007ffe888e0000 - 0x00007ffe8892f000 	C:\Windows\SYSTEM32\cfgmgr32.dll
0x00007ffe87210000 - 0x00007ffe87238000 	C:\Windows\SYSTEM32\DEVOBJ.dll
0x000000005c270000 - 0x000000005c27f000 	C:\Program Files\Java\jdk1.8.0_73\jre\bin\verify.dll
0x000000005c240000 - 0x000000005c269000 	C:\Program Files\Java\jdk1.8.0_73\jre\bin\java.dll
0x000000005c220000 - 0x000000005c236000 	C:\Program Files\Java\jdk1.8.0_73\jre\bin\zip.dll

VM Arguments:
jvm_args: -Djava.awt.headless=true -Xmx1024M -Dfile.encoding=windows-1252 -Duser.country=US -Duser.language=en -Duser.variant 
java_command: com.android.dx.command.Main --dex --num-threads=4 --output C:\android_work\asad_bhai\UnitConvertorProject\UnitConvertor\app\build\intermediates\pre-dexed\debug\com.android.support-design-25.0.1_8a578a203252bd5081482fad2c019213816085c5.jar C:\android_work\asad_bhai\UnitConvertorProject\UnitConvertor\app\build\intermediates\exploded-aar\com.android.support\design\25.0.1\jars\classes.jar
java_class_path (initial): C:\Android\Sdk\build-tools\25.0.0\lib\dx.jar
Launcher Type: SUN_STANDARD

Environment Variables:
PATH=C:\oraclexe\app\oracle\product\10.2.0\server\bin;C:\ProgramData\Oracle\Java\javapath;C:\Windows\system32;C:\Windows;C:\Windows\System32\Wbem;C:\Windows\System32\WindowsPowerShell\v1.0\;C:\Program Files\Git\cmd;C:\Program Files (x86)\Skype\Phone\;C:\instantclient_12_2;C:\Program Files (x86)\Ampps\php;C:\composer;C:\Users\rehan\AppData\Roaming\Composer\vendor\bin
USERNAME=rehan
OS=Windows_NT
PROCESSOR_IDENTIFIER=Intel64 Family 6 Model 58 Stepping 9, GenuineIntel



---------------  S Y S T E M  ---------------

OS: Windows 8.1 , 64 bit Build 9600 (6.3.9600.17415)

CPU:total 4 (2 cores per cpu, 2 threads per core) family 6 model 58 stepping 9, cmov, cx8, fxsr, mmx, sse, sse2, sse3, ssse3, sse4.1, sse4.2, popcnt, avx, aes, clmul, erms, ht, tsc, tscinvbit, tscinv

Memory: 4k page, physical 8281448k(1860604k free), swap 11427176k(5016k free)

vm_info: Java HotSpot(TM) 64-Bit Server VM (25.73-b02) for windows-amd64 JRE (1.8.0_73-b02), built on Jan 29 2016 17:38:49 by "java_re" with MS VC++ 10.0 (VS2010)

time: Mon Dec 04 04:38:16 2017
elapsed time: 5 seconds (0d 0h 0m 5s)

