#
# There is insufficient memory for the Java Runtime Environment to continue.
# Native memory allocation (malloc) failed to allocate 32744 bytes for ChunkPool::allocate
# Possible reasons:
#   The system is out of physical RAM or swap space
#   In 32 bit mode, the process size limit was hit
# Possible solutions:
#   Reduce memory load on the system
#   Increase physical memory or swap space
#   Check if swap backing store is full
#   Use 64 bit Java on a 64 bit OS
#   Decrease Java heap size (-Xmx/-Xms)
#   Decrease number of Java threads
#   Decrease Java thread stack sizes (-Xss)
#   Set larger code cache with -XX:ReservedCodeCacheSize=
# This output file may be truncated or incomplete.
#
#  Out of Memory Error (allocation.cpp:273), pid=5328, tid=1348
#
# JRE version: Java(TM) SE Runtime Environment (8.0_73-b02) (build 1.8.0_73-b02)
# Java VM: Java HotSpot(TM) 64-Bit Server VM (25.73-b02 mixed mode windows-amd64 compressed oops)
# Failed to write core dump. Minidumps are not enabled by default on client versions of Windows
#

---------------  T H R E A D  ---------------

Current thread (0x0000000015149000):  JavaThread "C1 CompilerThread2" daemon [_thread_in_native, id=1348, stack(0x0000000016850000,0x0000000016950000)]

Stack: [0x0000000016850000,0x0000000016950000]
[error occurred during error reporting (printing stack bounds), id 0xc0000005]

Native frames: (J=compiled Java code, j=interpreted, Vv=VM code, C=native code)


Current CompileTask:
C1:   1157  607   !   3       com.android.dx.cf.code.BytecodeArray::parseInstruction (2764 bytes)


---------------  P R O C E S S  ---------------

Java Threads: ( => current thread )
  0x0000000016afe000 JavaThread "pool-1-thread-4" [_thread_in_Java, id=4656, stack(0x0000000017350000,0x0000000017450000)]
  0x0000000016afc800 JavaThread "pool-1-thread-3" [_thread_in_Java, id=6532, stack(0x0000000017250000,0x0000000017350000)]
  0x0000000016afb000 JavaThread "pool-1-thread-2" [_thread_in_Java, id=7360, stack(0x0000000017150000,0x0000000017250000)]
  0x0000000016af8000 JavaThread "pool-2-thread-1" [_thread_blocked, id=7172, stack(0x0000000017050000,0x0000000017150000)]
  0x0000000016b52800 JavaThread "pool-1-thread-1" [_thread_in_vm, id=2260, stack(0x0000000016f50000,0x0000000017050000)]
  0x0000000016955800 JavaThread "Service Thread" daemon [_thread_blocked, id=592, stack(0x0000000016d50000,0x0000000016e50000)]
=>0x0000000015149000 JavaThread "C1 CompilerThread2" daemon [_thread_in_native, id=1348, stack(0x0000000016850000,0x0000000016950000)]
  0x0000000015146800 JavaThread "C2 CompilerThread1" daemon [_thread_blocked, id=6148, stack(0x0000000016750000,0x0000000016850000)]
  0x00000000150ec000 JavaThread "C2 CompilerThread0" daemon [_thread_blocked, id=7036, stack(0x0000000016650000,0x0000000016750000)]
  0x00000000150e9000 JavaThread "Attach Listener" daemon [_thread_blocked, id=6464, stack(0x0000000016550000,0x0000000016650000)]
  0x00000000150e8000 JavaThread "Signal Dispatcher" daemon [_thread_blocked, id=1188, stack(0x0000000016450000,0x0000000016550000)]
  0x0000000002a16000 JavaThread "Finalizer" daemon [_thread_blocked, id=8068, stack(0x0000000016350000,0x0000000016450000)]
  0x0000000002a0d000 JavaThread "Reference Handler" daemon [_thread_blocked, id=7580, stack(0x0000000016250000,0x0000000016350000)]
  0x0000000002920800 JavaThread "main" [_thread_in_Java, id=7096, stack(0x0000000002820000,0x0000000002920000)]

Other Threads:
  0x00000000150b7800 VMThread [stack: 0x0000000016150000,0x0000000016250000] [id=4828]
  0x000000001695b800 WatcherThread [stack: 0x0000000016e50000,0x0000000016f50000] [id=1112]

VM state:not at safepoint (normal execution)

VM Mutex/Monitor currently owned by a thread: None

Heap:
 PSYoungGen      total 38400K, used 15364K [0x00000000eab00000, 0x00000000ed580000, 0x0000000100000000)
  eden space 33280K, 46% used [0x00000000eab00000,0x00000000eba01220,0x00000000ecb80000)
  from space 5120K, 0% used [0x00000000ed080000,0x00000000ed080000,0x00000000ed580000)
  to   space 5120K, 0% used [0x00000000ecb80000,0x00000000ecb80000,0x00000000ed080000)
 ParOldGen       total 87552K, used 0K [0x00000000c0000000, 0x00000000c5580000, 0x00000000eab00000)
  object space 87552K, 0% used [0x00000000c0000000,0x00000000c0000000,0x00000000c5580000)
 Metaspace       used 5421K, capacity 6512K, committed 6784K, reserved 1056768K
  class space    used 581K, capacity 616K, committed 640K, reserved 1048576K

Card table byte_map: [0x0000000011de0000,0x0000000011ff0000] byte_map_base: 0x00000000117e0000

Marking Bits: (ParMarkBitMap*) 0x0000000057fd0600
 Begin Bits: [0x0000000012550000, 0x0000000013550000)
 End Bits:   [0x0000000013550000, 0x0000000014550000)

Polling page: 0x0000000000f10000

CodeCache: size=245760Kb used=2244Kb max_used=2255Kb free=243515Kb
 bounds [0x0000000002a20000, 0x0000000002c90000, 0x0000000011a20000]
 total_blobs=868 nmethods=605 adapters=176
 compilation: enabled

Compilation events (10 events):
Event: 1.146 Thread 0x0000000015149000  603       3       com.android.dx.rop.code.BasicBlockList::getRegCount (34 bytes)
Event: 1.146 Thread 0x00000000150ec000  606   !   4       com.android.dx.util.FixedSizeList::set0 (22 bytes)
Event: 1.146 Thread 0x0000000015149000 nmethod 603 0x0000000002c4f350 code [0x0000000002c4f4c0, 0x0000000002c4f868]
Event: 1.146 Thread 0x0000000015149000  607   !   3       com.android.dx.cf.code.BytecodeArray::parseInstruction (2764 bytes)
Event: 1.147 Thread 0x00000000150ec000 nmethod 606 0x0000000002c54c10 code [0x0000000002c54d60, 0x0000000002c54e78]
Event: 1.147 Thread 0x0000000015146800 nmethod 579 0x0000000002c53850 code [0x0000000002c53ae0, 0x0000000002c543d0]
Event: 1.149 Thread 0x00000000150ec000  616       4       java.util.BitSet::set (58 bytes)
Event: 1.150 Thread 0x0000000015146800  619       4       java.util.ArrayList::iterator (10 bytes)
Event: 1.150 Thread 0x00000000150ec000 nmethod 616 0x0000000002c4ef90 code [0x0000000002c4f0e0, 0x0000000002c4f1f8]
Event: 1.151 Thread 0x0000000015146800 nmethod 619 0x0000000002c51d10 code [0x0000000002c51e60, 0x0000000002c51f68]

GC Heap History (0 events):
No events

Deoptimization events (0 events):
No events

Internal exceptions (2 events):
Event: 0.277 Thread 0x0000000002920800 Exception <a 'java/lang/NoSuchMethodError': Method sun.misc.Unsafe.defineClass(Ljava/lang/String;[BII)Ljava/lang/Class; name or signature does not match> (0x00000000eab0d348) thrown at [D:\re\puppet\workspace\8-2-build-windows-amd64-cygwin\jdk8u73\6086\hotÃøUý¾Ñ?
Event: 0.277 Thread 0x0000000002920800 Exception <a 'java/lang/NoSuchMethodError': Method sun.misc.Unsafe.prefetchRead(Ljava/lang/Object;J)V name or signature does not match> (0x00000000eab0d630) thrown at [D:\re\puppet\workspace\8-2-build-windows-amd64-cygwin\jdk8u73\6086\hotspot\src\share\vm\

Events (10 events):
Event: 1.076 loading class com/android/dx/dex/file/DebugInfoItem
Event: 1.076 loading class com/android/dx/dex/file/DebugInfoItem done
Event: 1.118 loading class com/android/dx/cf/attrib/RawAttribute
Event: 1.118 loading class com/android/dx/cf/attrib/RawAttribute done
Event: 1.126 loading class com/android/dx/ssa/PhiInsn$Operand
Event: 1.126 loading class com/android/dx/ssa/PhiInsn$Operand done
Event: 1.130 loading class com/android/dx/ssa/back/FirstFitLocalCombiningAllocator$Multiset
Event: 1.130 loading class com/android/dx/ssa/back/FirstFitLocalCombiningAllocator$Multiset done
Event: 1.152 loading class java/util/DualPivotQuicksort
Event: 1.152 loading class java/util/DualPivotQuicksort done


Dynamic libraries:
0x00007ff690f80000 - 0x00007ff690fb7000 	C:\Program Files\Java\jdk1.8.0_73\bin\java.exe
0x00007ffa93f70000 - 0x00007ffa9411d000 	C:\Windows\SYSTEM32\ntdll.dll
0x00007ffa91a20000 - 0x00007ffa91b5e000 	C:\Windows\system32\KERNEL32.DLL
0x00007ffa91220000 - 0x00007ffa91335000 	C:\Windows\system32\KERNELBASE.dll
0x00007ffa8fc60000 - 0x00007ffa8fcee000 	C:\Windows\system32\apphelp.dll
0x00007ffa93c20000 - 0x00007ffa93cca000 	C:\Windows\system32\ADVAPI32.dll
0x00007ffa91e30000 - 0x00007ffa91fa7000 	C:\Windows\system32\USER32.dll
0x00007ffa8ef90000 - 0x00007ffa8f20b000 	C:\Windows\WinSxS\amd64_microsoft.windows.common-controls_6595b64144ccf1df_6.0.9600.18006_none_623f33d3ecbe86e8\COMCTL32.dll
0x00007ffa91b60000 - 0x00007ffa91c0a000 	C:\Windows\system32\msvcrt.dll
0x00007ffa918f0000 - 0x00007ffa91949000 	C:\Windows\SYSTEM32\sechost.dll
0x00007ffa917b0000 - 0x00007ffa918f0000 	C:\Windows\system32\RPCRT4.dll
0x00007ffa93ad0000 - 0x00007ffa93c1b000 	C:\Windows\system32\GDI32.dll
0x00007ffa915d0000 - 0x00007ffa915fe000 	C:\Windows\system32\SspiCli.dll
0x00007ffa93970000 - 0x00007ffa939a6000 	C:\Windows\system32\IMM32.DLL
0x00007ffa92080000 - 0x00007ffa921d1000 	C:\Windows\system32\MSCTF.dll
0x0000000057420000 - 0x00000000574f2000 	C:\Program Files\Java\jdk1.8.0_73\jre\bin\msvcr100.dll
0x00000000577c0000 - 0x0000000058050000 	C:\Program Files\Java\jdk1.8.0_73\jre\bin\server\jvm.dll
0x00007ffa8d260000 - 0x00007ffa8d269000 	C:\Windows\SYSTEM32\WSOCK32.dll
0x00007ffa8c330000 - 0x00007ffa8c352000 	C:\Windows\SYSTEM32\WINMM.dll
0x00007ffa8c390000 - 0x00007ffa8c39a000 	C:\Windows\SYSTEM32\VERSION.dll
0x00007ffa923d0000 - 0x00007ffa923d7000 	C:\Windows\system32\PSAPI.DLL
0x00007ffa919c0000 - 0x00007ffa91a1a000 	C:\Windows\system32\WS2_32.dll
0x00007ffa8c2e0000 - 0x00007ffa8c30a000 	C:\Windows\SYSTEM32\WINMMBASE.dll
0x00007ffa91600000 - 0x00007ffa91609000 	C:\Windows\system32\NSI.dll
0x00007ffa91580000 - 0x00007ffa915cf000 	C:\Windows\SYSTEM32\cfgmgr32.dll
0x00007ffa8feb0000 - 0x00007ffa8fed8000 	C:\Windows\SYSTEM32\DEVOBJ.dll
0x0000000058230000 - 0x000000005823f000 	C:\Program Files\Java\jdk1.8.0_73\jre\bin\verify.dll
0x0000000057790000 - 0x00000000577b9000 	C:\Program Files\Java\jdk1.8.0_73\jre\bin\java.dll
0x0000000058190000 - 0x00000000581a6000 	C:\Program Files\Java\jdk1.8.0_73\jre\bin\zip.dll
0x00007ffa92440000 - 0x00007ffa93969000 	C:\Windows\system32\SHELL32.dll
0x00007ffa91c10000 - 0x00007ffa91e22000 	C:\Windows\SYSTEM32\combase.dll
0x00007ffa939b0000 - 0x00007ffa93a04000 	C:\Windows\system32\SHLWAPI.dll
0x00007ffa8f740000 - 0x00007ffa8f7f2000 	C:\Windows\SYSTEM32\SHCORE.dll
0x00007ffa910a0000 - 0x00007ffa910b5000 	C:\Windows\SYSTEM32\profapi.dll

VM Arguments:
jvm_args: -Djava.awt.headless=true -Xmx1024M -Dfile.encoding=windows-1252 -Duser.country=US -Duser.language=en -Duser.variant 
java_command: com.android.dx.command.Main --dex --num-threads=4 --output C:\android_work\asad_bhai\UnitConvertorProject\UnitConvertor\app\build\intermediates\pre-dexed\debug\internal_impl-25.0.1_73c321d53a6fca0131f4a711ad38b1cbae5039df.jar C:\android_work\asad_bhai\UnitConvertorProject\UnitConvertor\app\build\intermediates\exploded-aar\com.android.support\support-media-compat\25.0.1\jars\libs\internal_impl-25.0.1.jar
java_class_path (initial): C:\Android\Sdk\build-tools\25.0.0\lib\dx.jar
Launcher Type: SUN_STANDARD

Environment Variables:
PATH=C:\oraclexe\app\oracle\product\10.2.0\server\bin;C:\ProgramData\Oracle\Java\javapath;C:\Windows\system32;C:\Windows;C:\Windows\System32\Wbem;C:\Windows\System32\WindowsPowerShell\v1.0\;C:\Program Files\Git\cmd;C:\Program Files (x86)\Skype\Phone\;C:\instantclient_12_2;C:\Program Files (x86)\Ampps\php;C:\composer;C:\Users\rehan\AppData\Roaming\Composer\vendor\bin
USERNAME=rehan
OS=Windows_NT
PROCESSOR_IDENTIFIER=Intel64 Family 6 Model 58 Stepping 9, GenuineIntel



---------------  S Y S T E M  ---------------

OS: Windows 8.1 , 64 bit Build 9600 (6.3.9600.17415)

CPU:total 4 (2 cores per cpu, 2 threads per core) family 6 model 58 stepping 9, cmov, cx8, fxsr, mmx, sse, sse2, sse3, ssse3, sse4.1, sse4.2, popcnt, avx, aes, clmul, erms, ht, tsc, tscinvbit, tscinv

Memory: 4k page, physical 8281448k(1234752k free), swap 11131200k(5116k free)

vm_info: Java HotSpot(TM) 64-Bit Server VM (25.73-b02) for windows-amd64 JRE (1.8.0_73-b02), built on Jan 29 2016 17:38:49 by "java_re" with MS VC++ 10.0 (VS2010)

time: Sat Dec 16 06:15:27 2017
elapsed time: 1 seconds (0d 0h 0m 1s)

