#
# There is insufficient memory for the Java Runtime Environment to continue.
# Native memory allocation (malloc) failed to allocate 96976 bytes for Chunk::new
# Possible reasons:
#   The system is out of physical RAM or swap space
#   In 32 bit mode, the process size limit was hit
# Possible solutions:
#   Reduce memory load on the system
#   Increase physical memory or swap space
#   Check if swap backing store is full
#   Use 64 bit Java on a 64 bit OS
#   Decrease Java heap size (-Xmx/-Xms)
#   Decrease number of Java threads
#   Decrease Java thread stack sizes (-Xss)
#   Set larger code cache with -XX:ReservedCodeCacheSize=
# This output file may be truncated or incomplete.
#
#  Out of Memory Error (allocation.cpp:390), pid=3956, tid=3176
#
# JRE version: Java(TM) SE Runtime Environment (8.0_73-b02) (build 1.8.0_73-b02)
# Java VM: Java HotSpot(TM) 64-Bit Server VM (25.73-b02 mixed mode windows-amd64 compressed oops)
# Failed to write core dump. Minidumps are not enabled by default on client versions of Windows
#

---------------  T H R E A D  ---------------

Current thread (0x00000000146f6800):  JavaThread "C2 CompilerThread1" daemon [_thread_in_native, id=3176, stack(0x0000000015dd0000,0x0000000015ed0000)]

Stack: [0x0000000015dd0000,0x0000000015ed0000]
[error occurred during error reporting (printing stack bounds), id 0xc0000005]

Native frames: (J=compiled Java code, j=interpreted, Vv=VM code, C=native code)


Current CompileTask:
C2:  14557 2269 %     4       com.android.dx.dex.code.PositionList::make @ 73 (224 bytes)


---------------  P R O C E S S  ---------------

Java Threads: ( => current thread )
  0x0000000015fd6000 JavaThread "Service Thread" daemon [_thread_blocked, id=7516, stack(0x00000000163d0000,0x00000000164d0000)]
  0x00000000146fd000 JavaThread "C1 CompilerThread2" daemon [_thread_blocked, id=7276, stack(0x0000000015ed0000,0x0000000015fd0000)]
=>0x00000000146f6800 JavaThread "C2 CompilerThread1" daemon [_thread_in_native, id=3176, stack(0x0000000015dd0000,0x0000000015ed0000)]
  0x000000001469c000 JavaThread "C2 CompilerThread0" daemon [_thread_in_native, id=7784, stack(0x0000000015cd0000,0x0000000015dd0000)]
  0x0000000014699800 JavaThread "Attach Listener" daemon [_thread_blocked, id=8104, stack(0x0000000015bd0000,0x0000000015cd0000)]
  0x0000000014698000 JavaThread "Signal Dispatcher" daemon [_thread_blocked, id=7580, stack(0x0000000015ad0000,0x0000000015bd0000)]
  0x0000000001f57000 JavaThread "Finalizer" daemon [_thread_blocked, id=6520, stack(0x00000000158f0000,0x00000000159f0000)]
  0x0000000001f4e800 JavaThread "Reference Handler" daemon [_thread_blocked, id=4660, stack(0x00000000157f0000,0x00000000158f0000)]
  0x0000000001e60800 JavaThread "main" [_thread_in_Java, id=8064, stack(0x0000000001d30000,0x0000000001e30000)]

Other Threads:
  0x0000000014666800 VMThread [stack: 0x00000000156f0000,0x00000000157f0000] [id=7364]
  0x0000000015fed800 WatcherThread [stack: 0x00000000164d0000,0x00000000165d0000] [id=2136]

VM state:not at safepoint (normal execution)

VM Mutex/Monitor currently owned by a thread: None

Heap:
 PSYoungGen      total 138240K, used 41422K [0x00000000eab00000, 0x00000000fe300000, 0x0000000100000000)
  eden space 133120K, 27% used [0x00000000eab00000,0x00000000ece77058,0x00000000f2d00000)
  from space 5120K, 99% used [0x00000000f2d00000,0x00000000f31fcb78,0x00000000f3200000)
  to   space 26624K, 0% used [0x00000000fc900000,0x00000000fc900000,0x00000000fe300000)
 ParOldGen       total 87552K, used 43488K [0x00000000c0000000, 0x00000000c5580000, 0x00000000eab00000)
  object space 87552K, 49% used [0x00000000c0000000,0x00000000c2a783c0,0x00000000c5580000)
 Metaspace       used 6647K, capacity 7544K, committed 7680K, reserved 1056768K
  class space    used 628K, capacity 688K, committed 768K, reserved 1048576K

Card table byte_map: [0x0000000011390000,0x00000000115a0000] byte_map_base: 0x0000000010d90000

Marking Bits: (ParMarkBitMap*) 0x000000005cb70600
 Begin Bits: [0x0000000011b00000, 0x0000000012b00000)
 End Bits:   [0x0000000012b00000, 0x0000000013b00000)

Polling page: 0x0000000000570000

CodeCache: size=245760Kb used=9944Kb max_used=9944Kb free=235815Kb
 bounds [0x0000000001fd0000, 0x0000000002990000, 0x0000000010fd0000]
 total_blobs=2496 nmethods=2232 adapters=176
 compilation: enabled

Compilation events (10 events):
Event: 14.448 Thread 0x00000000146fd000 nmethod 2264 0x0000000002975ad0 code [0x0000000002975c80, 0x00000000029761e8]
Event: 14.448 Thread 0x00000000146f6800 2265       4       java.util.ArrayList::set (20 bytes)
Event: 14.449 Thread 0x00000000146fd000 2266       3       com.android.dx.dex.code.DalvInsn::withMapper (13 bytes)
Event: 14.450 Thread 0x00000000146fd000 nmethod 2266 0x00000000029754d0 code [0x0000000002975640, 0x00000000029759b8]
Event: 14.450 Thread 0x00000000146f6800 nmethod 2265 0x0000000002980690 code [0x00000000029807e0, 0x00000000029808f8]
Event: 14.451 Thread 0x00000000146f6800 2267       4       com.android.dx.dex.code.CstInsn::getIndex (42 bytes)
Event: 14.452 Thread 0x00000000146f6800 nmethod 2267 0x00000000028a85d0 code [0x00000000028a8700, 0x00000000028a8778]
Event: 14.452 Thread 0x00000000146f6800 2268       4       com.android.dx.dex.code.SimpleInsn::<init> (8 bytes)
Event: 14.453 Thread 0x00000000146f6800 nmethod 2268 0x0000000002980a50 code [0x0000000002980b80, 0x0000000002980c78]
Event: 14.454 Thread 0x00000000146f6800 2269 %     4       com.android.dx.dex.code.PositionList::make @ 73 (224 bytes)

GC Heap History (10 events):
Event: 5.317 GC heap before
{Heap before GC invocations=1 (full 0):
 PSYoungGen      total 38400K, used 33280K [0x00000000eab00000, 0x00000000ed580000, 0x0000000100000000)
  eden space 33280K, 100% used [0x00000000eab00000,0x00000000ecb80000,0x00000000ecb80000)
  from space 5120K, 0% used [0x00000000ed080000,0x00000000ed080000,0x00000000ed580000)
  to   space 5120K, 0% used [0x00000000ecb80000,0x00000000ecb80000,0x00000000ed080000)
 ParOldGen       total 87552K, used 0K [0x00000000c0000000, 0x00000000c5580000, 0x00000000eab00000)
  object space 87552K, 0% used [0x00000000c0000000,0x00000000c0000000,0x00000000c5580000)
 Metaspace       used 5842K, capacity 6896K, committed 7040K, reserved 1056768K
  class space    used 588K, capacity 616K, committed 640K, reserved 1048576K
Event: 6.249 GC heap after
Heap after GC invocations=1 (full 0):
 PSYoungGen      total 38400K, used 5091K [0x00000000eab00000, 0x00000000ef600000, 0x0000000100000000)
  eden space 33280K, 0% used [0x00000000eab00000,0x00000000eab00000,0x00000000ecb80000)
  from space 5120K, 99% used [0x00000000ecb80000,0x00000000ed078e98,0x00000000ed080000)
  to   space 5120K, 0% used [0x00000000ef100000,0x00000000ef100000,0x00000000ef600000)
 ParOldGen       total 87552K, used 782K [0x00000000c0000000, 0x00000000c5580000, 0x00000000eab00000)
  object space 87552K, 0% used [0x00000000c0000000,0x00000000c00c3bd8,0x00000000c5580000)
 Metaspace       used 5842K, capacity 6896K, committed 7040K, reserved 1056768K
  class space    used 588K, capacity 616K, committed 640K, reserved 1048576K
}
Event: 7.395 GC heap before
{Heap before GC invocations=2 (full 0):
 PSYoungGen      total 38400K, used 38371K [0x00000000eab00000, 0x00000000ef600000, 0x0000000100000000)
  eden space 33280K, 100% used [0x00000000eab00000,0x00000000ecb80000,0x00000000ecb80000)
  from space 5120K, 99% used [0x00000000ecb80000,0x00000000ed078e98,0x00000000ed080000)
  to   space 5120K, 0% used [0x00000000ef100000,0x00000000ef100000,0x00000000ef600000)
 ParOldGen       total 87552K, used 782K [0x00000000c0000000, 0x00000000c5580000, 0x00000000eab00000)
  object space 87552K, 0% used [0x00000000c0000000,0x00000000c00c3bd8,0x00000000c5580000)
 Metaspace       used 6060K, capacity 7088K, committed 7296K, reserved 1056768K
  class space    used 589K, capacity 616K, committed 640K, reserved 1048576K
Event: 7.525 GC heap after
Heap after GC invocations=2 (full 0):
 PSYoungGen      total 71680K, used 5109K [0x00000000eab00000, 0x00000000ef600000, 0x0000000100000000)
  eden space 66560K, 0% used [0x00000000eab00000,0x00000000eab00000,0x00000000eec00000)
  from space 5120K, 99% used [0x00000000ef100000,0x00000000ef5fd790,0x00000000ef600000)
  to   space 5120K, 0% used [0x00000000eec00000,0x00000000eec00000,0x00000000ef100000)
 ParOldGen       total 87552K, used 4808K [0x00000000c0000000, 0x00000000c5580000, 0x00000000eab00000)
  object space 87552K, 5% used [0x00000000c0000000,0x00000000c04b2390,0x00000000c5580000)
 Metaspace       used 6060K, capacity 7088K, committed 7296K, reserved 1056768K
  class space    used 589K, capacity 616K, committed 640K, reserved 1048576K
}
Event: 8.746 GC heap before
{Heap before GC invocations=3 (full 0):
 PSYoungGen      total 71680K, used 71669K [0x00000000eab00000, 0x00000000ef600000, 0x0000000100000000)
  eden space 66560K, 100% used [0x00000000eab00000,0x00000000eec00000,0x00000000eec00000)
  from space 5120K, 99% used [0x00000000ef100000,0x00000000ef5fd790,0x00000000ef600000)
  to   space 5120K, 0% used [0x00000000eec00000,0x00000000eec00000,0x00000000ef100000)
 ParOldGen       total 87552K, used 4808K [0x00000000c0000000, 0x00000000c5580000, 0x00000000eab00000)
  object space 87552K, 5% used [0x00000000c0000000,0x00000000c04b2390,0x00000000c5580000)
 Metaspace       used 6138K, capacity 7152K, committed 7296K, reserved 1056768K
  class space    used 589K, capacity 616K, committed 640K, reserved 1048576K
Event: 8.787 GC heap after
Heap after GC invocations=3 (full 0):
 PSYoungGen      total 71680K, used 5108K [0x00000000eab00000, 0x00000000f3700000, 0x0000000100000000)
  eden space 66560K, 0% used [0x00000000eab00000,0x00000000eab00000,0x00000000eec00000)
  from space 5120K, 99% used [0x00000000eec00000,0x00000000ef0fd190,0x00000000ef100000)
  to   space 5120K, 0% used [0x00000000f3200000,0x00000000f3200000,0x00000000f3700000)
 ParOldGen       total 87552K, used 14331K [0x00000000c0000000, 0x00000000c5580000, 0x00000000eab00000)
  object space 87552K, 16% used [0x00000000c0000000,0x00000000c0dfec60,0x00000000c5580000)
 Metaspace       used 6138K, capacity 7152K, committed 7296K, reserved 1056768K
  class space    used 589K, capacity 616K, committed 640K, reserved 1048576K
}
Event: 9.124 GC heap before
{Heap before GC invocations=4 (full 0):
 PSYoungGen      total 71680K, used 71668K [0x00000000eab00000, 0x00000000f3700000, 0x0000000100000000)
  eden space 66560K, 100% used [0x00000000eab00000,0x00000000eec00000,0x00000000eec00000)
  from space 5120K, 99% used [0x00000000eec00000,0x00000000ef0fd190,0x00000000ef100000)
  to   space 5120K, 0% used [0x00000000f3200000,0x00000000f3200000,0x00000000f3700000)
 ParOldGen       total 87552K, used 14331K [0x00000000c0000000, 0x00000000c5580000, 0x00000000eab00000)
  object space 87552K, 16% used [0x00000000c0000000,0x00000000c0dfec60,0x00000000c5580000)
 Metaspace       used 6248K, capacity 7160K, committed 7296K, reserved 1056768K
  class space    used 610K, capacity 624K, committed 640K, reserved 1048576K
Event: 9.164 GC heap after
Heap after GC invocations=4 (full 0):
 PSYoungGen      total 138240K, used 5092K [0x00000000eab00000, 0x00000000f3700000, 0x0000000100000000)
  eden space 133120K, 0% used [0x00000000eab00000,0x00000000eab00000,0x00000000f2d00000)
  from space 5120K, 99% used [0x00000000f3200000,0x00000000f36f9000,0x00000000f3700000)
  to   space 5120K, 0% used [0x00000000f2d00000,0x00000000f2d00000,0x00000000f3200000)
 ParOldGen       total 87552K, used 24555K [0x00000000c0000000, 0x00000000c5580000, 0x00000000eab00000)
  object space 87552K, 28% used [0x00000000c0000000,0x00000000c17fade8,0x00000000c5580000)
 Metaspace       used 6248K, capacity 7160K, committed 7296K, reserved 1056768K
  class space    used 610K, capacity 624K, committed 640K, reserved 1048576K
}
Event: 10.127 GC heap before
{Heap before GC invocations=5 (full 0):
 PSYoungGen      total 138240K, used 138212K [0x00000000eab00000, 0x00000000f3700000, 0x0000000100000000)
  eden space 133120K, 100% used [0x00000000eab00000,0x00000000f2d00000,0x00000000f2d00000)
  from space 5120K, 99% used [0x00000000f3200000,0x00000000f36f9000,0x00000000f3700000)
  to   space 5120K, 0% used [0x00000000f2d00000,0x00000000f2d00000,0x00000000f3200000)
 ParOldGen       total 87552K, used 24555K [0x00000000c0000000, 0x00000000c5580000, 0x00000000eab00000)
  object space 87552K, 28% used [0x00000000c0000000,0x00000000c17fade8,0x00000000c5580000)
 Metaspace       used 6329K, capacity 7224K, committed 7296K, reserved 1056768K
  class space    used 610K, capacity 624K, committed 640K, reserved 1048576K
Event: 10.236 GC heap after
Heap after GC invocations=5 (full 0):
 PSYoungGen      total 138240K, used 5106K [0x00000000eab00000, 0x00000000fe300000, 0x0000000100000000)
  eden space 133120K, 0% used [0x00000000eab00000,0x00000000eab00000,0x00000000f2d00000)
  from space 5120K, 99% used [0x00000000f2d00000,0x00000000f31fcb78,0x00000000f3200000)
  to   space 26624K, 0% used [0x00000000fc900000,0x00000000fc900000,0x00000000fe300000)
 ParOldGen       total 87552K, used 43488K [0x00000000c0000000, 0x00000000c5580000, 0x00000000eab00000)
  object space 87552K, 49% used [0x00000000c0000000,0x00000000c2a783c0,0x00000000c5580000)
 Metaspace       used 6329K, capacity 7224K, committed 7296K, reserved 1056768K
  class space    used 610K, capacity 624K, committed 640K, reserved 1048576K
}

Deoptimization events (10 events):
Event: 10.645 Thread 0x0000000001e60800 Uncommon trap: reason=class_check action=maybe_recompile pc=0x00000000024da498 method=java.util.Arrays.hashCode([Ljava/lang/Object;)I @ 43
Event: 10.645 Thread 0x0000000001e60800 Uncommon trap: reason=class_check action=maybe_recompile pc=0x0000000002421ab8 method=java.util.Arrays.hashCode([Ljava/lang/Object;)I @ 43
Event: 11.208 Thread 0x0000000001e60800 Uncommon trap: reason=unstable_if action=reinterpret pc=0x000000000287f694 method=java.util.HashMap.putVal(ILjava/lang/Object;Ljava/lang/Object;ZZ)Ljava/lang/Object; @ 94
Event: 12.928 Thread 0x0000000001e60800 Uncommon trap: reason=speculate_class_check action=maybe_recompile pc=0x000000000236e7dc method=com.android.dx.util.FixedSizeList.equals(Ljava/lang/Object;)Z @ 25
Event: 12.928 Thread 0x0000000001e60800 Uncommon trap: reason=unstable_if action=reinterpret pc=0x000000000236f814 method=java.util.Arrays.equals([Ljava/lang/Object;[Ljava/lang/Object;)Z @ 23
Event: 12.952 Thread 0x0000000001e60800 Uncommon trap: reason=speculate_class_check action=maybe_recompile pc=0x000000000236e7dc method=com.android.dx.util.FixedSizeList.equals(Ljava/lang/Object;)Z @ 25
Event: 12.952 Thread 0x0000000001e60800 Uncommon trap: reason=speculate_class_check action=maybe_recompile pc=0x000000000236e7dc method=com.android.dx.util.FixedSizeList.equals(Ljava/lang/Object;)Z @ 25
Event: 12.952 Thread 0x0000000001e60800 Uncommon trap: reason=speculate_class_check action=maybe_recompile pc=0x000000000236e7dc method=com.android.dx.util.FixedSizeList.equals(Ljava/lang/Object;)Z @ 25
Event: 13.654 Thread 0x0000000001e60800 Uncommon trap: reason=unstable_if action=reinterpret pc=0x0000000002903b40 method=com.android.dx.dex.code.OutputFinisher.findOpcodeForInsn(Lcom/android/dx/dex/code/DalvInsn;Lcom/android/dx/dex/code/Dop;)Lcom/android/dx/dex/code/Dop; @ 1
Event: 13.978 Thread 0x0000000001e60800 Uncommon trap: reason=unstable_if action=reinterpret pc=0x00000000028683bc method=java.util.TreeMap.put(Ljava/lang/Object;Ljava/lang/Object;)Ljava/lang/Object; @ 163

Internal exceptions (5 events):
Event: 0.057 Thread 0x0000000001e60800 Exception <a 'java/lang/NoSuchMethodError': Method sun.misc.Unsafe.defineClass(Ljava/lang/String;[BII)Ljava/lang/Class; name or signature does not match> (0x00000000eab0d098) thrown at [D:\re\puppet\workspace\8-2-build-windows-amd64-cygwin\jdk8u73\6086\hot5ã!0­?
Event: 0.057 Thread 0x0000000001e60800 Exception <a 'java/lang/NoSuchMethodError': Method sun.misc.Unsafe.prefetchRead(Ljava/lang/Object;J)V name or signature does not match> (0x00000000eab0d380) thrown at [D:\re\puppet\workspace\8-2-build-windows-amd64-cygwin\jdk8u73\6086\hotspot\src\share\vm\£#X~û4"@
Event: 9.103 Thread 0x000000001628a800 Exception <a 'java/lang/ArrayIndexOutOfBoundsException': 18> (0x00000000ee859928) thrown at [D:\re\puppet\workspace\8-2-build-windows-amd64-cygwin\jdk8u73\6086\hotspot\src\share\vm\interpreter\interpreterRuntime.cpp, line 366]
Event: 9.104 Thread 0x000000001628a800 Exception <a 'java/lang/ArrayIndexOutOfBoundsException': 145> (0x00000000ee85b4a8) thrown at [D:\re\puppet\workspace\8-2-build-windows-amd64-cygwin\jdk8u73\6086\hotspot\src\share\vm\interpreter\interpreterRuntime.cpp, line 366]
Event: 9.105 Thread 0x000000001628a800 Exception <a 'java/lang/ArrayIndexOutOfBoundsException'> (0x00000000ee85c790) thrown at [D:\re\puppet\workspace\8-2-build-windows-amd64-cygwin\jdk8u73\6086\hotspot\src\share\vm\runtime\sharedRuntime.cpp, line 605]

Events (10 events):
Event: 12.952 Thread 0x0000000001e60800 DEOPT PACKING pc=0x000000000236e7dc sp=0x0000000001e2e970
Event: 12.952 Thread 0x0000000001e60800 DEOPT UNPACKING pc=0x000000000201582a sp=0x0000000001e2e930 mode 2
Event: 13.654 Thread 0x0000000001e60800 Uncommon trap: trap_request=0xffffff65 fr.pc=0x0000000002903b40
Event: 13.654 Thread 0x0000000001e60800 DEOPT PACKING pc=0x0000000002903b40 sp=0x0000000001e2e9e0
Event: 13.654 Thread 0x0000000001e60800 DEOPT UNPACKING pc=0x000000000201582a sp=0x0000000001e2e980 mode 2
Event: 13.655 loading class com/android/dx/rop/code/RegisterSpecList$Expander
Event: 13.655 loading class com/android/dx/rop/code/RegisterSpecList$Expander done
Event: 13.978 Thread 0x0000000001e60800 Uncommon trap: trap_request=0xffffff65 fr.pc=0x00000000028683bc
Event: 13.978 Thread 0x0000000001e60800 DEOPT PACKING pc=0x00000000028683bc sp=0x0000000001e2eb20
Event: 13.978 Thread 0x0000000001e60800 DEOPT UNPACKING pc=0x000000000201582a sp=0x0000000001e2eac0 mode 2


Dynamic libraries:
0x00007ff678d70000 - 0x00007ff678da7000 	C:\Program Files\Java\jdk1.8.0_73\bin\java.exe
0x00007ffe8b2a0000 - 0x00007ffe8b44d000 	C:\Windows\SYSTEM32\ntdll.dll
0x00007ffe8a5f0000 - 0x00007ffe8a72e000 	C:\Windows\system32\KERNEL32.DLL
0x00007ffe885e0000 - 0x00007ffe886f5000 	C:\Windows\system32\KERNELBASE.dll
0x00007ffe86f90000 - 0x00007ffe8701e000 	C:\Windows\system32\apphelp.dll
0x00007ffe7cd40000 - 0x00007ffe7cd93000 	C:\Windows\AppPatch\AppPatch64\AcGenral.DLL
0x00007ffe89010000 - 0x00007ffe890ba000 	C:\Windows\system32\msvcrt.dll
0x00007ffe88550000 - 0x00007ffe8857e000 	C:\Windows\system32\SspiCli.dll
0x00007ffe8ad70000 - 0x00007ffe8adc4000 	C:\Windows\system32\SHLWAPI.dll
0x00007ffe8ab90000 - 0x00007ffe8ad07000 	C:\Windows\system32\USER32.dll
0x00007ffe8b0a0000 - 0x00007ffe8b234000 	C:\Windows\system32\ole32.dll
0x00007ffe890c0000 - 0x00007ffe8a5e9000 	C:\Windows\system32\SHELL32.dll
0x00007ffe87990000 - 0x00007ffe879b1000 	C:\Windows\SYSTEM32\USERENV.dll
0x00007ffe88ba0000 - 0x00007ffe88c4a000 	C:\Windows\system32\ADVAPI32.dll
0x00007ffe80200000 - 0x00007ffe8021e000 	C:\Windows\SYSTEM32\MPR.dll
0x00007ffe8aee0000 - 0x00007ffe8b020000 	C:\Windows\system32\RPCRT4.dll
0x00007ffe8b240000 - 0x00007ffe8b299000 	C:\Windows\SYSTEM32\sechost.dll
0x00007ffe8a730000 - 0x00007ffe8a942000 	C:\Windows\SYSTEM32\combase.dll
0x00007ffe88ec0000 - 0x00007ffe8900b000 	C:\Windows\system32\GDI32.dll
0x00007ffe883d0000 - 0x00007ffe883e5000 	C:\Windows\SYSTEM32\profapi.dll
0x00007ffe86960000 - 0x00007ffe86a12000 	C:\Windows\SYSTEM32\SHCORE.dll
0x00007ffe8ae90000 - 0x00007ffe8aec6000 	C:\Windows\system32\IMM32.DLL
0x00007ffe8a960000 - 0x00007ffe8aab1000 	C:\Windows\system32\MSCTF.dll
0x00007ffe85e20000 - 0x00007ffe8609b000 	C:\Windows\WinSxS\amd64_microsoft.windows.common-controls_6595b64144ccf1df_6.0.9600.18006_none_623f33d3ecbe86e8\COMCTL32.dll
0x000000005bdd0000 - 0x000000005bea2000 	C:\Program Files\Java\jdk1.8.0_73\jre\bin\msvcr100.dll
0x000000005c360000 - 0x000000005cbf0000 	C:\Program Files\Java\jdk1.8.0_73\jre\bin\server\jvm.dll
0x00007ffe7fa60000 - 0x00007ffe7fa69000 	C:\Windows\SYSTEM32\WSOCK32.dll
0x00007ffe836a0000 - 0x00007ffe836c2000 	C:\Windows\SYSTEM32\WINMM.dll
0x00007ffe83620000 - 0x00007ffe8362a000 	C:\Windows\SYSTEM32\VERSION.dll
0x00007ffe8aed0000 - 0x00007ffe8aed7000 	C:\Windows\system32\PSAPI.DLL
0x00007ffe88b20000 - 0x00007ffe88b7a000 	C:\Windows\system32\WS2_32.dll
0x00007ffe83630000 - 0x00007ffe8365a000 	C:\Windows\SYSTEM32\WINMMBASE.dll
0x00007ffe8a950000 - 0x00007ffe8a959000 	C:\Windows\system32\NSI.dll
0x00007ffe888e0000 - 0x00007ffe8892f000 	C:\Windows\SYSTEM32\cfgmgr32.dll
0x00007ffe87210000 - 0x00007ffe87238000 	C:\Windows\SYSTEM32\DEVOBJ.dll
0x000000005c270000 - 0x000000005c27f000 	C:\Program Files\Java\jdk1.8.0_73\jre\bin\verify.dll
0x000000005c240000 - 0x000000005c269000 	C:\Program Files\Java\jdk1.8.0_73\jre\bin\java.dll
0x000000005c220000 - 0x000000005c236000 	C:\Program Files\Java\jdk1.8.0_73\jre\bin\zip.dll

VM Arguments:
jvm_args: -Djava.awt.headless=true -Xmx1024M -Dfile.encoding=windows-1252 -Duser.country=US -Duser.language=en -Duser.variant 
java_command: com.android.dx.command.Main --dex --num-threads=4 --output C:\android_work\asad_bhai\UnitConvertorProject\UnitConvertor\app\build\intermediates\pre-dexed\debug\com.android.support-appcompat-v7-25.0.1_2a533a720c02898b13c55575ab1a43c48cb35a58.jar C:\android_work\asad_bhai\UnitConvertorProject\UnitConvertor\app\build\intermediates\exploded-aar\com.android.support\appcompat-v7\25.0.1\jars\classes.jar
java_class_path (initial): C:\Android\Sdk\build-tools\25.0.0\lib\dx.jar
Launcher Type: SUN_STANDARD

Environment Variables:
PATH=C:\oraclexe\app\oracle\product\10.2.0\server\bin;C:\ProgramData\Oracle\Java\javapath;C:\Windows\system32;C:\Windows;C:\Windows\System32\Wbem;C:\Windows\System32\WindowsPowerShell\v1.0\;C:\Program Files\Git\cmd;C:\Program Files (x86)\Skype\Phone\;C:\instantclient_12_2;C:\Program Files (x86)\Ampps\php;C:\composer;C:\Users\rehan\AppData\Roaming\Composer\vendor\bin
USERNAME=rehan
OS=Windows_NT
PROCESSOR_IDENTIFIER=Intel64 Family 6 Model 58 Stepping 9, GenuineIntel



---------------  S Y S T E M  ---------------

OS: Windows 8.1 , 64 bit Build 9600 (6.3.9600.17415)

CPU:total 4 (2 cores per cpu, 2 threads per core) family 6 model 58 stepping 9, cmov, cx8, fxsr, mmx, sse, sse2, sse3, ssse3, sse4.1, sse4.2, popcnt, avx, aes, clmul, erms, ht, tsc, tscinvbit, tscinv

Memory: 4k page, physical 8281448k(1860600k free), swap 11427176k(5004k free)

vm_info: Java HotSpot(TM) 64-Bit Server VM (25.73-b02) for windows-amd64 JRE (1.8.0_73-b02), built on Jan 29 2016 17:38:49 by "java_re" with MS VC++ 10.0 (VS2010)

time: Mon Dec 04 04:38:16 2017
elapsed time: 14 seconds (0d 0h 0m 14s)

