#
# There is insufficient memory for the Java Runtime Environment to continue.
# Native memory allocation (malloc) failed to allocate 32744 bytes for ChunkPool::allocate
# Possible reasons:
#   The system is out of physical RAM or swap space
#   In 32 bit mode, the process size limit was hit
# Possible solutions:
#   Reduce memory load on the system
#   Increase physical memory or swap space
#   Check if swap backing store is full
#   Use 64 bit Java on a 64 bit OS
#   Decrease Java heap size (-Xmx/-Xms)
#   Decrease number of Java threads
#   Decrease Java thread stack sizes (-Xss)
#   Set larger code cache with -XX:ReservedCodeCacheSize=
# This output file may be truncated or incomplete.
#
#  Out of Memory Error (allocation.cpp:273), pid=7512, tid=2300
#
# JRE version: Java(TM) SE Runtime Environment (8.0_73-b02) (build 1.8.0_73-b02)
# Java VM: Java HotSpot(TM) 64-Bit Server VM (25.73-b02 mixed mode windows-amd64 compressed oops)
# Failed to write core dump. Minidumps are not enabled by default on client versions of Windows
#

---------------  T H R E A D  ---------------

Current thread (0x0000000015015800):  JavaThread "C2 CompilerThread1" daemon [_thread_in_native, id=2300, stack(0x0000000016710000,0x0000000016810000)]

Stack: [0x0000000016710000,0x0000000016810000]
[error occurred during error reporting (printing stack bounds), id 0xc0000005]

Native frames: (J=compiled Java code, j=interpreted, Vv=VM code, C=native code)


Current CompileTask:
C2:   1044  470       4       java.util.ArrayList::add (29 bytes)


---------------  P R O C E S S  ---------------

Java Threads: ( => current thread )
  0x0000000016a75000 JavaThread "pool-1-thread-4" [_thread_in_vm, id=7908, stack(0x0000000017310000,0x0000000017410000)]
  0x0000000016a63800 JavaThread "pool-1-thread-3" [_thread_blocked, id=7008, stack(0x0000000017210000,0x0000000017310000)]
  0x0000000016a4f000 JavaThread "pool-1-thread-2" [_thread_blocked, id=5192, stack(0x0000000017110000,0x0000000017210000)]
  0x0000000016a4c000 JavaThread "pool-2-thread-1" [_thread_blocked, id=7244, stack(0x0000000017010000,0x0000000017110000)]
  0x0000000016a49800 JavaThread "pool-1-thread-1" [_thread_in_vm, id=6908, stack(0x0000000016f10000,0x0000000017010000)]
  0x0000000016914800 JavaThread "Service Thread" daemon [_thread_blocked, id=7564, stack(0x0000000016d10000,0x0000000016e10000)]
  0x000000001501b800 JavaThread "C1 CompilerThread2" daemon [_thread_in_native, id=7584, stack(0x0000000016810000,0x0000000016910000)]
=>0x0000000015015800 JavaThread "C2 CompilerThread1" daemon [_thread_in_native, id=2300, stack(0x0000000016710000,0x0000000016810000)]
  0x0000000014fba000 JavaThread "C2 CompilerThread0" daemon [_thread_in_native, id=180, stack(0x0000000016610000,0x0000000016710000)]
  0x0000000014fc6000 JavaThread "Attach Listener" daemon [_thread_blocked, id=3384, stack(0x0000000016510000,0x0000000016610000)]
  0x0000000014fc4800 JavaThread "Signal Dispatcher" daemon [_thread_blocked, id=7376, stack(0x0000000016410000,0x0000000016510000)]
  0x00000000028e6000 JavaThread "Finalizer" daemon [_thread_blocked, id=7228, stack(0x0000000016220000,0x0000000016320000)]
  0x00000000028dd000 JavaThread "Reference Handler" daemon [_thread_blocked, id=5372, stack(0x0000000016120000,0x0000000016220000)]
  0x00000000027f0800 JavaThread "main" [_thread_blocked, id=7380, stack(0x00000000026f0000,0x00000000027f0000)]

Other Threads:
  0x0000000014f87800 VMThread [stack: 0x0000000016020000,0x0000000016120000] [id=7392]
  0x000000001692c000 WatcherThread [stack: 0x0000000016e10000,0x0000000016f10000] [id=7248]

VM state:not at safepoint (normal execution)

VM Mutex/Monitor currently owned by a thread: None

Heap:
 PSYoungGen      total 38400K, used 12010K [0x00000000eab00000, 0x00000000ed580000, 0x0000000100000000)
  eden space 33280K, 36% used [0x00000000eab00000,0x00000000eb6ba9a8,0x00000000ecb80000)
  from space 5120K, 0% used [0x00000000ed080000,0x00000000ed080000,0x00000000ed580000)
  to   space 5120K, 0% used [0x00000000ecb80000,0x00000000ecb80000,0x00000000ed080000)
 ParOldGen       total 87552K, used 0K [0x00000000c0000000, 0x00000000c5580000, 0x00000000eab00000)
  object space 87552K, 0% used [0x00000000c0000000,0x00000000c0000000,0x00000000c5580000)
 Metaspace       used 5285K, capacity 6448K, committed 6528K, reserved 1056768K
  class space    used 578K, capacity 616K, committed 640K, reserved 1048576K

Card table byte_map: [0x0000000011cb0000,0x0000000011ec0000] byte_map_base: 0x00000000116b0000

Marking Bits: (ParMarkBitMap*) 0x0000000074b90600
 Begin Bits: [0x0000000012420000, 0x0000000013420000)
 End Bits:   [0x0000000013420000, 0x0000000014420000)

Polling page: 0x0000000002680000

CodeCache: size=245760Kb used=1944Kb max_used=1956Kb free=243815Kb
 bounds [0x00000000028f0000, 0x0000000002b60000, 0x00000000118f0000]
 total_blobs=718 nmethods=455 adapters=176
 compilation: enabled

Compilation events (10 events):
Event: 1.038 Thread 0x000000001501b800 nmethod 454 0x0000000002ad54d0 code [0x0000000002ad56a0, 0x0000000002ad5e88]
Event: 1.038 Thread 0x000000001501b800  452       3       com.android.dx.ssa.SsaInsn::<init> (29 bytes)
Event: 1.038 Thread 0x0000000014fba000 nmethod 428 0x0000000002ad90d0 code [0x0000000002ad9200, 0x0000000002ad9278]
Event: 1.038 Thread 0x0000000014fba000  458       4       com.android.dx.util.MutabilityControl::throwIfImmutable (18 bytes)
Event: 1.038 Thread 0x000000001501b800 nmethod 452 0x0000000002ad8b90 code [0x0000000002ad8d00, 0x0000000002ad8fc8]
Event: 1.038 Thread 0x000000001501b800  456   !   3       com.android.dx.cf.code.BytecodeArray::parseInstruction (2764 bytes)
Event: 1.038 Thread 0x0000000014fba000 nmethod 458 0x0000000002ad7450 code [0x0000000002ad7580, 0x0000000002ad75f8]
Event: 1.038 Thread 0x0000000015015800 nmethod 450 0x0000000002ad7090 code [0x0000000002ad71e0, 0x0000000002ad72f8]
Event: 1.041 Thread 0x0000000014fba000  469       4       java.util.HashMap::getNode (148 bytes)
Event: 1.042 Thread 0x0000000015015800  470       4       java.util.ArrayList::add (29 bytes)

GC Heap History (0 events):
No events

Deoptimization events (0 events):
No events

Internal exceptions (2 events):
Event: 0.271 Thread 0x00000000027f0800 Exception <a 'java/lang/NoSuchMethodError': Method sun.misc.Unsafe.defineClass(Ljava/lang/String;[BII)Ljava/lang/Class; name or signature does not match> (0x00000000eab0d418) thrown at [D:\re\puppet\workspace\8-2-build-windows-amd64-cygwin\jdk8u73\6086\hotóòÀªâXÑ?
Event: 0.271 Thread 0x00000000027f0800 Exception <a 'java/lang/NoSuchMethodError': Method sun.misc.Unsafe.prefetchRead(Ljava/lang/Object;J)V name or signature does not match> (0x00000000eab0d700) thrown at [D:\re\puppet\workspace\8-2-build-windows-amd64-cygwin\jdk8u73\6086\hotspot\src\share\vm\

Events (10 events):
Event: 1.027 loading class com/android/dx/dex/file/CodeItem
Event: 1.027 loading class com/android/dx/dex/file/CodeItem done
Event: 1.028 loading class java/io/PrintWriter
Event: 1.028 loading class java/io/PrintWriter done
Event: 1.028 loading class com/android/dx/dex/file/DebugInfoItem
Event: 1.028 loading class com/android/dx/dex/file/DebugInfoItem done
Event: 1.029 loading class com/android/dx/rop/annotation/AnnotationsList
Event: 1.029 loading class com/android/dx/rop/annotation/AnnotationsList done
Event: 1.029 loading class com/android/dx/dex/file/MethodIdItem
Event: 1.029 loading class com/android/dx/dex/file/MethodIdItem done


Dynamic libraries:
0x00007ff62cf20000 - 0x00007ff62cf57000 	C:\Program Files\Java\jdk1.8.0_73\bin\java.exe
0x00007fffbdfe0000 - 0x00007fffbe18d000 	C:\Windows\SYSTEM32\ntdll.dll
0x00007fffbc1a0000 - 0x00007fffbc2de000 	C:\Windows\system32\KERNEL32.DLL
0x00007fffbb210000 - 0x00007fffbb325000 	C:\Windows\system32\KERNELBASE.dll
0x00007fffb9cd0000 - 0x00007fffb9d5e000 	C:\Windows\system32\apphelp.dll
0x00007fffa57c0000 - 0x00007fffa5813000 	C:\Windows\AppPatch\AppPatch64\AcGenral.DLL
0x00007fffbdaa0000 - 0x00007fffbdb4a000 	C:\Windows\system32\msvcrt.dll
0x00007fffbb1e0000 - 0x00007fffbb20e000 	C:\Windows\system32\SspiCli.dll
0x00007fffbc2e0000 - 0x00007fffbc334000 	C:\Windows\system32\SHLWAPI.dll
0x00007fffbde60000 - 0x00007fffbdfd7000 	C:\Windows\system32\USER32.dll
0x00007fffbc000000 - 0x00007fffbc194000 	C:\Windows\system32\ole32.dll
0x00007fffbc400000 - 0x00007fffbd929000 	C:\Windows\system32\SHELL32.dll
0x00007fffba6d0000 - 0x00007fffba6f1000 	C:\Windows\SYSTEM32\USERENV.dll
0x00007fffbbed0000 - 0x00007fffbbf7a000 	C:\Windows\system32\ADVAPI32.dll
0x00007fffaf6a0000 - 0x00007fffaf6be000 	C:\Windows\SYSTEM32\MPR.dll
0x00007fffbbb70000 - 0x00007fffbbcb0000 	C:\Windows\system32\RPCRT4.dll
0x00007fffbde00000 - 0x00007fffbde59000 	C:\Windows\SYSTEM32\sechost.dll
0x00007fffbbcb0000 - 0x00007fffbbec2000 	C:\Windows\SYSTEM32\combase.dll
0x00007fffbb690000 - 0x00007fffbb7db000 	C:\Windows\system32\GDI32.dll
0x00007fffbb110000 - 0x00007fffbb125000 	C:\Windows\SYSTEM32\profapi.dll
0x00007fffb94f0000 - 0x00007fffb95a2000 	C:\Windows\SYSTEM32\SHCORE.dll
0x00007fffbdc20000 - 0x00007fffbdc56000 	C:\Windows\system32\IMM32.DLL
0x00007fffbd940000 - 0x00007fffbda91000 	C:\Windows\system32\MSCTF.dll
0x00007fffb8b60000 - 0x00007fffb8ddb000 	C:\Windows\WinSxS\amd64_microsoft.windows.common-controls_6595b64144ccf1df_6.0.9600.18006_none_623f33d3ecbe86e8\COMCTL32.dll
0x0000000074ee0000 - 0x0000000074fb2000 	C:\Program Files\Java\jdk1.8.0_73\jre\bin\msvcr100.dll
0x0000000074380000 - 0x0000000074c10000 	C:\Program Files\Java\jdk1.8.0_73\jre\bin\server\jvm.dll
0x00007fffb6ed0000 - 0x00007fffb6ed9000 	C:\Windows\SYSTEM32\WSOCK32.dll
0x00007fffb6380000 - 0x00007fffb63a2000 	C:\Windows\SYSTEM32\WINMM.dll
0x00007fffb6400000 - 0x00007fffb640a000 	C:\Windows\SYSTEM32\VERSION.dll
0x00007fffbdc60000 - 0x00007fffbdc67000 	C:\Windows\system32\PSAPI.DLL
0x00007fffbbfa0000 - 0x00007fffbbffa000 	C:\Windows\system32\WS2_32.dll
0x00007fffb6350000 - 0x00007fffb637a000 	C:\Windows\SYSTEM32\WINMMBASE.dll
0x00007fffbb680000 - 0x00007fffbb689000 	C:\Windows\system32\NSI.dll
0x00007fffbb330000 - 0x00007fffbb37f000 	C:\Windows\SYSTEM32\cfgmgr32.dll
0x00007fffb9f20000 - 0x00007fffb9f48000 	C:\Windows\SYSTEM32\DEVOBJ.dll
0x0000000074290000 - 0x000000007429f000 	C:\Program Files\Java\jdk1.8.0_73\jre\bin\verify.dll
0x0000000074260000 - 0x0000000074289000 	C:\Program Files\Java\jdk1.8.0_73\jre\bin\java.dll
0x0000000074240000 - 0x0000000074256000 	C:\Program Files\Java\jdk1.8.0_73\jre\bin\zip.dll

VM Arguments:
jvm_args: -Djava.awt.headless=true -Xmx1024M -Dfile.encoding=windows-1252 -Duser.country=US -Duser.language=en -Duser.variant 
java_command: com.android.dx.command.Main --dex --num-threads=4 --output C:\android_work\asad_bhai\UnitConvertorProject\UnitConvertor\app\build\intermediates\pre-dexed\debug\internal_impl-25.0.1_87aba65e2b2a6e880d6aa308312aac996e666f18.jar C:\android_work\asad_bhai\UnitConvertorProject\UnitConvertor\app\build\intermediates\exploded-aar\com.android.support\support-core-ui\25.0.1\jars\libs\internal_impl-25.0.1.jar
java_class_path (initial): C:\Android\Sdk\build-tools\25.0.0\lib\dx.jar
Launcher Type: SUN_STANDARD

Environment Variables:
PATH=C:\ProgramData\Oracle\Java\javapath;C:\Windows\system32;C:\Windows;C:\Windows\System32\Wbem;C:\Windows\System32\WindowsPowerShell\v1.0\;C:\Program Files\Git\cmd;C:\Program Files (x86)\Skype\Phone\;C:\instantclient_12_2;C:\Program Files (x86)\Ampps\php;C:\composer;C:\Users\rehan\AppData\Roaming\Composer\vendor\bin
USERNAME=rehan
OS=Windows_NT
PROCESSOR_IDENTIFIER=Intel64 Family 6 Model 58 Stepping 9, GenuineIntel



---------------  S Y S T E M  ---------------

OS: Windows 8.1 , 64 bit Build 9600 (6.3.9600.17415)

CPU:total 4 (2 cores per cpu, 2 threads per core) family 6 model 58 stepping 9, cmov, cx8, fxsr, mmx, sse, sse2, sse3, ssse3, sse4.1, sse4.2, popcnt, avx, aes, clmul, erms, ht, tsc, tscinvbit, tscinv

Memory: 4k page, physical 8281448k(1068360k free), swap 10315620k(5112k free)

vm_info: Java HotSpot(TM) 64-Bit Server VM (25.73-b02) for windows-amd64 JRE (1.8.0_73-b02), built on Jan 29 2016 17:38:49 by "java_re" with MS VC++ 10.0 (VS2010)

time: Thu Jan 11 00:36:38 2018
elapsed time: 1 seconds (0d 0h 0m 1s)

