#
# There is insufficient memory for the Java Runtime Environment to continue.
# Native memory allocation (malloc) failed to allocate 94496 bytes for Chunk::new
# Possible reasons:
#   The system is out of physical RAM or swap space
#   In 32 bit mode, the process size limit was hit
# Possible solutions:
#   Reduce memory load on the system
#   Increase physical memory or swap space
#   Check if swap backing store is full
#   Use 64 bit Java on a 64 bit OS
#   Decrease Java heap size (-Xmx/-Xms)
#   Decrease number of Java threads
#   Decrease Java thread stack sizes (-Xss)
#   Set larger code cache with -XX:ReservedCodeCacheSize=
# This output file may be truncated or incomplete.
#
#  Out of Memory Error (allocation.cpp:390), pid=7212, tid=7272
#
# JRE version: Java(TM) SE Runtime Environment (8.0_73-b02) (build 1.8.0_73-b02)
# Java VM: Java HotSpot(TM) 64-Bit Server VM (25.73-b02 mixed mode windows-amd64 compressed oops)
# Failed to write core dump. Minidumps are not enabled by default on client versions of Windows
#

---------------  T H R E A D  ---------------

Current thread (0x000000001455b000):  JavaThread "C2 CompilerThread0" daemon [_thread_in_native, id=7272, stack(0x0000000015bb0000,0x0000000015cb0000)]

Stack: [0x0000000015bb0000,0x0000000015cb0000]
[error occurred during error reporting (printing stack bounds), id 0xc0000005]

Native frames: (J=compiled Java code, j=interpreted, Vv=VM code, C=native code)


Current CompileTask:
C2:   4973 1330       4       java.util.HashSet::add (20 bytes)


---------------  P R O C E S S  ---------------

Java Threads: ( => current thread )
  0x0000000015eb5800 JavaThread "Service Thread" daemon [_thread_blocked, id=3324, stack(0x00000000162b0000,0x00000000163b0000)]
  0x00000000145bb800 JavaThread "C1 CompilerThread2" daemon [_thread_blocked, id=7256, stack(0x0000000015db0000,0x0000000015eb0000)]
  0x00000000145b5800 JavaThread "C2 CompilerThread1" daemon [_thread_blocked, id=7844, stack(0x0000000015cb0000,0x0000000015db0000)]
=>0x000000001455b000 JavaThread "C2 CompilerThread0" daemon [_thread_in_native, id=7272, stack(0x0000000015bb0000,0x0000000015cb0000)]
  0x0000000014558000 JavaThread "Attach Listener" daemon [_thread_blocked, id=7028, stack(0x0000000015ab0000,0x0000000015bb0000)]
  0x0000000014557000 JavaThread "Signal Dispatcher" daemon [_thread_blocked, id=7456, stack(0x00000000159b0000,0x0000000015ab0000)]
  0x0000000001e86000 JavaThread "Finalizer" daemon [_thread_blocked, id=6960, stack(0x00000000157c0000,0x00000000158c0000)]
  0x0000000001e7d000 JavaThread "Reference Handler" daemon [_thread_blocked, id=7480, stack(0x00000000156c0000,0x00000000157c0000)]
  0x0000000001d90800 JavaThread "main" [_thread_blocked, id=8112, stack(0x0000000001c90000,0x0000000001d90000)]

Other Threads:
  0x0000000014527800 VMThread [stack: 0x00000000155c0000,0x00000000156c0000] [id=2088]
  0x0000000015ec4000 WatcherThread [stack: 0x00000000163b0000,0x00000000164b0000] [id=6980]

VM state:at safepoint (normal execution)

VM Mutex/Monitor currently owned by a thread:  ([mutex/lock_event])
[0x0000000001c8bc40] Threads_lock - owner thread: 0x0000000014527800
[0x0000000001c8c5c0] Heap_lock - owner thread: 0x0000000001d90800

Heap:
 PSYoungGen      total 71680K, used 4592K [0x00000000eab00000, 0x00000000ef600000, 0x0000000100000000)
  eden space 66560K, 0% used [0x00000000eab00000,0x00000000eab00000,0x00000000eec00000)
  from space 5120K, 89% used [0x00000000ef100000,0x00000000ef57c058,0x00000000ef600000)
  to   space 5120K, 0% used [0x00000000eec00000,0x00000000eec00000,0x00000000ef100000)
 ParOldGen       total 87552K, used 980K [0x00000000c0000000, 0x00000000c5580000, 0x00000000eab00000)
  object space 87552K, 1% used [0x00000000c0000000,0x00000000c00f52d8,0x00000000c5580000)
 Metaspace       used 5956K, capacity 6960K, committed 7040K, reserved 1060864K
  class space    used 593K, capacity 616K, committed 640K, reserved 1048576K

Card table byte_map: [0x0000000011250000,0x0000000011460000] byte_map_base: 0x0000000010c50000

Marking Bits: (ParMarkBitMap*) 0x000000005cb70600
 Begin Bits: [0x00000000119c0000, 0x00000000129c0000)
 End Bits:   [0x00000000129c0000, 0x00000000139c0000)

Polling page: 0x0000000001c30000

CodeCache: size=245760Kb used=5465Kb max_used=5466Kb free=240294Kb
 bounds [0x0000000001e90000, 0x00000000023f0000, 0x0000000010e90000]
 total_blobs=1595 nmethods=1331 adapters=176
 compilation: disabled (not enough contiguous free space left)

Compilation events (10 events):
Event: 4.893 Thread 0x00000000145bb800 nmethod 1327 0x00000000023d3b50 code [0x00000000023d3d80, 0x00000000023d4c88]
Event: 4.893 Thread 0x00000000145b5800 nmethod 1328 0x00000000023d2210 code [0x00000000023d2360, 0x00000000023d2458]
Event: 4.894 Thread 0x00000000145bb800 1329       3       com.android.dx.dex.code.OutputFinisher::addConstants (68 bytes)
Event: 4.894 Thread 0x000000001455b000 1330       4       java.util.HashSet::add (20 bytes)
Event: 4.894 Thread 0x00000000145bb800 nmethod 1329 0x00000000023d2b50 code [0x00000000023d2d40, 0x00000000023d3708]
Event: 4.895 Thread 0x00000000145bb800 1331   !   3       com.android.dx.rop.cst.CstType::intern (48 bytes)
Event: 4.895 Thread 0x00000000145bb800 nmethod 1331 0x00000000023e3cd0 code [0x00000000023e3ee0, 0x00000000023e4b08]
Event: 4.896 Thread 0x00000000145bb800 1332       1       com.android.dx.dex.file.StringIdItem::getValue (5 bytes)
Event: 4.896 Thread 0x00000000145bb800 nmethod 1332 0x00000000023d2890 code [0x00000000023d29e0, 0x00000000023d2af0]
Event: 4.896 Thread 0x00000000145b5800 1333       4       com.android.dx.dex.code.OutputFinisher::addConstants (68 bytes)

GC Heap History (2 events):
Event: 4.361 GC heap before
{Heap before GC invocations=1 (full 0):
 PSYoungGen      total 38400K, used 33280K [0x00000000eab00000, 0x00000000ed580000, 0x0000000100000000)
  eden space 33280K, 100% used [0x00000000eab00000,0x00000000ecb80000,0x00000000ecb80000)
  from space 5120K, 0% used [0x00000000ed080000,0x00000000ed080000,0x00000000ed580000)
  to   space 5120K, 0% used [0x00000000ecb80000,0x00000000ecb80000,0x00000000ed080000)
 ParOldGen       total 87552K, used 0K [0x00000000c0000000, 0x00000000c5580000, 0x00000000eab00000)
  object space 87552K, 0% used [0x00000000c0000000,0x00000000c0000000,0x00000000c5580000)
 Metaspace       used 5899K, capacity 6960K, committed 7040K, reserved 1056768K
  class space    used 589K, capacity 616K, committed 640K, reserved 1048576K
Event: 4.508 GC heap after
Heap after GC invocations=1 (full 0):
 PSYoungGen      total 38400K, used 5096K [0x00000000eab00000, 0x00000000ef600000, 0x0000000100000000)
  eden space 33280K, 0% used [0x00000000eab00000,0x00000000eab00000,0x00000000ecb80000)
  from space 5120K, 99% used [0x00000000ecb80000,0x00000000ed07a228,0x00000000ed080000)
  to   space 5120K, 0% used [0x00000000ef100000,0x00000000ef100000,0x00000000ef600000)
 ParOldGen       total 87552K, used 972K [0x00000000c0000000, 0x00000000c5580000, 0x00000000eab00000)
  object space 87552K, 1% used [0x00000000c0000000,0x00000000c00f32d8,0x00000000c5580000)
 Metaspace       used 5899K, capacity 6960K, committed 7040K, reserved 1056768K
  class space    used 589K, capacity 616K, committed 640K, reserved 1048576K
}

Deoptimization events (10 events):
Event: 4.139 Thread 0x00000000160f0800 Uncommon trap: reason=unstable_if action=reinterpret pc=0x00000000021ddb6c method=com.android.dx.rop.code.RegisterSpecSet.put(Lcom/android/dx/rop/code/RegisterSpec;)V @ 77
Event: 4.139 Thread 0x00000000160f0800 Uncommon trap: reason=unstable_if action=reinterpret pc=0x0000000002217fac method=com.android.dx.rop.code.RegisterSpecSet.put(Lcom/android/dx/rop/code/RegisterSpec;)V @ 77
Event: 4.151 Thread 0x00000000160f0800 Uncommon trap: reason=bimorphic action=maybe_recompile pc=0x00000000020a46e4 method=java.util.HashMap.getNode(ILjava/lang/Object;)Ljava/util/HashMap$Node; @ 126
Event: 4.151 Thread 0x00000000160f0800 Uncommon trap: reason=class_check action=maybe_recompile pc=0x000000000226be7c method=java.util.HashMap.putVal(ILjava/lang/Object;Ljava/lang/Object;ZZ)Ljava/lang/Object; @ 203
Event: 4.156 Thread 0x00000000160f0800 Uncommon trap: reason=unstable_if action=reinterpret pc=0x000000000239eb78 method=com.android.dx.util.BitIntSet.has(I)Z @ 8
Event: 4.619 Thread 0x0000000001d90800 Uncommon trap: reason=class_check action=maybe_recompile pc=0x000000000237f7d8 method=java.util.Arrays.hashCode([Ljava/lang/Object;)I @ 43
Event: 4.619 Thread 0x0000000001d90800 Uncommon trap: reason=class_check action=maybe_recompile pc=0x000000000237f7d8 method=java.util.Arrays.hashCode([Ljava/lang/Object;)I @ 43
Event: 4.620 Thread 0x0000000001d90800 Uncommon trap: reason=class_check action=maybe_recompile pc=0x000000000237f7d8 method=java.util.Arrays.hashCode([Ljava/lang/Object;)I @ 43
Event: 4.620 Thread 0x0000000001d90800 Uncommon trap: reason=class_check action=maybe_recompile pc=0x000000000237f7d8 method=java.util.Arrays.hashCode([Ljava/lang/Object;)I @ 43
Event: 4.620 Thread 0x0000000001d90800 Uncommon trap: reason=class_check action=maybe_recompile pc=0x000000000237ef38 method=java.util.Arrays.hashCode([Ljava/lang/Object;)I @ 43

Internal exceptions (2 events):
Event: 0.518 Thread 0x0000000001d90800 Exception <a 'java/lang/NoSuchMethodError': Method sun.misc.Unsafe.defineClass(Ljava/lang/String;[BII)Ljava/lang/Class; name or signature does not match> (0x00000000eab0d170) thrown at [D:\re\puppet\workspace\8-2-build-windows-amd64-cygwin\jdk8u73\6086\hot"‰=”à?
Event: 0.518 Thread 0x0000000001d90800 Exception <a 'java/lang/NoSuchMethodError': Method sun.misc.Unsafe.prefetchRead(Ljava/lang/Object;J)V name or signature does not match> (0x00000000eab0d458) thrown at [D:\re\puppet\workspace\8-2-build-windows-amd64-cygwin\jdk8u73\6086\hotspot\src\share\vm\

Events (10 events):
Event: 4.620 Thread 0x0000000001d90800 DEOPT PACKING pc=0x000000000237f7d8 sp=0x0000000001d8f110
Event: 4.620 Thread 0x0000000001d90800 DEOPT UNPACKING pc=0x0000000001ed582a sp=0x0000000001d8f040 mode 2
Event: 4.620 Thread 0x0000000001d90800 Uncommon trap: trap_request=0xffffffde fr.pc=0x000000000237f7d8
Event: 4.620 Thread 0x0000000001d90800 DEOPT PACKING pc=0x000000000237f7d8 sp=0x0000000001d8f0e0
Event: 4.620 Thread 0x0000000001d90800 DEOPT UNPACKING pc=0x0000000001ed582a sp=0x0000000001d8f010 mode 2
Event: 4.620 Thread 0x0000000001d90800 Uncommon trap: trap_request=0xffffffde fr.pc=0x000000000237ef38
Event: 4.620 Thread 0x0000000001d90800 DEOPT PACKING pc=0x000000000237ef38 sp=0x0000000001d8f0b0
Event: 4.620 Thread 0x0000000001d90800 DEOPT UNPACKING pc=0x0000000001ed582a sp=0x0000000001d8f038 mode 2
Event: 4.789 Executing VM operation: EnableBiasedLocking
Event: 4.891 Executing VM operation: EnableBiasedLocking done


Dynamic libraries:
0x00007ff678d70000 - 0x00007ff678da7000 	C:\Program Files\Java\jdk1.8.0_73\bin\java.exe
0x00007ffe8b2a0000 - 0x00007ffe8b44d000 	C:\Windows\SYSTEM32\ntdll.dll
0x00007ffe8a5f0000 - 0x00007ffe8a72e000 	C:\Windows\system32\KERNEL32.DLL
0x00007ffe885e0000 - 0x00007ffe886f5000 	C:\Windows\system32\KERNELBASE.dll
0x00007ffe86f90000 - 0x00007ffe8701e000 	C:\Windows\system32\apphelp.dll
0x00007ffe7cd40000 - 0x00007ffe7cd93000 	C:\Windows\AppPatch\AppPatch64\AcGenral.DLL
0x00007ffe89010000 - 0x00007ffe890ba000 	C:\Windows\system32\msvcrt.dll
0x00007ffe88550000 - 0x00007ffe8857e000 	C:\Windows\system32\SspiCli.dll
0x00007ffe8ad70000 - 0x00007ffe8adc4000 	C:\Windows\system32\SHLWAPI.dll
0x00007ffe8ab90000 - 0x00007ffe8ad07000 	C:\Windows\system32\USER32.dll
0x00007ffe8b0a0000 - 0x00007ffe8b234000 	C:\Windows\system32\ole32.dll
0x00007ffe890c0000 - 0x00007ffe8a5e9000 	C:\Windows\system32\SHELL32.dll
0x00007ffe87990000 - 0x00007ffe879b1000 	C:\Windows\SYSTEM32\USERENV.dll
0x00007ffe88ba0000 - 0x00007ffe88c4a000 	C:\Windows\system32\ADVAPI32.dll
0x00007ffe80200000 - 0x00007ffe8021e000 	C:\Windows\SYSTEM32\MPR.dll
0x00007ffe8aee0000 - 0x00007ffe8b020000 	C:\Windows\system32\RPCRT4.dll
0x00007ffe8b240000 - 0x00007ffe8b299000 	C:\Windows\SYSTEM32\sechost.dll
0x00007ffe8a730000 - 0x00007ffe8a942000 	C:\Windows\SYSTEM32\combase.dll
0x00007ffe88ec0000 - 0x00007ffe8900b000 	C:\Windows\system32\GDI32.dll
0x00007ffe883d0000 - 0x00007ffe883e5000 	C:\Windows\SYSTEM32\profapi.dll
0x00007ffe86960000 - 0x00007ffe86a12000 	C:\Windows\SYSTEM32\SHCORE.dll
0x00007ffe8ae90000 - 0x00007ffe8aec6000 	C:\Windows\system32\IMM32.DLL
0x00007ffe8a960000 - 0x00007ffe8aab1000 	C:\Windows\system32\MSCTF.dll
0x00007ffe85e20000 - 0x00007ffe8609b000 	C:\Windows\WinSxS\amd64_microsoft.windows.common-controls_6595b64144ccf1df_6.0.9600.18006_none_623f33d3ecbe86e8\COMCTL32.dll
0x000000005bdd0000 - 0x000000005bea2000 	C:\Program Files\Java\jdk1.8.0_73\jre\bin\msvcr100.dll
0x000000005c360000 - 0x000000005cbf0000 	C:\Program Files\Java\jdk1.8.0_73\jre\bin\server\jvm.dll
0x00007ffe7fa60000 - 0x00007ffe7fa69000 	C:\Windows\SYSTEM32\WSOCK32.dll
0x00007ffe836a0000 - 0x00007ffe836c2000 	C:\Windows\SYSTEM32\WINMM.dll
0x00007ffe83620000 - 0x00007ffe8362a000 	C:\Windows\SYSTEM32\VERSION.dll
0x00007ffe8aed0000 - 0x00007ffe8aed7000 	C:\Windows\system32\PSAPI.DLL
0x00007ffe88b20000 - 0x00007ffe88b7a000 	C:\Windows\system32\WS2_32.dll
0x00007ffe83630000 - 0x00007ffe8365a000 	C:\Windows\SYSTEM32\WINMMBASE.dll
0x00007ffe8a950000 - 0x00007ffe8a959000 	C:\Windows\system32\NSI.dll
0x00007ffe888e0000 - 0x00007ffe8892f000 	C:\Windows\SYSTEM32\cfgmgr32.dll
0x00007ffe87210000 - 0x00007ffe87238000 	C:\Windows\SYSTEM32\DEVOBJ.dll
0x000000005c270000 - 0x000000005c27f000 	C:\Program Files\Java\jdk1.8.0_73\jre\bin\verify.dll
0x000000005c240000 - 0x000000005c269000 	C:\Program Files\Java\jdk1.8.0_73\jre\bin\java.dll
0x000000005c220000 - 0x000000005c236000 	C:\Program Files\Java\jdk1.8.0_73\jre\bin\zip.dll

VM Arguments:
jvm_args: -Djava.awt.headless=true -Xmx1024M -Dfile.encoding=windows-1252 -Duser.country=US -Duser.language=en -Duser.variant 
java_command: com.android.dx.command.Main --dex --num-threads=4 --output C:\android_work\asad_bhai\UnitConvertorProject\UnitConvertor\app\build\intermediates\pre-dexed\debug\com.android.support-support-vector-drawable-25.0.1_3c1455f7890beadc5a3ab7fbab3eac7dce8c14fd.jar C:\android_work\asad_bhai\UnitConvertorProject\UnitConvertor\app\build\intermediates\exploded-aar\com.android.support\support-vector-drawable\25.0.1\jars\classes.jar
java_class_path (initial): C:\Android\Sdk\build-tools\25.0.0\lib\dx.jar
Launcher Type: SUN_STANDARD

Environment Variables:
PATH=C:\oraclexe\app\oracle\product\10.2.0\server\bin;C:\ProgramData\Oracle\Java\javapath;C:\Windows\system32;C:\Windows;C:\Windows\System32\Wbem;C:\Windows\System32\WindowsPowerShell\v1.0\;C:\Program Files\Git\cmd;C:\Program Files (x86)\Skype\Phone\;C:\instantclient_12_2;C:\Program Files (x86)\Ampps\php;C:\composer;C:\Users\rehan\AppData\Roaming\Composer\vendor\bin
USERNAME=rehan
OS=Windows_NT
PROCESSOR_IDENTIFIER=Intel64 Family 6 Model 58 Stepping 9, GenuineIntel



---------------  S Y S T E M  ---------------

OS: Windows 8.1 , 64 bit Build 9600 (6.3.9600.17415)

CPU:total 4 (2 cores per cpu, 2 threads per core) family 6 model 58 stepping 9, cmov, cx8, fxsr, mmx, sse, sse2, sse3, ssse3, sse4.1, sse4.2, popcnt, avx, aes, clmul, erms, ht, tsc, tscinvbit, tscinv

Memory: 4k page, physical 8281448k(1860604k free), swap 11427176k(5016k free)

vm_info: Java HotSpot(TM) 64-Bit Server VM (25.73-b02) for windows-amd64 JRE (1.8.0_73-b02), built on Jan 29 2016 17:38:49 by "java_re" with MS VC++ 10.0 (VS2010)

time: Mon Dec 04 04:38:16 2017
elapsed time: 4 seconds (0d 0h 0m 4s)

