#
# There is insufficient memory for the Java Runtime Environment to continue.
# Native memory allocation (malloc) failed to allocate 128272 bytes for Chunk::new
# Possible reasons:
#   The system is out of physical RAM or swap space
#   In 32 bit mode, the process size limit was hit
# Possible solutions:
#   Reduce memory load on the system
#   Increase physical memory or swap space
#   Check if swap backing store is full
#   Use 64 bit Java on a 64 bit OS
#   Decrease Java heap size (-Xmx/-Xms)
#   Decrease number of Java threads
#   Decrease Java thread stack sizes (-Xss)
#   Set larger code cache with -XX:ReservedCodeCacheSize=
# This output file may be truncated or incomplete.
#
#  Out of Memory Error (allocation.cpp:390), pid=896, tid=6620
#
# JRE version: Java(TM) SE Runtime Environment (8.0_73-b02) (build 1.8.0_73-b02)
# Java VM: Java HotSpot(TM) 64-Bit Server VM (25.73-b02 mixed mode windows-amd64 compressed oops)
# Failed to write core dump. Minidumps are not enabled by default on client versions of Windows
#

---------------  T H R E A D  ---------------

Current thread (0x00000000150e6800):  JavaThread "C2 CompilerThread1" daemon [_thread_in_native, id=6620, stack(0x00000000167c0000,0x00000000168c0000)]

Stack: [0x00000000167c0000,0x00000000168c0000]
[error occurred during error reporting (printing stack bounds), id 0xc0000005]

Native frames: (J=compiled Java code, j=interpreted, Vv=VM code, C=native code)


Current CompileTask:
C2:   3284 1297       4       com.android.dx.ssa.LocalVariableExtractor::processBlock (383 bytes)


---------------  P R O C E S S  ---------------

Java Threads: ( => current thread )
  0x0000000016c47000 JavaThread "pool-1-thread-4" [_thread_blocked, id=5068, stack(0x00000000173c0000,0x00000000174c0000)]
  0x0000000016c46000 JavaThread "pool-1-thread-3" [_thread_blocked, id=2064, stack(0x00000000172c0000,0x00000000173c0000)]
  0x0000000016c45800 JavaThread "pool-1-thread-2" [_thread_blocked, id=6084, stack(0x00000000171c0000,0x00000000172c0000)]
  0x0000000016c13000 JavaThread "pool-2-thread-1" [_thread_blocked, id=6416, stack(0x00000000170c0000,0x00000000171c0000)]
  0x0000000016c6d000 JavaThread "pool-1-thread-1" [_thread_blocked, id=4596, stack(0x0000000016fc0000,0x00000000170c0000)]
  0x00000000169c4800 JavaThread "Service Thread" daemon [_thread_blocked, id=7608, stack(0x0000000016dc0000,0x0000000016ec0000)]
  0x00000000150ec800 JavaThread "C1 CompilerThread2" daemon [_thread_in_vm, id=1052, stack(0x00000000168c0000,0x00000000169c0000)]
=>0x00000000150e6800 JavaThread "C2 CompilerThread1" daemon [_thread_in_native, id=6620, stack(0x00000000167c0000,0x00000000168c0000)]
  0x000000001509a000 JavaThread "C2 CompilerThread0" daemon [_thread_in_native, id=7912, stack(0x00000000166c0000,0x00000000167c0000)]
  0x0000000015097000 JavaThread "Attach Listener" daemon [_thread_blocked, id=6684, stack(0x00000000165c0000,0x00000000166c0000)]
  0x0000000015095800 JavaThread "Signal Dispatcher" daemon [_thread_blocked, id=6056, stack(0x00000000164c0000,0x00000000165c0000)]
  0x00000000029b6000 JavaThread "Finalizer" daemon [_thread_blocked, id=2364, stack(0x00000000162e0000,0x00000000163e0000)]
  0x00000000029ad000 JavaThread "Reference Handler" daemon [_thread_blocked, id=6396, stack(0x00000000161e0000,0x00000000162e0000)]
  0x00000000028c0800 JavaThread "main" [_thread_in_vm, id=2692, stack(0x00000000027c0000,0x00000000028c0000)]

Other Threads:
  0x0000000015057800 VMThread [stack: 0x00000000160e0000,0x00000000161e0000] [id=5052]
  0x00000000169dc800 WatcherThread [stack: 0x0000000016ec0000,0x0000000016fc0000] [id=3644]

VM state:not at safepoint (normal execution)

VM Mutex/Monitor currently owned by a thread: None

Heap:
 PSYoungGen      total 38400K, used 8250K [0x00000000eab00000, 0x00000000ef600000, 0x0000000100000000)
  eden space 33280K, 9% used [0x00000000eab00000,0x00000000eae14ad0,0x00000000ecb80000)
  from space 5120K, 99% used [0x00000000ecb80000,0x00000000ed07a000,0x00000000ed080000)
  to   space 5120K, 0% used [0x00000000ef100000,0x00000000ef100000,0x00000000ef600000)
 ParOldGen       total 87552K, used 1398K [0x00000000c0000000, 0x00000000c5580000, 0x00000000eab00000)
  object space 87552K, 1% used [0x00000000c0000000,0x00000000c015d8f8,0x00000000c5580000)
 Metaspace       used 5944K, capacity 7024K, committed 7296K, reserved 1056768K
  class space    used 589K, capacity 616K, committed 640K, reserved 1048576K

Card table byte_map: [0x0000000011d80000,0x0000000011f90000] byte_map_base: 0x0000000011780000

Marking Bits: (ParMarkBitMap*) 0x0000000058010600
 Begin Bits: [0x00000000124f0000, 0x00000000134f0000)
 End Bits:   [0x00000000134f0000, 0x00000000144f0000)

Polling page: 0x0000000002750000

CodeCache: size=245760Kb used=5321Kb max_used=5330Kb free=240438Kb
 bounds [0x00000000029c0000, 0x0000000002f00000, 0x00000000119c0000]
 total_blobs=1569 nmethods=1306 adapters=176
 compilation: enabled

Compilation events (10 events):
Event: 3.268 Thread 0x00000000150ec800 1303       3       java.util.HashMap::getNode (148 bytes)
Event: 3.269 Thread 0x00000000150ec800 nmethod 1303 0x0000000002eec6d0 code [0x0000000002eec8a0, 0x0000000002eed248]
Event: 3.270 Thread 0x00000000150ec800 1304       3       com.android.dx.ssa.PhiInsn::predBlocksForReg (73 bytes)
Event: 3.271 Thread 0x00000000150ec800 nmethod 1304 0x0000000002ef4e90 code [0x0000000002ef5100, 0x0000000002ef6158]
Event: 3.273 Thread 0x00000000150ec800 1306       3       com.android.dx.ssa.back.FirstFitLocalCombiningAllocator$Multiset::add (68 bytes)
Event: 3.273 Thread 0x00000000150ec800 nmethod 1306 0x0000000002eee850 code [0x0000000002eee9e0, 0x0000000002eeecd0]
Event: 3.277 Thread 0x00000000150ec800 1307       3       com.android.dx.ssa.NormalSsaInsn::isMoveException (20 bytes)
Event: 3.277 Thread 0x00000000150ec800 nmethod 1307 0x0000000002eee2d0 code [0x0000000002eee440, 0x0000000002eee730]
Event: 3.281 Thread 0x000000001509a000 nmethod 1301 0x0000000002ef8c90 code [0x0000000002ef8e20, 0x0000000002ef9688]
Event: 3.281 Thread 0x000000001509a000 1299       4       com.android.dx.rop.code.ThrowingCstInsn::withNewRegisters (25 bytes)

GC Heap History (2 events):
Event: 3.120 GC heap before
{Heap before GC invocations=1 (full 0):
 PSYoungGen      total 38400K, used 33280K [0x00000000eab00000, 0x00000000ed580000, 0x0000000100000000)
  eden space 33280K, 100% used [0x00000000eab00000,0x00000000ecb80000,0x00000000ecb80000)
  from space 5120K, 0% used [0x00000000ed080000,0x00000000ed080000,0x00000000ed580000)
  to   space 5120K, 0% used [0x00000000ecb80000,0x00000000ecb80000,0x00000000ed080000)
 ParOldGen       total 87552K, used 0K [0x00000000c0000000, 0x00000000c5580000, 0x00000000eab00000)
  object space 87552K, 0% used [0x00000000c0000000,0x00000000c0000000,0x00000000c5580000)
 Metaspace       used 5932K, capacity 6960K, committed 7040K, reserved 1056768K
  class space    used 589K, capacity 616K, committed 640K, reserved 1048576K
Event: 3.220 GC heap after
Heap after GC invocations=1 (full 0):
 PSYoungGen      total 38400K, used 5096K [0x00000000eab00000, 0x00000000ef600000, 0x0000000100000000)
  eden space 33280K, 0% used [0x00000000eab00000,0x00000000eab00000,0x00000000ecb80000)
  from space 5120K, 99% used [0x00000000ecb80000,0x00000000ed07a000,0x00000000ed080000)
  to   space 5120K, 0% used [0x00000000ef100000,0x00000000ef100000,0x00000000ef600000)
 ParOldGen       total 87552K, used 1398K [0x00000000c0000000, 0x00000000c5580000, 0x00000000eab00000)
  object space 87552K, 1% used [0x00000000c0000000,0x00000000c015d8f8,0x00000000c5580000)
 Metaspace       used 5932K, capacity 6960K, committed 7040K, reserved 1056768K
  class space    used 589K, capacity 616K, committed 640K, reserved 1048576K
}

Deoptimization events (10 events):
Event: 2.130 Thread 0x00000000028c0800 Uncommon trap: reason=unstable_if action=reinterpret pc=0x0000000002c4dadc method=com.android.dx.rop.cst.Constant.compareTo(Lcom/android/dx/rop/cst/Constant;)I @ 12
Event: 2.138 Thread 0x0000000016c46000 Uncommon trap: reason=bimorphic action=maybe_recompile pc=0x0000000002caa8f0 method=java.util.HashMap.getNode(ILjava/lang/Object;)Ljava/util/HashMap$Node; @ 126
Event: 2.807 Thread 0x00000000028c0800 Uncommon trap: reason=unstable_if action=reinterpret pc=0x0000000002c74b10 method=com.android.dx.rop.code.RegisterSpec.equals(ILcom/android/dx/rop/type/TypeBearer;Lcom/android/dx/rop/code/LocalItem;)Z @ 42
Event: 2.834 Thread 0x0000000016c6d000 Uncommon trap: reason=bimorphic action=maybe_recompile pc=0x0000000002eb2e78 method=com.android.dx.cf.code.BytecodeArray.parseInstruction(ILcom/android/dx/cf/code/BytecodeArray$Visitor;)I @ 907
Event: 2.834 Thread 0x0000000016c6d000 Uncommon trap: reason=bimorphic action=maybe_recompile pc=0x0000000002eb0e2c method=com.android.dx.cf.code.BytecodeArray.parseInstruction(ILcom/android/dx/cf/code/BytecodeArray$Visitor;)I @ 1224
Event: 2.834 Thread 0x0000000016c6d000 Uncommon trap: reason=bimorphic action=maybe_recompile pc=0x0000000002eb2b40 method=com.android.dx.cf.code.BytecodeArray.parseInstruction(ILcom/android/dx/cf/code/BytecodeArray$Visitor;)I @ 923
Event: 2.834 Thread 0x0000000016c6d000 Uncommon trap: reason=bimorphic action=maybe_recompile pc=0x0000000002eb0e2c method=com.android.dx.cf.code.BytecodeArray.parseInstruction(ILcom/android/dx/cf/code/BytecodeArray$Visitor;)I @ 1224
Event: 3.265 Thread 0x00000000028c0800 Uncommon trap: reason=bimorphic action=maybe_recompile pc=0x0000000002caa8f0 method=java.util.HashMap.getNode(ILjava/lang/Object;)Ljava/util/HashMap$Node; @ 126
Event: 3.265 Thread 0x00000000028c0800 Uncommon trap: reason=bimorphic action=maybe_recompile pc=0x0000000002caa8f0 method=java.util.HashMap.getNode(ILjava/lang/Object;)Ljava/util/HashMap$Node; @ 126
Event: 3.268 Thread 0x00000000028c0800 Uncommon trap: reason=bimorphic action=maybe_recompile pc=0x0000000002caa8f0 method=java.util.HashMap.getNode(ILjava/lang/Object;)Ljava/util/HashMap$Node; @ 126

Internal exceptions (2 events):
Event: 0.812 Thread 0x00000000028c0800 Exception <a 'java/lang/NoSuchMethodError': Method sun.misc.Unsafe.defineClass(Ljava/lang/String;[BII)Ljava/lang/Class; name or signature does not match> (0x00000000eab0d420) thrown at [D:\re\puppet\workspace\8-2-build-windows-amd64-cygwin\jdk8u73\6086\hotÓ–ø}Óýé?
Event: 0.812 Thread 0x00000000028c0800 Exception <a 'java/lang/NoSuchMethodError': Method sun.misc.Unsafe.prefetchRead(Ljava/lang/Object;J)V name or signature does not match> (0x00000000eab0d708) thrown at [D:\re\puppet\workspace\8-2-build-windows-amd64-cygwin\jdk8u73\6086\hotspot\src\share\vm\

Events (10 events):
Event: 3.220 Executing VM operation: ParallelGCFailedAllocation done
Event: 3.265 Thread 0x00000000028c0800 Uncommon trap: trap_request=0xffffffc6 fr.pc=0x0000000002caa8f0
Event: 3.265 Thread 0x00000000028c0800 DEOPT PACKING pc=0x0000000002caa8f0 sp=0x00000000028be090
Event: 3.265 Thread 0x00000000028c0800 DEOPT UNPACKING pc=0x0000000002a0582a sp=0x00000000028be010 mode 2
Event: 3.265 Thread 0x00000000028c0800 Uncommon trap: trap_request=0xffffffc6 fr.pc=0x0000000002caa8f0
Event: 3.265 Thread 0x00000000028c0800 DEOPT PACKING pc=0x0000000002caa8f0 sp=0x00000000028be090
Event: 3.265 Thread 0x00000000028c0800 DEOPT UNPACKING pc=0x0000000002a0582a sp=0x00000000028be010 mode 2
Event: 3.268 Thread 0x00000000028c0800 Uncommon trap: trap_request=0xffffffc6 fr.pc=0x0000000002caa8f0
Event: 3.268 Thread 0x00000000028c0800 DEOPT PACKING pc=0x0000000002caa8f0 sp=0x00000000028be090
Event: 3.268 Thread 0x00000000028c0800 DEOPT UNPACKING pc=0x0000000002a0582a sp=0x00000000028be010 mode 2


Dynamic libraries:
0x00007ff653420000 - 0x00007ff653457000 	C:\Program Files\Java\jdk1.8.0_73\bin\java.exe
0x00007fffe7820000 - 0x00007fffe79cd000 	C:\Windows\SYSTEM32\ntdll.dll
0x00007fffe7540000 - 0x00007fffe767e000 	C:\Windows\system32\KERNEL32.DLL
0x00007fffe4b80000 - 0x00007fffe4c95000 	C:\Windows\system32\KERNELBASE.dll
0x00007fffe3510000 - 0x00007fffe359e000 	C:\Windows\system32\apphelp.dll
0x00007fffdbb50000 - 0x00007fffdbba3000 	C:\Windows\AppPatch\AppPatch64\AcGenral.DLL
0x00007fffe5390000 - 0x00007fffe543a000 	C:\Windows\system32\msvcrt.dll
0x00007fffe4ca0000 - 0x00007fffe4cce000 	C:\Windows\system32\SspiCli.dll
0x00007fffe5130000 - 0x00007fffe5184000 	C:\Windows\system32\SHLWAPI.dll
0x00007fffe5190000 - 0x00007fffe5307000 	C:\Windows\system32\USER32.dll
0x00007fffe7680000 - 0x00007fffe7814000 	C:\Windows\system32\ole32.dll
0x00007fffe5d80000 - 0x00007fffe72ac000 	C:\Windows\system32\SHELL32.dll
0x00007fffe3f10000 - 0x00007fffe3f31000 	C:\Windows\SYSTEM32\USERENV.dll
0x00007fffe4eb0000 - 0x00007fffe4f5a000 	C:\Windows\system32\ADVAPI32.dll
0x00007fffd8bb0000 - 0x00007fffd8bce000 	C:\Windows\SYSTEM32\MPR.dll
0x00007fffe57f0000 - 0x00007fffe5930000 	C:\Windows\system32\RPCRT4.dll
0x00007fffe5630000 - 0x00007fffe5689000 	C:\Windows\SYSTEM32\sechost.dll
0x00007fffe72c0000 - 0x00007fffe74d2000 	C:\Windows\SYSTEM32\combase.dll
0x00007fffe5c30000 - 0x00007fffe5d7b000 	C:\Windows\system32\GDI32.dll
0x00007fffe4950000 - 0x00007fffe4965000 	C:\Windows\SYSTEM32\profapi.dll
0x00007fffe2ff0000 - 0x00007fffe30a2000 	C:\Windows\SYSTEM32\SHCORE.dll
0x00007fffe50f0000 - 0x00007fffe5126000 	C:\Windows\system32\IMM32.DLL
0x00007fffe5690000 - 0x00007fffe57e1000 	C:\Windows\system32\MSCTF.dll
0x00007fffe2830000 - 0x00007fffe2aab000 	C:\Windows\WinSxS\amd64_microsoft.windows.common-controls_6595b64144ccf1df_6.0.9600.18006_none_623f33d3ecbe86e8\COMCTL32.dll
0x00000000572a0000 - 0x0000000057372000 	C:\Program Files\Java\jdk1.8.0_73\jre\bin\msvcr100.dll
0x0000000057800000 - 0x0000000058090000 	C:\Program Files\Java\jdk1.8.0_73\jre\bin\server\jvm.dll
0x00007fffcfe00000 - 0x00007fffcfe09000 	C:\Windows\SYSTEM32\WSOCK32.dll
0x00007fffdfbc0000 - 0x00007fffdfbe2000 	C:\Windows\SYSTEM32\WINMM.dll
0x00007fffdfc30000 - 0x00007fffdfc3a000 	C:\Windows\SYSTEM32\VERSION.dll
0x00007fffe5380000 - 0x00007fffe5387000 	C:\Windows\system32\PSAPI.DLL
0x00007fffe74e0000 - 0x00007fffe753a000 	C:\Windows\system32\WS2_32.dll
0x00007fffdfb90000 - 0x00007fffdfbba000 	C:\Windows\SYSTEM32\WINMMBASE.dll
0x00007fffe72b0000 - 0x00007fffe72b9000 	C:\Windows\system32\NSI.dll
0x00007fffe4b30000 - 0x00007fffe4b7f000 	C:\Windows\SYSTEM32\cfgmgr32.dll
0x00007fffe3790000 - 0x00007fffe37b8000 	C:\Windows\SYSTEM32\DEVOBJ.dll
0x0000000057710000 - 0x000000005771f000 	C:\Program Files\Java\jdk1.8.0_73\jre\bin\verify.dll
0x00000000576e0000 - 0x0000000057709000 	C:\Program Files\Java\jdk1.8.0_73\jre\bin\java.dll
0x00000000576c0000 - 0x00000000576d6000 	C:\Program Files\Java\jdk1.8.0_73\jre\bin\zip.dll

VM Arguments:
jvm_args: -Djava.awt.headless=true -Xmx1024M -Dfile.encoding=windows-1252 -Duser.country=US -Duser.language=en -Duser.variant 
java_command: com.android.dx.command.Main --dex --num-threads=4 --output C:\android_work\asad_bhai\UnitConvertorProject\UnitConvertor\app\build\intermediates\pre-dexed\release\com.android.support-support-core-ui-25.0.1_bb19192081ed73e0f5d9d09ae8a6dfd8f0eabb26.jar C:\android_work\asad_bhai\UnitConvertorProject\UnitConvertor\app\build\intermediates\exploded-aar\com.android.support\support-core-ui\25.0.1\jars\classes.jar
java_class_path (initial): C:\Android\Sdk\build-tools\25.0.0\lib\dx.jar
Launcher Type: SUN_STANDARD

Environment Variables:
PATH=C:\ProgramData\Oracle\Java\javapath;C:\Windows\system32;C:\Windows;C:\Windows\System32\Wbem;C:\Windows\System32\WindowsPowerShell\v1.0\;C:\Program Files\Git\cmd;C:\Program Files (x86)\Skype\Phone\;C:\instantclient_12_2;C:\Program Files (x86)\Ampps\php;C:\composer;C:\Users\rehan\AppData\Roaming\Composer\vendor\bin
USERNAME=rehan
OS=Windows_NT
PROCESSOR_IDENTIFIER=Intel64 Family 6 Model 58 Stepping 9, GenuineIntel



---------------  S Y S T E M  ---------------

OS: Windows 8.1 , 64 bit Build 9600 (6.3.9600.17415)

CPU:total 4 (2 cores per cpu, 2 threads per core) family 6 model 58 stepping 9, cmov, cx8, fxsr, mmx, sse, sse2, sse3, ssse3, sse4.1, sse4.2, popcnt, avx, aes, clmul, erms, ht, tsc, tscinvbit, tscinv

Memory: 4k page, physical 8281448k(1009180k free), swap 11427176k(5088k free)

vm_info: Java HotSpot(TM) 64-Bit Server VM (25.73-b02) for windows-amd64 JRE (1.8.0_73-b02), built on Jan 29 2016 17:38:49 by "java_re" with MS VC++ 10.0 (VS2010)

time: Sat Mar 10 06:27:37 2018
elapsed time: 3 seconds (0d 0h 0m 3s)

