#
# There is insufficient memory for the Java Runtime Environment to continue.
# Native memory allocation (malloc) failed to allocate 970336 bytes for Chunk::new
# Possible reasons:
#   The system is out of physical RAM or swap space
#   In 32 bit mode, the process size limit was hit
# Possible solutions:
#   Reduce memory load on the system
#   Increase physical memory or swap space
#   Check if swap backing store is full
#   Use 64 bit Java on a 64 bit OS
#   Decrease Java heap size (-Xmx/-Xms)
#   Decrease number of Java threads
#   Decrease Java thread stack sizes (-Xss)
#   Set larger code cache with -XX:ReservedCodeCacheSize=
# This output file may be truncated or incomplete.
#
#  Out of Memory Error (allocation.cpp:390), pid=6508, tid=6712
#
# JRE version: Java(TM) SE Runtime Environment (8.0_73-b02) (build 1.8.0_73-b02)
# Java VM: Java HotSpot(TM) 64-Bit Server VM (25.73-b02 mixed mode windows-amd64 compressed oops)
# Failed to write core dump. Minidumps are not enabled by default on client versions of Windows
#

---------------  T H R E A D  ---------------

Current thread (0x00000000150a5800):  JavaThread "C2 CompilerThread1" daemon [_thread_in_native, id=6712, stack(0x0000000016780000,0x0000000016880000)]

Stack: [0x0000000016780000,0x0000000016880000]
[error occurred during error reporting (printing stack bounds), id 0xc0000005]

Native frames: (J=compiled Java code, j=interpreted, Vv=VM code, C=native code)


Current CompileTask:
C2:   4914 1962       4       com.android.dx.dex.code.OutputFinisher::getAllConstants (47 bytes)


---------------  P R O C E S S  ---------------

Java Threads: ( => current thread )
  0x0000000016980800 JavaThread "Service Thread" daemon [_thread_blocked, id=3212, stack(0x0000000016d80000,0x0000000016e80000)]
  0x00000000150a8800 JavaThread "C1 CompilerThread2" daemon [_thread_blocked, id=4872, stack(0x0000000016880000,0x0000000016980000)]
=>0x00000000150a5800 JavaThread "C2 CompilerThread1" daemon [_thread_in_native, id=6712, stack(0x0000000016780000,0x0000000016880000)]
  0x0000000015049800 JavaThread "C2 CompilerThread0" daemon [_thread_in_native, id=2184, stack(0x0000000016680000,0x0000000016780000)]
  0x0000000015056000 JavaThread "Attach Listener" daemon [_thread_blocked, id=5540, stack(0x0000000016580000,0x0000000016680000)]
  0x0000000015055000 JavaThread "Signal Dispatcher" daemon [_thread_blocked, id=5972, stack(0x0000000016480000,0x0000000016580000)]
  0x00000000028c6000 JavaThread "Finalizer" daemon [_thread_blocked, id=7108, stack(0x00000000162a0000,0x00000000163a0000)]
  0x00000000028bd000 JavaThread "Reference Handler" daemon [_thread_blocked, id=6020, stack(0x00000000161a0000,0x00000000162a0000)]
  0x00000000027d0800 JavaThread "main" [_thread_in_Java, id=2940, stack(0x0000000002680000,0x0000000002780000)]

Other Threads:
  0x0000000015017800 VMThread [stack: 0x00000000160a0000,0x00000000161a0000] [id=6836]
  0x000000001698d000 WatcherThread [stack: 0x0000000016e80000,0x0000000016f80000] [id=5536]

VM state:not at safepoint (normal execution)

VM Mutex/Monitor currently owned by a thread: None

Heap:
 PSYoungGen      total 79872K, used 15455K [0x00000000eab00000, 0x00000000f0600000, 0x0000000100000000)
  eden space 66560K, 7% used [0x00000000eab00000,0x00000000eb021a68,0x00000000eec00000)
  from space 13312K, 76% used [0x00000000ef900000,0x00000000f02f6430,0x00000000f0600000)
  to   space 13312K, 0% used [0x00000000eec00000,0x00000000eec00000,0x00000000ef900000)
 ParOldGen       total 87552K, used 20205K [0x00000000c0000000, 0x00000000c5580000, 0x00000000eab00000)
  object space 87552K, 23% used [0x00000000c0000000,0x00000000c13bb678,0x00000000c5580000)
 Metaspace       used 6371K, capacity 7280K, committed 7552K, reserved 1056768K
  class space    used 595K, capacity 616K, committed 640K, reserved 1048576K

Card table byte_map: [0x0000000011d40000,0x0000000011f50000] byte_map_base: 0x0000000011740000

Marking Bits: (ParMarkBitMap*) 0x0000000074b90600
 Begin Bits: [0x00000000124b0000, 0x00000000134b0000)
 End Bits:   [0x00000000134b0000, 0x00000000144b0000)

Polling page: 0x0000000000e10000

CodeCache: size=245760Kb used=8101Kb max_used=8126Kb free=237658Kb
 bounds [0x0000000002980000, 0x0000000003180000, 0x0000000011980000]
 total_blobs=2198 nmethods=1934 adapters=176
 compilation: enabled

Compilation events (10 events):
Event: 4.881 Thread 0x00000000150a8800 1974       1       com.android.dx.dex.file.DebugInfoItem::addContents (1 bytes)
Event: 4.881 Thread 0x00000000150a8800 nmethod 1974 0x000000000315a410 code [0x000000000315a560, 0x000000000315a670]
Event: 4.895 Thread 0x0000000015049800 nmethod 1812 0x000000000316b810 code [0x000000000316bbe0, 0x000000000316fba0]
Event: 4.896 Thread 0x0000000015049800 1930       4       java.util.TreeMap::successor (66 bytes)
Event: 4.897 Thread 0x0000000015049800 nmethod 1930 0x000000000315be50 code [0x000000000315bf80, 0x000000000315c038]
Event: 4.897 Thread 0x0000000015049800 1957       4       com.android.dx.rop.cst.CstType::hashCode (8 bytes)
Event: 4.900 Thread 0x0000000015049800 nmethod 1957 0x0000000003168650 code [0x00000000031687a0, 0x0000000003168938]
Event: 4.900 Thread 0x0000000015049800 1928       4       java.util.TreeMap$PrivateEntryIterator::nextEntry (54 bytes)
Event: 4.903 Thread 0x0000000015049800 nmethod 1928 0x0000000003168250 code [0x00000000031683a0, 0x00000000031684d8]
Event: 4.903 Thread 0x0000000015049800 1960       4       com.android.dx.dex.file.DexFile::internIfAppropriate (128 bytes)

GC Heap History (10 events):
Event: 3.523 GC heap before
{Heap before GC invocations=2 (full 0):
 PSYoungGen      total 38400K, used 38382K [0x00000000eab00000, 0x00000000ed580000, 0x0000000100000000)
  eden space 33280K, 100% used [0x00000000eab00000,0x00000000ecb80000,0x00000000ecb80000)
  from space 5120K, 99% used [0x00000000ecb80000,0x00000000ed07ba98,0x00000000ed080000)
  to   space 5120K, 0% used [0x00000000ed080000,0x00000000ed080000,0x00000000ed580000)
 ParOldGen       total 87552K, used 591K [0x00000000c0000000, 0x00000000c5580000, 0x00000000eab00000)
  object space 87552K, 0% used [0x00000000c0000000,0x00000000c0093df8,0x00000000c5580000)
 Metaspace       used 6112K, capacity 7088K, committed 7296K, reserved 1056768K
  class space    used 590K, capacity 616K, committed 640K, reserved 1048576K
Event: 3.549 GC heap after
Heap after GC invocations=2 (full 0):
 PSYoungGen      total 38400K, used 5114K [0x00000000eab00000, 0x00000000ed580000, 0x0000000100000000)
  eden space 33280K, 0% used [0x00000000eab00000,0x00000000eab00000,0x00000000ecb80000)
  from space 5120K, 99% used [0x00000000ed080000,0x00000000ed57eaa8,0x00000000ed580000)
  to   space 5120K, 0% used [0x00000000ecb80000,0x00000000ecb80000,0x00000000ed080000)
 ParOldGen       total 87552K, used 4221K [0x00000000c0000000, 0x00000000c5580000, 0x00000000eab00000)
  object space 87552K, 4% used [0x00000000c0000000,0x00000000c041f490,0x00000000c5580000)
 Metaspace       used 6112K, capacity 7088K, committed 7296K, reserved 1056768K
  class space    used 590K, capacity 616K, committed 640K, reserved 1048576K
}
Event: 3.872 GC heap before
{Heap before GC invocations=3 (full 0):
 PSYoungGen      total 38400K, used 38394K [0x00000000eab00000, 0x00000000ed580000, 0x0000000100000000)
  eden space 33280K, 99% used [0x00000000eab00000,0x00000000ecb7fff8,0x00000000ecb80000)
  from space 5120K, 99% used [0x00000000ed080000,0x00000000ed57eaa8,0x00000000ed580000)
  to   space 5120K, 0% used [0x00000000ecb80000,0x00000000ecb80000,0x00000000ed080000)
 ParOldGen       total 87552K, used 4221K [0x00000000c0000000, 0x00000000c5580000, 0x00000000eab00000)
  object space 87552K, 4% used [0x00000000c0000000,0x00000000c041f490,0x00000000c5580000)
 Metaspace       used 6179K, capacity 7152K, committed 7296K, reserved 1056768K
  class space    used 590K, capacity 616K, committed 640K, reserved 1048576K
Event: 3.899 GC heap after
Heap after GC invocations=3 (full 0):
 PSYoungGen      total 38400K, used 5104K [0x00000000eab00000, 0x00000000ed580000, 0x0000000100000000)
  eden space 33280K, 0% used [0x00000000eab00000,0x00000000eab00000,0x00000000ecb80000)
  from space 5120K, 99% used [0x00000000ecb80000,0x00000000ed07c038,0x00000000ed080000)
  to   space 5120K, 0% used [0x00000000ed080000,0x00000000ed080000,0x00000000ed580000)
 ParOldGen       total 87552K, used 9964K [0x00000000c0000000, 0x00000000c5580000, 0x00000000eab00000)
  object space 87552K, 11% used [0x00000000c0000000,0x00000000c09bb068,0x00000000c5580000)
 Metaspace       used 6179K, capacity 7152K, committed 7296K, reserved 1056768K
  class space    used 590K, capacity 616K, committed 640K, reserved 1048576K
}
Event: 4.164 GC heap before
{Heap before GC invocations=4 (full 0):
 PSYoungGen      total 38400K, used 38384K [0x00000000eab00000, 0x00000000ed580000, 0x0000000100000000)
  eden space 33280K, 100% used [0x00000000eab00000,0x00000000ecb80000,0x00000000ecb80000)
  from space 5120K, 99% used [0x00000000ecb80000,0x00000000ed07c038,0x00000000ed080000)
  to   space 5120K, 0% used [0x00000000ed080000,0x00000000ed080000,0x00000000ed580000)
 ParOldGen       total 87552K, used 9964K [0x00000000c0000000, 0x00000000c5580000, 0x00000000eab00000)
  object space 87552K, 11% used [0x00000000c0000000,0x00000000c09bb068,0x00000000c5580000)
 Metaspace       used 6237K, capacity 7152K, committed 7296K, reserved 1056768K
  class space    used 590K, capacity 616K, committed 640K, reserved 1048576K
Event: 4.193 GC heap after
Heap after GC invocations=4 (full 0):
 PSYoungGen      total 38400K, used 5107K [0x00000000eab00000, 0x00000000ef600000, 0x0000000100000000)
  eden space 33280K, 0% used [0x00000000eab00000,0x00000000eab00000,0x00000000ecb80000)
  from space 5120K, 99% used [0x00000000ed080000,0x00000000ed57cf10,0x00000000ed580000)
  to   space 5120K, 0% used [0x00000000ecb80000,0x00000000ecb80000,0x00000000ed080000)
 ParOldGen       total 87552K, used 15150K [0x00000000c0000000, 0x00000000c5580000, 0x00000000eab00000)
  object space 87552K, 17% used [0x00000000c0000000,0x00000000c0ecbae8,0x00000000c5580000)
 Metaspace       used 6237K, capacity 7152K, committed 7296K, reserved 1056768K
  class space    used 590K, capacity 616K, committed 640K, reserved 1048576K
}
Event: 4.420 GC heap before
{Heap before GC invocations=5 (full 0):
 PSYoungGen      total 38400K, used 38387K [0x00000000eab00000, 0x00000000ef600000, 0x0000000100000000)
  eden space 33280K, 100% used [0x00000000eab00000,0x00000000ecb80000,0x00000000ecb80000)
  from space 5120K, 99% used [0x00000000ed080000,0x00000000ed57cf10,0x00000000ed580000)
  to   space 5120K, 0% used [0x00000000ecb80000,0x00000000ecb80000,0x00000000ed080000)
 ParOldGen       total 87552K, used 15150K [0x00000000c0000000, 0x00000000c5580000, 0x00000000eab00000)
  object space 87552K, 17% used [0x00000000c0000000,0x00000000c0ecbae8,0x00000000c5580000)
 Metaspace       used 6250K, capacity 7216K, committed 7296K, reserved 1056768K
  class space    used 590K, capacity 616K, committed 640K, reserved 1048576K
Event: 4.466 GC heap after
Heap after GC invocations=5 (full 0):
 PSYoungGen      total 38400K, used 5113K [0x00000000eab00000, 0x00000000f0600000, 0x0000000100000000)
  eden space 33280K, 0% used [0x00000000eab00000,0x00000000eab00000,0x00000000ecb80000)
  from space 5120K, 99% used [0x00000000ecb80000,0x00000000ed07e420,0x00000000ed080000)
  to   space 13312K, 0% used [0x00000000ef900000,0x00000000ef900000,0x00000000f0600000)
 ParOldGen       total 87552K, used 20197K [0x00000000c0000000, 0x00000000c5580000, 0x00000000eab00000)
  object space 87552K, 23% used [0x00000000c0000000,0x00000000c13b9678,0x00000000c5580000)
 Metaspace       used 6250K, capacity 7216K, committed 7296K, reserved 1056768K
  class space    used 590K, capacity 616K, committed 640K, reserved 1048576K
}
Event: 4.660 GC heap before
{Heap before GC invocations=6 (full 0):
 PSYoungGen      total 38400K, used 38393K [0x00000000eab00000, 0x00000000f0600000, 0x0000000100000000)
  eden space 33280K, 100% used [0x00000000eab00000,0x00000000ecb80000,0x00000000ecb80000)
  from space 5120K, 99% used [0x00000000ecb80000,0x00000000ed07e420,0x00000000ed080000)
  to   space 13312K, 0% used [0x00000000ef900000,0x00000000ef900000,0x00000000f0600000)
 ParOldGen       total 87552K, used 20197K [0x00000000c0000000, 0x00000000c5580000, 0x00000000eab00000)
  object space 87552K, 23% used [0x00000000c0000000,0x00000000c13b9678,0x00000000c5580000)
 Metaspace       used 6273K, capacity 7216K, committed 7296K, reserved 1056768K
  class space    used 590K, capacity 616K, committed 640K, reserved 1048576K
Event: 4.712 GC heap after
Heap after GC invocations=6 (full 0):
 PSYoungGen      total 79872K, used 10201K [0x00000000eab00000, 0x00000000f0600000, 0x0000000100000000)
  eden space 66560K, 0% used [0x00000000eab00000,0x00000000eab00000,0x00000000eec00000)
  from space 13312K, 76% used [0x00000000ef900000,0x00000000f02f6430,0x00000000f0600000)
  to   space 13312K, 0% used [0x00000000eec00000,0x00000000eec00000,0x00000000ef900000)
 ParOldGen       total 87552K, used 20205K [0x00000000c0000000, 0x00000000c5580000, 0x00000000eab00000)
  object space 87552K, 23% used [0x00000000c0000000,0x00000000c13bb678,0x00000000c5580000)
 Metaspace       used 6273K, capacity 7216K, committed 7296K, reserved 1056768K
  class space    used 590K, capacity 616K, committed 640K, reserved 1048576K
}

Deoptimization events (10 events):
Event: 4.045 Thread 0x0000000016c5b000 Uncommon trap: reason=bimorphic action=maybe_recompile pc=0x0000000002d8e078 method=java.util.HashMap.getNode(ILjava/lang/Object;)Ljava/util/HashMap$Node; @ 126
Event: 4.407 Thread 0x0000000016c59000 Uncommon trap: reason=unstable_if action=reinterpret pc=0x0000000002d8e058 method=java.util.HashMap.getNode(ILjava/lang/Object;)Ljava/util/HashMap$Node; @ 84
Event: 4.735 Thread 0x00000000027d0800 Uncommon trap: reason=class_check action=maybe_recompile pc=0x0000000002de081c method=java.util.Arrays.hashCode([Ljava/lang/Object;)I @ 43
Event: 4.735 Thread 0x00000000027d0800 Uncommon trap: reason=class_check action=maybe_recompile pc=0x0000000002de081c method=java.util.Arrays.hashCode([Ljava/lang/Object;)I @ 43
Event: 4.735 Thread 0x00000000027d0800 Uncommon trap: reason=class_check action=maybe_recompile pc=0x0000000002de081c method=java.util.Arrays.hashCode([Ljava/lang/Object;)I @ 43
Event: 4.735 Thread 0x00000000027d0800 Uncommon trap: reason=class_check action=maybe_recompile pc=0x0000000002de081c method=java.util.Arrays.hashCode([Ljava/lang/Object;)I @ 43
Event: 4.735 Thread 0x00000000027d0800 Uncommon trap: reason=class_check action=maybe_recompile pc=0x0000000002dee2f8 method=java.util.Arrays.hashCode([Ljava/lang/Object;)I @ 43
Event: 4.754 Thread 0x00000000027d0800 Uncommon trap: reason=class_check action=maybe_recompile pc=0x0000000002fc6a1c method=java.util.HashMap.putVal(ILjava/lang/Object;Ljava/lang/Object;ZZ)Ljava/lang/Object; @ 91
Event: 4.756 Thread 0x00000000027d0800 Uncommon trap: reason=unstable_if action=reinterpret pc=0x0000000003103f30 method=java.util.HashMap.putVal(ILjava/lang/Object;Ljava/lang/Object;ZZ)Ljava/lang/Object; @ 193
Event: 4.853 Thread 0x00000000027d0800 Uncommon trap: reason=unstable_if action=reinterpret pc=0x000000000308b1fc method=java.util.HashMap.resize()[Ljava/util/HashMap$Node; @ 206

Internal exceptions (4 events):
Event: 0.097 Thread 0x00000000027d0800 Exception <a 'java/lang/NoSuchMethodError': Method sun.misc.Unsafe.defineClass(Ljava/lang/String;[BII)Ljava/lang/Class; name or signature does not match> (0x00000000eab0d048) thrown at [D:\re\puppet\workspace\8-2-build-windows-amd64-cygwin\jdk8u73\6086\hot¢P§ç¦ñ¸?
Event: 0.097 Thread 0x00000000027d0800 Exception <a 'java/lang/NoSuchMethodError': Method sun.misc.Unsafe.prefetchRead(Ljava/lang/Object;J)V name or signature does not match> (0x00000000eab0d330) thrown at [D:\re\puppet\workspace\8-2-build-windows-amd64-cygwin\jdk8u73\6086\hotspot\src\share\vm\”zýLši
@
Event: 3.302 Thread 0x0000000016c14800 Implicit null exception at 0x0000000002d487c5 to 0x0000000002d495cd
Event: 3.432 Thread 0x0000000016c59800 Implicit null exception at 0x0000000002f843e2 to 0x0000000002f844d2

Events (10 events):
Event: 4.756 Thread 0x00000000027d0800 DEOPT UNPACKING pc=0x00000000029c582a sp=0x000000000277f0c8 mode 2
Event: 4.774 loading class com/android/dx/dex/file/CatchStructs
Event: 4.774 loading class com/android/dx/dex/file/CatchStructs done
Event: 4.804 Thread 0x00000000027d0800 DEOPT PACKING pc=0x0000000003127694 sp=0x000000000277f1e0
Event: 4.804 Thread 0x00000000027d0800 DEOPT UNPACKING pc=0x00000000029c787f sp=0x000000000277ef70 mode 0
Event: 4.806 Thread 0x00000000027d0800 DEOPT PACKING pc=0x0000000003128f75 sp=0x000000000277f160
Event: 4.806 Thread 0x00000000027d0800 DEOPT UNPACKING pc=0x00000000029c787f sp=0x000000000277eea8 mode 0
Event: 4.853 Thread 0x00000000027d0800 Uncommon trap: trap_request=0xffffff65 fr.pc=0x000000000308b1fc
Event: 4.853 Thread 0x00000000027d0800 DEOPT PACKING pc=0x000000000308b1fc sp=0x000000000277efc0
Event: 4.853 Thread 0x00000000027d0800 DEOPT UNPACKING pc=0x00000000029c582a sp=0x000000000277ef28 mode 2


Dynamic libraries:
0x00007ff62cf20000 - 0x00007ff62cf57000 	C:\Program Files\Java\jdk1.8.0_73\bin\java.exe
0x00007fffbdfe0000 - 0x00007fffbe18d000 	C:\Windows\SYSTEM32\ntdll.dll
0x00007fffbc1a0000 - 0x00007fffbc2de000 	C:\Windows\system32\KERNEL32.DLL
0x00007fffbb210000 - 0x00007fffbb325000 	C:\Windows\system32\KERNELBASE.dll
0x00007fffb9cd0000 - 0x00007fffb9d5e000 	C:\Windows\system32\apphelp.dll
0x00007fffa57c0000 - 0x00007fffa5813000 	C:\Windows\AppPatch\AppPatch64\AcGenral.DLL
0x00007fffbdaa0000 - 0x00007fffbdb4a000 	C:\Windows\system32\msvcrt.dll
0x00007fffbb1e0000 - 0x00007fffbb20e000 	C:\Windows\system32\SspiCli.dll
0x00007fffbc2e0000 - 0x00007fffbc334000 	C:\Windows\system32\SHLWAPI.dll
0x00007fffbde60000 - 0x00007fffbdfd7000 	C:\Windows\system32\USER32.dll
0x00007fffbc000000 - 0x00007fffbc194000 	C:\Windows\system32\ole32.dll
0x00007fffbc400000 - 0x00007fffbd929000 	C:\Windows\system32\SHELL32.dll
0x00007fffba6d0000 - 0x00007fffba6f1000 	C:\Windows\SYSTEM32\USERENV.dll
0x00007fffbbed0000 - 0x00007fffbbf7a000 	C:\Windows\system32\ADVAPI32.dll
0x00007fffaf6a0000 - 0x00007fffaf6be000 	C:\Windows\SYSTEM32\MPR.dll
0x00007fffbbb70000 - 0x00007fffbbcb0000 	C:\Windows\system32\RPCRT4.dll
0x00007fffbde00000 - 0x00007fffbde59000 	C:\Windows\SYSTEM32\sechost.dll
0x00007fffbbcb0000 - 0x00007fffbbec2000 	C:\Windows\SYSTEM32\combase.dll
0x00007fffbb690000 - 0x00007fffbb7db000 	C:\Windows\system32\GDI32.dll
0x00007fffbb110000 - 0x00007fffbb125000 	C:\Windows\SYSTEM32\profapi.dll
0x00007fffb94f0000 - 0x00007fffb95a2000 	C:\Windows\SYSTEM32\SHCORE.dll
0x00007fffbdc20000 - 0x00007fffbdc56000 	C:\Windows\system32\IMM32.DLL
0x00007fffbd940000 - 0x00007fffbda91000 	C:\Windows\system32\MSCTF.dll
0x00007fffb8b60000 - 0x00007fffb8ddb000 	C:\Windows\WinSxS\amd64_microsoft.windows.common-controls_6595b64144ccf1df_6.0.9600.18006_none_623f33d3ecbe86e8\COMCTL32.dll
0x0000000074ee0000 - 0x0000000074fb2000 	C:\Program Files\Java\jdk1.8.0_73\jre\bin\msvcr100.dll
0x0000000074380000 - 0x0000000074c10000 	C:\Program Files\Java\jdk1.8.0_73\jre\bin\server\jvm.dll
0x00007fffb6ed0000 - 0x00007fffb6ed9000 	C:\Windows\SYSTEM32\WSOCK32.dll
0x00007fffb6380000 - 0x00007fffb63a2000 	C:\Windows\SYSTEM32\WINMM.dll
0x00007fffb6400000 - 0x00007fffb640a000 	C:\Windows\SYSTEM32\VERSION.dll
0x00007fffbdc60000 - 0x00007fffbdc67000 	C:\Windows\system32\PSAPI.DLL
0x00007fffbbfa0000 - 0x00007fffbbffa000 	C:\Windows\system32\WS2_32.dll
0x00007fffb6350000 - 0x00007fffb637a000 	C:\Windows\SYSTEM32\WINMMBASE.dll
0x00007fffbb680000 - 0x00007fffbb689000 	C:\Windows\system32\NSI.dll
0x00007fffbb330000 - 0x00007fffbb37f000 	C:\Windows\SYSTEM32\cfgmgr32.dll
0x00007fffb9f20000 - 0x00007fffb9f48000 	C:\Windows\SYSTEM32\DEVOBJ.dll
0x0000000074290000 - 0x000000007429f000 	C:\Program Files\Java\jdk1.8.0_73\jre\bin\verify.dll
0x0000000074260000 - 0x0000000074289000 	C:\Program Files\Java\jdk1.8.0_73\jre\bin\java.dll
0x0000000074240000 - 0x0000000074256000 	C:\Program Files\Java\jdk1.8.0_73\jre\bin\zip.dll

VM Arguments:
jvm_args: -Djava.awt.headless=true -Xmx1024M -Dfile.encoding=windows-1252 -Duser.country=US -Duser.language=en -Duser.variant 
java_command: com.android.dx.command.Main --dex --num-threads=4 --output C:\android_work\asad_bhai\UnitConvertorProject\UnitConvertor\app\build\intermediates\pre-dexed\release\com.android.support-support-compat-25.0.1_65b5789229caddfd8424d53be1f833d630d92b1e.jar C:\android_work\asad_bhai\UnitConvertorProject\UnitConvertor\app\build\intermediates\exploded-aar\com.android.support\support-compat\25.0.1\jars\classes.jar
java_class_path (initial): C:\Android\Sdk\build-tools\25.0.0\lib\dx.jar
Launcher Type: SUN_STANDARD

Environment Variables:
PATH=C:\ProgramData\Oracle\Java\javapath;C:\Windows\system32;C:\Windows;C:\Windows\System32\Wbem;C:\Windows\System32\WindowsPowerShell\v1.0\;C:\Program Files\Git\cmd;C:\Program Files (x86)\Skype\Phone\;C:\instantclient_12_2;C:\Program Files (x86)\Ampps\php;C:\composer;C:\Users\rehan\AppData\Roaming\Composer\vendor\bin
USERNAME=rehan
OS=Windows_NT
PROCESSOR_IDENTIFIER=Intel64 Family 6 Model 58 Stepping 9, GenuineIntel



---------------  S Y S T E M  ---------------

OS: Windows 8.1 , 64 bit Build 9600 (6.3.9600.17415)

CPU:total 4 (2 cores per cpu, 2 threads per core) family 6 model 58 stepping 9, cmov, cx8, fxsr, mmx, sse, sse2, sse3, ssse3, sse4.1, sse4.2, popcnt, avx, aes, clmul, erms, ht, tsc, tscinvbit, tscinv

Memory: 4k page, physical 8281448k(880120k free), swap 10272408k(5468k free)

vm_info: Java HotSpot(TM) 64-Bit Server VM (25.73-b02) for windows-amd64 JRE (1.8.0_73-b02), built on Jan 29 2016 17:38:49 by "java_re" with MS VC++ 10.0 (VS2010)

time: Thu Jan 11 00:33:58 2018
elapsed time: 4 seconds (0d 0h 0m 4s)

