#
# There is insufficient memory for the Java Runtime Environment to continue.
# Native memory allocation (malloc) failed to allocate 32744 bytes for ChunkPool::allocate
# Possible reasons:
#   The system is out of physical RAM or swap space
#   In 32 bit mode, the process size limit was hit
# Possible solutions:
#   Reduce memory load on the system
#   Increase physical memory or swap space
#   Check if swap backing store is full
#   Use 64 bit Java on a 64 bit OS
#   Decrease Java heap size (-Xmx/-Xms)
#   Decrease number of Java threads
#   Decrease Java thread stack sizes (-Xss)
#   Set larger code cache with -XX:ReservedCodeCacheSize=
# This output file may be truncated or incomplete.
#
#  Out of Memory Error (allocation.cpp:273), pid=184, tid=4392
#
# JRE version: Java(TM) SE Runtime Environment (8.0_73-b02) (build 1.8.0_73-b02)
# Java VM: Java HotSpot(TM) 64-Bit Server VM (25.73-b02 mixed mode windows-amd64 compressed oops)
# Failed to write core dump. Minidumps are not enabled by default on client versions of Windows
#

---------------  T H R E A D  ---------------

Current thread (0x000000001464c800):  JavaThread "C1 CompilerThread2" daemon [_thread_in_native, id=4392, stack(0x0000000015e30000,0x0000000015f30000)]

Stack: [0x0000000015e30000,0x0000000015f30000]
[error occurred during error reporting (printing stack bounds), id 0xc0000005]

Native frames: (J=compiled Java code, j=interpreted, Vv=VM code, C=native code)


Current CompileTask:
C1:   1664  565   !   3       com.android.dx.cf.code.BytecodeArray::parseInstruction (2764 bytes)


---------------  P R O C E S S  ---------------

Java Threads: ( => current thread )
  0x0000000016143000 JavaThread "pool-1-thread-4" [_thread_in_Java, id=3924, stack(0x0000000016930000,0x0000000016a30000)]
  0x0000000016068800 JavaThread "pool-1-thread-3" [_thread_in_vm, id=5968, stack(0x0000000016830000,0x0000000016930000)]
  0x0000000016068000 JavaThread "pool-1-thread-2" [_thread_in_vm, id=4768, stack(0x0000000016730000,0x0000000016830000)]
  0x0000000016061800 JavaThread "pool-2-thread-1" [_thread_blocked, id=5412, stack(0x0000000016630000,0x0000000016730000)]
  0x000000001605d800 JavaThread "pool-1-thread-1" [_thread_in_Java, id=5520, stack(0x0000000016530000,0x0000000016630000)]
  0x0000000015f34800 JavaThread "Service Thread" daemon [_thread_blocked, id=7732, stack(0x0000000016330000,0x0000000016430000)]
=>0x000000001464c800 JavaThread "C1 CompilerThread2" daemon [_thread_in_native, id=4392, stack(0x0000000015e30000,0x0000000015f30000)]
  0x0000000014646800 JavaThread "C2 CompilerThread1" daemon [_thread_in_native, id=3304, stack(0x0000000015d30000,0x0000000015e30000)]
  0x00000000145e9800 JavaThread "C2 CompilerThread0" daemon [_thread_blocked, id=8088, stack(0x0000000015c30000,0x0000000015d30000)]
  0x00000000145f7000 JavaThread "Attach Listener" daemon [_thread_blocked, id=4644, stack(0x0000000015b30000,0x0000000015c30000)]
  0x00000000145f5800 JavaThread "Signal Dispatcher" daemon [_thread_blocked, id=7408, stack(0x0000000015a30000,0x0000000015b30000)]
  0x0000000001f16000 JavaThread "Finalizer" daemon [_thread_blocked, id=6908, stack(0x0000000015850000,0x0000000015950000)]
  0x0000000001f0d000 JavaThread "Reference Handler" daemon [_thread_blocked, id=372, stack(0x0000000015750000,0x0000000015850000)]
  0x0000000001e20800 JavaThread "main" [_thread_in_Java, id=7384, stack(0x0000000001c90000,0x0000000001d90000)]

Other Threads:
  0x00000000145b7800 VMThread [stack: 0x0000000015650000,0x0000000015750000] [id=6392]
  0x0000000015f4a800 WatcherThread [stack: 0x0000000016430000,0x0000000016530000] [id=7820]

VM state:not at safepoint (normal execution)

VM Mutex/Monitor currently owned by a thread: None

Heap:
 PSYoungGen      total 38400K, used 12680K [0x00000000eab00000, 0x00000000ed580000, 0x0000000100000000)
  eden space 33280K, 38% used [0x00000000eab00000,0x00000000eb762210,0x00000000ecb80000)
  from space 5120K, 0% used [0x00000000ed080000,0x00000000ed080000,0x00000000ed580000)
  to   space 5120K, 0% used [0x00000000ecb80000,0x00000000ecb80000,0x00000000ed080000)
 ParOldGen       total 87552K, used 0K [0x00000000c0000000, 0x00000000c5580000, 0x00000000eab00000)
  object space 87552K, 0% used [0x00000000c0000000,0x00000000c0000000,0x00000000c5580000)
 Metaspace       used 5358K, capacity 6448K, committed 6528K, reserved 1056768K
  class space    used 580K, capacity 616K, committed 640K, reserved 1048576K

Card table byte_map: [0x00000000112e0000,0x00000000114f0000] byte_map_base: 0x0000000010ce0000

Marking Bits: (ParMarkBitMap*) 0x0000000058010600
 Begin Bits: [0x0000000011a50000, 0x0000000012a50000)
 End Bits:   [0x0000000012a50000, 0x0000000013a50000)

Polling page: 0x0000000001c40000

CodeCache: size=245760Kb used=2147Kb max_used=2159Kb free=243612Kb
 bounds [0x0000000001f20000, 0x0000000002190000, 0x0000000010f20000]
 total_blobs=821 nmethods=558 adapters=176
 compilation: enabled

Compilation events (10 events):
Event: 1.659 Thread 0x000000001464c800 nmethod 561 0x0000000002137a50 code [0x0000000002137bc0, 0x0000000002137e18]
Event: 1.659 Thread 0x000000001464c800  507       1       com.android.dx.rop.code.ThrowingCstInsn::getCatches (5 bytes)
Event: 1.659 Thread 0x000000001464c800 nmethod 507 0x0000000002137f10 code [0x0000000002138060, 0x0000000002138170]
Event: 1.659 Thread 0x000000001464c800  563       3       com.android.dx.ssa.SsaInsn::<init> (29 bytes)
Event: 1.659 Thread 0x000000001464c800 nmethod 563 0x00000000021381d0 code [0x0000000002138340, 0x0000000002138608]
Event: 1.659 Thread 0x000000001464c800  566       3       com.android.dx.cf.code.ByteOps::opInfo (6 bytes)
Event: 1.659 Thread 0x000000001464c800 nmethod 566 0x0000000002138710 code [0x0000000002138860, 0x00000000021389b0]
Event: 1.659 Thread 0x000000001464c800  565   !   3       com.android.dx.cf.code.BytecodeArray::parseInstruction (2764 bytes)
Event: 1.660 Thread 0x0000000014646800  569       4       com.android.dx.util.IntList::growIfNeeded (46 bytes)
Event: 1.660 Thread 0x00000000145e9800  570       4       com.android.dx.util.IntList::add (65 bytes)

GC Heap History (0 events):
No events

Deoptimization events (0 events):
No events

Internal exceptions (2 events):
Event: 0.264 Thread 0x0000000001e20800 Exception <a 'java/lang/NoSuchMethodError': Method sun.misc.Unsafe.defineClass(Ljava/lang/String;[BII)Ljava/lang/Class; name or signature does not match> (0x00000000eab0d420) thrown at [D:\re\puppet\workspace\8-2-build-windows-amd64-cygwin\jdk8u73\6086\hots•‹!Î–?
Event: 0.264 Thread 0x0000000001e20800 Exception <a 'java/lang/NoSuchMethodError': Method sun.misc.Unsafe.prefetchRead(Ljava/lang/Object;J)V name or signature does not match> (0x00000000eab0d708) thrown at [D:\re\puppet\workspace\8-2-build-windows-amd64-cygwin\jdk8u73\6086\hotspot\src\share\vm\

Events (10 events):
Event: 1.568 loading class com/android/dx/ssa/PhiInsn$Operand
Event: 1.568 loading class com/android/dx/ssa/PhiInsn$Operand done
Event: 1.571 loading class com/android/dx/ssa/back/FirstFitLocalCombiningAllocator$Multiset
Event: 1.571 loading class com/android/dx/ssa/back/FirstFitLocalCombiningAllocator$Multiset done
Event: 1.572 loading class java/util/DualPivotQuicksort
Event: 1.573 loading class java/util/DualPivotQuicksort done
Event: 1.654 loading class java/util/TreeMap$EntrySet
Event: 1.655 loading class java/util/TreeMap$EntrySet done
Event: 1.655 loading class java/util/TreeMap$EntryIterator
Event: 1.655 loading class java/util/TreeMap$EntryIterator done


Dynamic libraries:
0x00007ff653420000 - 0x00007ff653457000 	C:\Program Files\Java\jdk1.8.0_73\bin\java.exe
0x00007fffe7820000 - 0x00007fffe79cd000 	C:\Windows\SYSTEM32\ntdll.dll
0x00007fffe7540000 - 0x00007fffe767e000 	C:\Windows\system32\KERNEL32.DLL
0x00007fffe4b80000 - 0x00007fffe4c95000 	C:\Windows\system32\KERNELBASE.dll
0x00007fffe3510000 - 0x00007fffe359e000 	C:\Windows\system32\apphelp.dll
0x00007fffdbb50000 - 0x00007fffdbba3000 	C:\Windows\AppPatch\AppPatch64\AcGenral.DLL
0x00007fffe5390000 - 0x00007fffe543a000 	C:\Windows\system32\msvcrt.dll
0x00007fffe4ca0000 - 0x00007fffe4cce000 	C:\Windows\system32\SspiCli.dll
0x00007fffe5130000 - 0x00007fffe5184000 	C:\Windows\system32\SHLWAPI.dll
0x00007fffe5190000 - 0x00007fffe5307000 	C:\Windows\system32\USER32.dll
0x00007fffe7680000 - 0x00007fffe7814000 	C:\Windows\system32\ole32.dll
0x00007fffe5d80000 - 0x00007fffe72ac000 	C:\Windows\system32\SHELL32.dll
0x00007fffe3f10000 - 0x00007fffe3f31000 	C:\Windows\SYSTEM32\USERENV.dll
0x00007fffe4eb0000 - 0x00007fffe4f5a000 	C:\Windows\system32\ADVAPI32.dll
0x00007fffd8bb0000 - 0x00007fffd8bce000 	C:\Windows\SYSTEM32\MPR.dll
0x00007fffe57f0000 - 0x00007fffe5930000 	C:\Windows\system32\RPCRT4.dll
0x00007fffe5630000 - 0x00007fffe5689000 	C:\Windows\SYSTEM32\sechost.dll
0x00007fffe72c0000 - 0x00007fffe74d2000 	C:\Windows\SYSTEM32\combase.dll
0x00007fffe5c30000 - 0x00007fffe5d7b000 	C:\Windows\system32\GDI32.dll
0x00007fffe4950000 - 0x00007fffe4965000 	C:\Windows\SYSTEM32\profapi.dll
0x00007fffe2ff0000 - 0x00007fffe30a2000 	C:\Windows\SYSTEM32\SHCORE.dll
0x00007fffe50f0000 - 0x00007fffe5126000 	C:\Windows\system32\IMM32.DLL
0x00007fffe5690000 - 0x00007fffe57e1000 	C:\Windows\system32\MSCTF.dll
0x00007fffe2830000 - 0x00007fffe2aab000 	C:\Windows\WinSxS\amd64_microsoft.windows.common-controls_6595b64144ccf1df_6.0.9600.18006_none_623f33d3ecbe86e8\COMCTL32.dll
0x00000000572a0000 - 0x0000000057372000 	C:\Program Files\Java\jdk1.8.0_73\jre\bin\msvcr100.dll
0x0000000057800000 - 0x0000000058090000 	C:\Program Files\Java\jdk1.8.0_73\jre\bin\server\jvm.dll
0x00007fffcfe00000 - 0x00007fffcfe09000 	C:\Windows\SYSTEM32\WSOCK32.dll
0x00007fffdfbc0000 - 0x00007fffdfbe2000 	C:\Windows\SYSTEM32\WINMM.dll
0x00007fffdfc30000 - 0x00007fffdfc3a000 	C:\Windows\SYSTEM32\VERSION.dll
0x00007fffe5380000 - 0x00007fffe5387000 	C:\Windows\system32\PSAPI.DLL
0x00007fffe74e0000 - 0x00007fffe753a000 	C:\Windows\system32\WS2_32.dll
0x00007fffdfb90000 - 0x00007fffdfbba000 	C:\Windows\SYSTEM32\WINMMBASE.dll
0x00007fffe72b0000 - 0x00007fffe72b9000 	C:\Windows\system32\NSI.dll
0x00007fffe4b30000 - 0x00007fffe4b7f000 	C:\Windows\SYSTEM32\cfgmgr32.dll
0x00007fffe3790000 - 0x00007fffe37b8000 	C:\Windows\SYSTEM32\DEVOBJ.dll
0x0000000057710000 - 0x000000005771f000 	C:\Program Files\Java\jdk1.8.0_73\jre\bin\verify.dll
0x00000000576e0000 - 0x0000000057709000 	C:\Program Files\Java\jdk1.8.0_73\jre\bin\java.dll
0x00000000576c0000 - 0x00000000576d6000 	C:\Program Files\Java\jdk1.8.0_73\jre\bin\zip.dll

VM Arguments:
jvm_args: -Djava.awt.headless=true -Xmx1024M -Dfile.encoding=windows-1252 -Duser.country=US -Duser.language=en -Duser.variant 
java_command: com.android.dx.command.Main --dex --num-threads=4 --output C:\android_work\asad_bhai\UnitConvertorProject\UnitConvertor\app\build\intermediates\pre-dexed\release\internal_impl-25.0.1_5c0e4288528b37ed19574b3c98d35dc5e88d31d6.jar C:\android_work\asad_bhai\UnitConvertorProject\UnitConvertor\app\build\intermediates\exploded-aar\com.android.support\support-core-utils\25.0.1\jars\libs\internal_impl-25.0.1.jar
java_class_path (initial): C:\Android\Sdk\build-tools\25.0.0\lib\dx.jar
Launcher Type: SUN_STANDARD

Environment Variables:
PATH=C:\ProgramData\Oracle\Java\javapath;C:\Windows\system32;C:\Windows;C:\Windows\System32\Wbem;C:\Windows\System32\WindowsPowerShell\v1.0\;C:\Program Files\Git\cmd;C:\Program Files (x86)\Skype\Phone\;C:\instantclient_12_2;C:\Program Files (x86)\Ampps\php;C:\composer;C:\Users\rehan\AppData\Roaming\Composer\vendor\bin
USERNAME=rehan
OS=Windows_NT
PROCESSOR_IDENTIFIER=Intel64 Family 6 Model 58 Stepping 9, GenuineIntel



---------------  S Y S T E M  ---------------

OS: Windows 8.1 , 64 bit Build 9600 (6.3.9600.17415)

CPU:total 4 (2 cores per cpu, 2 threads per core) family 6 model 58 stepping 9, cmov, cx8, fxsr, mmx, sse, sse2, sse3, ssse3, sse4.1, sse4.2, popcnt, avx, aes, clmul, erms, ht, tsc, tscinvbit, tscinv

Memory: 4k page, physical 8281448k(1132572k free), swap 11427176k(4960k free)

vm_info: Java HotSpot(TM) 64-Bit Server VM (25.73-b02) for windows-amd64 JRE (1.8.0_73-b02), built on Jan 29 2016 17:38:49 by "java_re" with MS VC++ 10.0 (VS2010)

time: Sat Mar 10 06:27:09 2018
elapsed time: 1 seconds (0d 0h 0m 1s)

