#
# There is insufficient memory for the Java Runtime Environment to continue.
# Native memory allocation (malloc) failed to allocate 48336 bytes for Chunk::new
# Possible reasons:
#   The system is out of physical RAM or swap space
#   In 32 bit mode, the process size limit was hit
# Possible solutions:
#   Reduce memory load on the system
#   Increase physical memory or swap space
#   Check if swap backing store is full
#   Use 64 bit Java on a 64 bit OS
#   Decrease Java heap size (-Xmx/-Xms)
#   Decrease number of Java threads
#   Decrease Java thread stack sizes (-Xss)
#   Set larger code cache with -XX:ReservedCodeCacheSize=
# This output file may be truncated or incomplete.
#
#  Out of Memory Error (allocation.cpp:390), pid=4828, tid=2952
#
# JRE version: Java(TM) SE Runtime Environment (8.0_73-b02) (build 1.8.0_73-b02)
# Java VM: Java HotSpot(TM) 64-Bit Server VM (25.73-b02 mixed mode windows-amd64 compressed oops)
# Failed to write core dump. Minidumps are not enabled by default on client versions of Windows
#

---------------  T H R E A D  ---------------

Current thread (0x00000000154a5800):  JavaThread "C2 CompilerThread1" daemon [_thread_in_native, id=2952, stack(0x0000000016b80000,0x0000000016c80000)]

Stack: [0x0000000016b80000,0x0000000016c80000]
[error occurred during error reporting (printing stack bounds), id 0xc0000005]

Native frames: (J=compiled Java code, j=interpreted, Vv=VM code, C=native code)


Current CompileTask:
C2:   4807  750       4       com.android.dx.ssa.NormalSsaInsn::accept (25 bytes)


---------------  P R O C E S S  ---------------

Java Threads: ( => current thread )
  0x0000000017009800 JavaThread "pool-1-thread-4" [_thread_in_vm, id=7812, stack(0x0000000017780000,0x0000000017880000)]
  0x0000000017008000 JavaThread "pool-1-thread-3" [_thread_in_Java, id=2260, stack(0x0000000017680000,0x0000000017780000)]
  0x000000001705e800 JavaThread "pool-1-thread-2" [_thread_blocked, id=7292, stack(0x0000000017580000,0x0000000017680000)]
  0x000000001709e000 JavaThread "pool-2-thread-1" [_thread_blocked, id=7212, stack(0x0000000017480000,0x0000000017580000)]
  0x0000000017095800 JavaThread "pool-1-thread-1" [_thread_blocked, id=5704, stack(0x0000000017380000,0x0000000017480000)]
  0x0000000016d84800 JavaThread "Service Thread" daemon [_thread_blocked, id=152, stack(0x0000000017180000,0x0000000017280000)]
  0x00000000154a8800 JavaThread "C1 CompilerThread2" daemon [_thread_in_native, id=7976, stack(0x0000000016c80000,0x0000000016d80000)]
=>0x00000000154a5800 JavaThread "C2 CompilerThread1" daemon [_thread_in_native, id=2952, stack(0x0000000016b80000,0x0000000016c80000)]
  0x0000000015449800 JavaThread "C2 CompilerThread0" daemon [_thread_blocked, id=660, stack(0x0000000016a80000,0x0000000016b80000)]
  0x0000000015446800 JavaThread "Attach Listener" daemon [_thread_blocked, id=7828, stack(0x0000000016980000,0x0000000016a80000)]
  0x0000000015445800 JavaThread "Signal Dispatcher" daemon [_thread_blocked, id=7312, stack(0x0000000016880000,0x0000000016980000)]
  0x0000000002d76000 JavaThread "Finalizer" daemon [_thread_blocked, id=7276, stack(0x00000000166a0000,0x00000000167a0000)]
  0x0000000002d6d000 JavaThread "Reference Handler" daemon [_thread_blocked, id=4224, stack(0x00000000165a0000,0x00000000166a0000)]
  0x0000000002c80800 JavaThread "main" [_thread_in_Java, id=5908, stack(0x0000000002b60000,0x0000000002c60000)]

Other Threads:
  0x0000000015417800 VMThread [stack: 0x00000000164a0000,0x00000000165a0000] [id=7372]
  0x0000000016d99800 WatcherThread [stack: 0x0000000017280000,0x0000000017380000] [id=3712]

VM state:not at safepoint (normal execution)

VM Mutex/Monitor currently owned by a thread: None

Heap:
 PSYoungGen      total 38400K, used 17342K [0x00000000eab00000, 0x00000000ed580000, 0x0000000100000000)
  eden space 33280K, 52% used [0x00000000eab00000,0x00000000ebbef9d0,0x00000000ecb80000)
  from space 5120K, 0% used [0x00000000ed080000,0x00000000ed080000,0x00000000ed580000)
  to   space 5120K, 0% used [0x00000000ecb80000,0x00000000ecb80000,0x00000000ed080000)
 ParOldGen       total 87552K, used 0K [0x00000000c0000000, 0x00000000c5580000, 0x00000000eab00000)
  object space 87552K, 0% used [0x00000000c0000000,0x00000000c0000000,0x00000000c5580000)
 Metaspace       used 5584K, capacity 6704K, committed 6784K, reserved 1056768K
  class space    used 582K, capacity 616K, committed 640K, reserved 1048576K

Card table byte_map: [0x0000000012140000,0x0000000012350000] byte_map_base: 0x0000000011b40000

Marking Bits: (ParMarkBitMap*) 0x0000000057fd0600
 Begin Bits: [0x00000000128b0000, 0x00000000138b0000)
 End Bits:   [0x00000000138b0000, 0x00000000148b0000)

Polling page: 0x00000000014f0000

CodeCache: size=245760Kb used=3325Kb max_used=3325Kb free=242434Kb
 bounds [0x0000000002d80000, 0x00000000030d0000, 0x0000000011d80000]
 total_blobs=1037 nmethods=774 adapters=176
 compilation: enabled

Compilation events (10 events):
Event: 4.798 Thread 0x00000000154a8800 nmethod 767 0x00000000030b4290 code [0x00000000030b4440, 0x00000000030b4b68]
Event: 4.798 Thread 0x00000000154a8800  768       3       com.android.dx.dex.code.RopToDop::dopFor (792 bytes)
Event: 4.801 Thread 0x00000000154a8800 nmethod 768 0x00000000030b4d10 code [0x00000000030b5180, 0x00000000030b8748]
Event: 4.801 Thread 0x00000000154a8800  769       3       com.android.dx.rop.code.ThrowingCstInsn::accept (8 bytes)
Event: 4.801 Thread 0x00000000154a8800 nmethod 769 0x00000000030a5210 code [0x00000000030a5380, 0x00000000030a55a8]
Event: 4.801 Thread 0x00000000154a8800  770       3       com.android.dx.rop.code.LocalVariableInfo::getAssignment (12 bytes)
Event: 4.802 Thread 0x00000000154a8800 nmethod 770 0x00000000030b9950 code [0x00000000030b9ac0, 0x00000000030b9dc8]
Event: 4.802 Thread 0x00000000154a8800  771       3       com.android.dx.dex.code.RopTranslator$LocalVariableAwareTranslationVisitor::addIntroductionIfNecessary (30 bytes)
Event: 4.802 Thread 0x00000000154a8800 nmethod 771 0x00000000030b9e90 code [0x00000000030ba080, 0x00000000030bab28]
Event: 4.803 Thread 0x00000000154a8800  772       3       com.android.dx.dex.code.RopTranslator::outputBlock (202 bytes)

GC Heap History (0 events):
No events

Deoptimization events (7 events):
Event: 3.992 Thread 0x0000000002c80800 Uncommon trap: reason=unstable_if action=reinterpret pc=0x0000000002ed5614 method=java.lang.String.compareTo(Ljava/lang/String;)I @ 38
Event: 4.611 Thread 0x0000000017008000 Uncommon trap: reason=unstable_if action=reinterpret pc=0x0000000002fad570 method=java.util.HashMap.getNode(ILjava/lang/Object;)Ljava/util/HashMap$Node; @ 62
Event: 4.627 Thread 0x0000000017008000 Uncommon trap: reason=unstable_if action=reinterpret pc=0x0000000002fb0d30 method=java.util.BitSet.nextSetBit(I)I @ 87
Event: 4.771 Thread 0x0000000017008000 Uncommon trap: reason=class_check action=maybe_recompile pc=0x000000000308591c method=com.android.dx.ssa.NormalSsaInsn.accept(Lcom/android/dx/ssa/SsaInsn$Visitor;)V @ 9
Event: 4.771 Thread 0x0000000017008000 Uncommon trap: reason=class_check action=maybe_recompile pc=0x000000000308591c method=com.android.dx.ssa.NormalSsaInsn.accept(Lcom/android/dx/ssa/SsaInsn$Visitor;)V @ 9
Event: 4.772 Thread 0x0000000017008000 Uncommon trap: reason=class_check action=maybe_recompile pc=0x000000000308591c method=com.android.dx.ssa.NormalSsaInsn.accept(Lcom/android/dx/ssa/SsaInsn$Visitor;)V @ 9
Event: 4.774 Thread 0x0000000017008000 Uncommon trap: reason=class_check action=maybe_recompile pc=0x000000000308591c method=com.android.dx.ssa.NormalSsaInsn.accept(Lcom/android/dx/ssa/SsaInsn$Visitor;)V @ 9

Internal exceptions (2 events):
Event: 0.389 Thread 0x0000000002c80800 Exception <a 'java/lang/NoSuchMethodError': Method sun.misc.Unsafe.defineClass(Ljava/lang/String;[BII)Ljava/lang/Class; name or signature does not match> (0x00000000eab0d458) thrown at [D:\re\puppet\workspace\8-2-build-windows-amd64-cygwin\jdk8u73\6086\hotoèŒêØ?
Event: 0.389 Thread 0x0000000002c80800 Exception <a 'java/lang/NoSuchMethodError': Method sun.misc.Unsafe.prefetchRead(Ljava/lang/Object;J)V name or signature does not match> (0x00000000eab0d740) thrown at [D:\re\puppet\workspace\8-2-build-windows-amd64-cygwin\jdk8u73\6086\hotspot\src\share\vm\

Events (10 events):
Event: 4.771 Thread 0x0000000017008000 DEOPT PACKING pc=0x000000000308591c sp=0x000000001777e320
Event: 4.771 Thread 0x0000000017008000 DEOPT UNPACKING pc=0x0000000002dc582a sp=0x000000001777e350 mode 2
Event: 4.772 Thread 0x0000000017008000 Uncommon trap: trap_request=0xffffffde fr.pc=0x000000000308591c
Event: 4.772 Thread 0x0000000017008000 DEOPT PACKING pc=0x000000000308591c sp=0x000000001777e210
Event: 4.772 Thread 0x0000000017008000 DEOPT UNPACKING pc=0x0000000002dc582a sp=0x000000001777e240 mode 2
Event: 4.772 loading class java/util/ArrayList$1
Event: 4.772 loading class java/util/ArrayList$1 done
Event: 4.774 Thread 0x0000000017008000 Uncommon trap: trap_request=0xffffffde fr.pc=0x000000000308591c
Event: 4.774 Thread 0x0000000017008000 DEOPT PACKING pc=0x000000000308591c sp=0x000000001777e5b0
Event: 4.774 Thread 0x0000000017008000 DEOPT UNPACKING pc=0x0000000002dc582a sp=0x000000001777e5e0 mode 2


Dynamic libraries:
0x00007ff690f80000 - 0x00007ff690fb7000 	C:\Program Files\Java\jdk1.8.0_73\bin\java.exe
0x00007ffa93f70000 - 0x00007ffa9411d000 	C:\Windows\SYSTEM32\ntdll.dll
0x00007ffa91a20000 - 0x00007ffa91b5e000 	C:\Windows\system32\KERNEL32.DLL
0x00007ffa91220000 - 0x00007ffa91335000 	C:\Windows\system32\KERNELBASE.dll
0x00007ffa8fc60000 - 0x00007ffa8fcee000 	C:\Windows\system32\apphelp.dll
0x00007ffa75370000 - 0x00007ffa753c3000 	C:\Windows\AppPatch\AppPatch64\AcGenral.DLL
0x00007ffa91b60000 - 0x00007ffa91c0a000 	C:\Windows\system32\msvcrt.dll
0x00007ffa915d0000 - 0x00007ffa915fe000 	C:\Windows\system32\SspiCli.dll
0x00007ffa939b0000 - 0x00007ffa93a04000 	C:\Windows\system32\SHLWAPI.dll
0x00007ffa91e30000 - 0x00007ffa91fa7000 	C:\Windows\system32\USER32.dll
0x00007ffa91610000 - 0x00007ffa917a4000 	C:\Windows\system32\ole32.dll
0x00007ffa92440000 - 0x00007ffa93969000 	C:\Windows\system32\SHELL32.dll
0x00007ffa90660000 - 0x00007ffa90681000 	C:\Windows\SYSTEM32\USERENV.dll
0x00007ffa93c20000 - 0x00007ffa93cca000 	C:\Windows\system32\ADVAPI32.dll
0x00007ffa86640000 - 0x00007ffa8665e000 	C:\Windows\SYSTEM32\MPR.dll
0x00007ffa917b0000 - 0x00007ffa918f0000 	C:\Windows\system32\RPCRT4.dll
0x00007ffa918f0000 - 0x00007ffa91949000 	C:\Windows\SYSTEM32\sechost.dll
0x00007ffa91c10000 - 0x00007ffa91e22000 	C:\Windows\SYSTEM32\combase.dll
0x00007ffa93ad0000 - 0x00007ffa93c1b000 	C:\Windows\system32\GDI32.dll
0x00007ffa910a0000 - 0x00007ffa910b5000 	C:\Windows\SYSTEM32\profapi.dll
0x00007ffa8f740000 - 0x00007ffa8f7f2000 	C:\Windows\SYSTEM32\SHCORE.dll
0x00007ffa93970000 - 0x00007ffa939a6000 	C:\Windows\system32\IMM32.DLL
0x00007ffa92080000 - 0x00007ffa921d1000 	C:\Windows\system32\MSCTF.dll
0x00007ffa8ef90000 - 0x00007ffa8f20b000 	C:\Windows\WinSxS\amd64_microsoft.windows.common-controls_6595b64144ccf1df_6.0.9600.18006_none_623f33d3ecbe86e8\COMCTL32.dll
0x0000000057420000 - 0x00000000574f2000 	C:\Program Files\Java\jdk1.8.0_73\jre\bin\msvcr100.dll
0x00000000577c0000 - 0x0000000058050000 	C:\Program Files\Java\jdk1.8.0_73\jre\bin\server\jvm.dll
0x00007ffa8d260000 - 0x00007ffa8d269000 	C:\Windows\SYSTEM32\WSOCK32.dll
0x00007ffa8c330000 - 0x00007ffa8c352000 	C:\Windows\SYSTEM32\WINMM.dll
0x00007ffa8c390000 - 0x00007ffa8c39a000 	C:\Windows\SYSTEM32\VERSION.dll
0x00007ffa923d0000 - 0x00007ffa923d7000 	C:\Windows\system32\PSAPI.DLL
0x00007ffa919c0000 - 0x00007ffa91a1a000 	C:\Windows\system32\WS2_32.dll
0x00007ffa8c2e0000 - 0x00007ffa8c30a000 	C:\Windows\SYSTEM32\WINMMBASE.dll
0x00007ffa91600000 - 0x00007ffa91609000 	C:\Windows\system32\NSI.dll
0x00007ffa91580000 - 0x00007ffa915cf000 	C:\Windows\SYSTEM32\cfgmgr32.dll
0x00007ffa8feb0000 - 0x00007ffa8fed8000 	C:\Windows\SYSTEM32\DEVOBJ.dll
0x0000000058230000 - 0x000000005823f000 	C:\Program Files\Java\jdk1.8.0_73\jre\bin\verify.dll
0x0000000057790000 - 0x00000000577b9000 	C:\Program Files\Java\jdk1.8.0_73\jre\bin\java.dll
0x0000000058190000 - 0x00000000581a6000 	C:\Program Files\Java\jdk1.8.0_73\jre\bin\zip.dll

VM Arguments:
jvm_args: -Djava.awt.headless=true -Xmx1024M -Dfile.encoding=windows-1252 -Duser.country=US -Duser.language=en -Duser.variant 
java_command: com.android.dx.command.Main --dex --num-threads=4 --output C:\android_work\asad_bhai\UnitConvertorProject\UnitConvertor\app\build\intermediates\pre-dexed\debug\com.android.support-design-25.0.1_8a578a203252bd5081482fad2c019213816085c5.jar C:\android_work\asad_bhai\UnitConvertorProject\UnitConvertor\app\build\intermediates\exploded-aar\com.android.support\design\25.0.1\jars\classes.jar
java_class_path (initial): C:\Android\Sdk\build-tools\25.0.0\lib\dx.jar
Launcher Type: SUN_STANDARD

Environment Variables:
PATH=C:\oraclexe\app\oracle\product\10.2.0\server\bin;C:\ProgramData\Oracle\Java\javapath;C:\Windows\system32;C:\Windows;C:\Windows\System32\Wbem;C:\Windows\System32\WindowsPowerShell\v1.0\;C:\Program Files\Git\cmd;C:\Program Files (x86)\Skype\Phone\;C:\instantclient_12_2;C:\Program Files (x86)\Ampps\php;C:\composer;C:\Users\rehan\AppData\Roaming\Composer\vendor\bin
USERNAME=rehan
OS=Windows_NT
PROCESSOR_IDENTIFIER=Intel64 Family 6 Model 58 Stepping 9, GenuineIntel



---------------  S Y S T E M  ---------------

OS: Windows 8.1 , 64 bit Build 9600 (6.3.9600.17415)

CPU:total 4 (2 cores per cpu, 2 threads per core) family 6 model 58 stepping 9, cmov, cx8, fxsr, mmx, sse, sse2, sse3, ssse3, sse4.1, sse4.2, popcnt, avx, aes, clmul, erms, ht, tsc, tscinvbit, tscinv

Memory: 4k page, physical 8281448k(1069724k free), swap 11131200k(5136k free)

vm_info: Java HotSpot(TM) 64-Bit Server VM (25.73-b02) for windows-amd64 JRE (1.8.0_73-b02), built on Jan 29 2016 17:38:49 by "java_re" with MS VC++ 10.0 (VS2010)

time: Sat Dec 16 06:18:30 2017
elapsed time: 4 seconds (0d 0h 0m 4s)

