#
# There is insufficient memory for the Java Runtime Environment to continue.
# Native memory allocation (malloc) failed to allocate 65552 bytes for Chunk::new
# Possible reasons:
#   The system is out of physical RAM or swap space
#   In 32 bit mode, the process size limit was hit
# Possible solutions:
#   Reduce memory load on the system
#   Increase physical memory or swap space
#   Check if swap backing store is full
#   Use 64 bit Java on a 64 bit OS
#   Decrease Java heap size (-Xmx/-Xms)
#   Decrease number of Java threads
#   Decrease Java thread stack sizes (-Xss)
#   Set larger code cache with -XX:ReservedCodeCacheSize=
# This output file may be truncated or incomplete.
#
#  Out of Memory Error (allocation.cpp:390), pid=5164, tid=6732
#
# JRE version: Java(TM) SE Runtime Environment (8.0_73-b02) (build 1.8.0_73-b02)
# Java VM: Java HotSpot(TM) 64-Bit Server VM (25.73-b02 mixed mode windows-amd64 compressed oops)
# Failed to write core dump. Minidumps are not enabled by default on client versions of Windows
#

---------------  T H R E A D  ---------------

Current thread (0x0000000014935800):  JavaThread "C2 CompilerThread1" daemon [_thread_in_native, id=6732, stack(0x0000000016020000,0x0000000016120000)]

Stack: [0x0000000016020000,0x0000000016120000]
[error occurred during error reporting (printing stack bounds), id 0xc0000005]

Native frames: (J=compiled Java code, j=interpreted, Vv=VM code, C=native code)


Current CompileTask:
C2:   3565  995       4       com.android.dx.ssa.back.LivenessAnalyzer::handleTailRecursion (94 bytes)


---------------  P R O C E S S  ---------------

Java Threads: ( => current thread )
  0x0000000016461800 JavaThread "pool-1-thread-4" [_thread_in_Java, id=8136, stack(0x0000000016c20000,0x0000000016d20000)]
  0x0000000016460800 JavaThread "pool-1-thread-3" [_thread_in_Java, id=3380, stack(0x0000000016b20000,0x0000000016c20000)]
  0x000000001635d000 JavaThread "pool-1-thread-2" [_thread_in_Java, id=7644, stack(0x0000000016a20000,0x0000000016b20000)]
  0x0000000016357000 JavaThread "pool-2-thread-1" [_thread_blocked, id=7456, stack(0x0000000016920000,0x0000000016a20000)]
  0x0000000016350800 JavaThread "pool-1-thread-1" [_thread_in_vm, id=4904, stack(0x0000000016820000,0x0000000016920000)]
  0x0000000016224800 JavaThread "Service Thread" daemon [_thread_blocked, id=7536, stack(0x0000000016620000,0x0000000016720000)]
  0x0000000014938800 JavaThread "C1 CompilerThread2" daemon [_thread_in_vm, id=8176, stack(0x0000000016120000,0x0000000016220000)]
=>0x0000000014935800 JavaThread "C2 CompilerThread1" daemon [_thread_in_native, id=6732, stack(0x0000000016020000,0x0000000016120000)]
  0x00000000148db000 JavaThread "C2 CompilerThread0" daemon [_thread_in_native, id=6112, stack(0x0000000015f20000,0x0000000016020000)]
  0x00000000148d8000 JavaThread "Attach Listener" daemon [_thread_blocked, id=5464, stack(0x0000000015e20000,0x0000000015f20000)]
  0x00000000148d7000 JavaThread "Signal Dispatcher" daemon [_thread_blocked, id=7132, stack(0x0000000015d20000,0x0000000015e20000)]
  0x0000000002206000 JavaThread "Finalizer" daemon [_thread_blocked, id=7872, stack(0x0000000015b40000,0x0000000015c40000)]
  0x00000000021fd000 JavaThread "Reference Handler" daemon [_thread_blocked, id=5656, stack(0x0000000015a40000,0x0000000015b40000)]
  0x0000000002110800 JavaThread "main" [_thread_in_vm, id=4424, stack(0x0000000001f30000,0x0000000002030000)]

Other Threads:
  0x00000000148a7800 VMThread [stack: 0x0000000015940000,0x0000000015a40000] [id=8148]
  0x000000001623f000 WatcherThread [stack: 0x0000000016720000,0x0000000016820000] [id=6532]

VM state:not at safepoint (normal execution)

VM Mutex/Monitor currently owned by a thread: None

Heap:
 PSYoungGen      total 38400K, used 19331K [0x00000000eab00000, 0x00000000ed580000, 0x0000000100000000)
  eden space 33280K, 58% used [0x00000000eab00000,0x00000000ebde0c18,0x00000000ecb80000)
  from space 5120K, 0% used [0x00000000ed080000,0x00000000ed080000,0x00000000ed580000)
  to   space 5120K, 0% used [0x00000000ecb80000,0x00000000ecb80000,0x00000000ed080000)
 ParOldGen       total 87552K, used 0K [0x00000000c0000000, 0x00000000c5580000, 0x00000000eab00000)
  object space 87552K, 0% used [0x00000000c0000000,0x00000000c0000000,0x00000000c5580000)
 Metaspace       used 5784K, capacity 6896K, committed 7040K, reserved 1056768K
  class space    used 588K, capacity 616K, committed 640K, reserved 1048576K

Card table byte_map: [0x00000000115d0000,0x00000000117e0000] byte_map_base: 0x0000000010fd0000

Marking Bits: (ParMarkBitMap*) 0x000000005cb70600
 Begin Bits: [0x0000000011d40000, 0x0000000012d40000)
 End Bits:   [0x0000000012d40000, 0x0000000013d40000)

Polling page: 0x00000000007b0000

CodeCache: size=245760Kb used=4186Kb max_used=4186Kb free=241573Kb
 bounds [0x0000000002210000, 0x0000000002630000, 0x0000000011210000]
 total_blobs=1261 nmethods=998 adapters=176
 compilation: enabled

Compilation events (10 events):
Event: 3.556 Thread 0x00000000148db000  994       4       com.android.dx.ssa.back.LivenessAnalyzer::liveInAtStatement (55 bytes)
Event: 3.556 Thread 0x0000000014935800 nmethod 992 0x000000000261ee10 code [0x000000000261ef80, 0x000000000261f108]
Event: 3.556 Thread 0x0000000014935800  995       4       com.android.dx.ssa.back.LivenessAnalyzer::handleTailRecursion (94 bytes)
Event: 3.557 Thread 0x0000000014938800  997       3       java.util.TreeMap::rightOf (13 bytes)
Event: 3.557 Thread 0x0000000014938800 nmethod 997 0x000000000261ea90 code [0x000000000261ebe0, 0x000000000261ed70]
Event: 3.558 Thread 0x0000000014938800  998       3       com.android.dx.ssa.SsaMethod::mapRegisters (87 bytes)
Event: 3.559 Thread 0x0000000014938800 nmethod 998 0x0000000002623150 code [0x00000000026233c0, 0x0000000002624528]
Event: 3.560 Thread 0x0000000014938800  999       3       com.android.dx.ssa.SsaMethod::forEachBlockDepthFirst (194 bytes)
Event: 3.563 Thread 0x0000000014938800 nmethod 999 0x0000000002624d10 code [0x00000000026251a0, 0x00000000026285e8]
Event: 3.563 Thread 0x0000000014938800 1000       3       com.android.dx.ssa.SsaBasicBlock::replaceSuccessor (125 bytes)

GC Heap History (0 events):
No events

Deoptimization events (6 events):
Event: 3.263 Thread 0x0000000002110800 Uncommon trap: reason=class_check action=maybe_recompile pc=0x00000000024e62a0 method=com.android.dx.ssa.NormalSsaInsn.accept(Lcom/android/dx/ssa/SsaInsn$Visitor;)V @ 9
Event: 3.263 Thread 0x0000000002110800 Uncommon trap: reason=class_check action=maybe_recompile pc=0x00000000024e62a0 method=com.android.dx.ssa.NormalSsaInsn.accept(Lcom/android/dx/ssa/SsaInsn$Visitor;)V @ 9
Event: 3.263 Thread 0x0000000002110800 Uncommon trap: reason=class_check action=maybe_recompile pc=0x00000000024e62a0 method=com.android.dx.ssa.NormalSsaInsn.accept(Lcom/android/dx/ssa/SsaInsn$Visitor;)V @ 9
Event: 3.263 Thread 0x0000000002110800 Uncommon trap: reason=class_check action=maybe_recompile pc=0x00000000024e62a0 method=com.android.dx.ssa.NormalSsaInsn.accept(Lcom/android/dx/ssa/SsaInsn$Visitor;)V @ 9
Event: 3.550 Thread 0x0000000002110800 Uncommon trap: reason=unstable_if action=reinterpret pc=0x00000000024fe690 method=com.android.dx.rop.code.RegisterSpec.equals(ILcom/android/dx/rop/type/TypeBearer;Lcom/android/dx/rop/code/LocalItem;)Z @ 42
Event: 3.554 Thread 0x0000000016461800 Uncommon trap: reason=unstable_if action=reinterpret pc=0x000000000248a79c method=com.android.dx.rop.cst.Constant.compareTo(Lcom/android/dx/rop/cst/Constant;)I @ 12

Internal exceptions (2 events):
Event: 0.227 Thread 0x0000000002110800 Exception <a 'java/lang/NoSuchMethodError': Method sun.misc.Unsafe.defineClass(Ljava/lang/String;[BII)Ljava/lang/Class; name or signature does not match> (0x00000000eab0d368) thrown at [D:\re\puppet\workspace\8-2-build-windows-amd64-cygwin\jdk8u73\6086\hot›ÙXÈnÍ?
Event: 0.227 Thread 0x0000000002110800 Exception <a 'java/lang/NoSuchMethodError': Method sun.misc.Unsafe.prefetchRead(Ljava/lang/Object;J)V name or signature does not match> (0x00000000eab0d650) thrown at [D:\re\puppet\workspace\8-2-build-windows-amd64-cygwin\jdk8u73\6086\hotspot\src\share\vm\

Events (10 events):
Event: 3.269 loading class com/android/dx/dex/file/AnnotationSetRefItem
Event: 3.269 loading class com/android/dx/dex/file/AnnotationSetRefItem done
Event: 3.346 loading class com/android/dx/dex/file/MethodAnnotationStruct
Event: 3.346 loading class com/android/dx/dex/file/MethodAnnotationStruct done
Event: 3.550 Thread 0x0000000002110800 Uncommon trap: trap_request=0xffffff65 fr.pc=0x00000000024fe690
Event: 3.550 Thread 0x0000000002110800 DEOPT PACKING pc=0x00000000024fe690 sp=0x000000000202e680
Event: 3.550 Thread 0x0000000002110800 DEOPT UNPACKING pc=0x000000000225582a sp=0x000000000202e608 mode 2
Event: 3.554 Thread 0x0000000016461800 Uncommon trap: trap_request=0xffffff65 fr.pc=0x000000000248a79c
Event: 3.554 Thread 0x0000000016461800 DEOPT PACKING pc=0x000000000248a79c sp=0x0000000016d1e270
Event: 3.554 Thread 0x0000000016461800 DEOPT UNPACKING pc=0x000000000225582a sp=0x0000000016d1e210 mode 2


Dynamic libraries:
0x00007ff678d70000 - 0x00007ff678da7000 	C:\Program Files\Java\jdk1.8.0_73\bin\java.exe
0x00007ffe8b2a0000 - 0x00007ffe8b44d000 	C:\Windows\SYSTEM32\ntdll.dll
0x00007ffe8a5f0000 - 0x00007ffe8a72e000 	C:\Windows\system32\KERNEL32.DLL
0x00007ffe885e0000 - 0x00007ffe886f5000 	C:\Windows\system32\KERNELBASE.dll
0x00007ffe86f90000 - 0x00007ffe8701e000 	C:\Windows\system32\apphelp.dll
0x00007ffe7cd40000 - 0x00007ffe7cd93000 	C:\Windows\AppPatch\AppPatch64\AcGenral.DLL
0x00007ffe89010000 - 0x00007ffe890ba000 	C:\Windows\system32\msvcrt.dll
0x00007ffe88550000 - 0x00007ffe8857e000 	C:\Windows\system32\SspiCli.dll
0x00007ffe8ad70000 - 0x00007ffe8adc4000 	C:\Windows\system32\SHLWAPI.dll
0x00007ffe8ab90000 - 0x00007ffe8ad07000 	C:\Windows\system32\USER32.dll
0x00007ffe8b0a0000 - 0x00007ffe8b234000 	C:\Windows\system32\ole32.dll
0x00007ffe890c0000 - 0x00007ffe8a5e9000 	C:\Windows\system32\SHELL32.dll
0x00007ffe87990000 - 0x00007ffe879b1000 	C:\Windows\SYSTEM32\USERENV.dll
0x00007ffe88ba0000 - 0x00007ffe88c4a000 	C:\Windows\system32\ADVAPI32.dll
0x00007ffe80200000 - 0x00007ffe8021e000 	C:\Windows\SYSTEM32\MPR.dll
0x00007ffe8aee0000 - 0x00007ffe8b020000 	C:\Windows\system32\RPCRT4.dll
0x00007ffe8b240000 - 0x00007ffe8b299000 	C:\Windows\SYSTEM32\sechost.dll
0x00007ffe8a730000 - 0x00007ffe8a942000 	C:\Windows\SYSTEM32\combase.dll
0x00007ffe88ec0000 - 0x00007ffe8900b000 	C:\Windows\system32\GDI32.dll
0x00007ffe883d0000 - 0x00007ffe883e5000 	C:\Windows\SYSTEM32\profapi.dll
0x00007ffe86960000 - 0x00007ffe86a12000 	C:\Windows\SYSTEM32\SHCORE.dll
0x00007ffe8ae90000 - 0x00007ffe8aec6000 	C:\Windows\system32\IMM32.DLL
0x00007ffe8a960000 - 0x00007ffe8aab1000 	C:\Windows\system32\MSCTF.dll
0x00007ffe85e20000 - 0x00007ffe8609b000 	C:\Windows\WinSxS\amd64_microsoft.windows.common-controls_6595b64144ccf1df_6.0.9600.18006_none_623f33d3ecbe86e8\COMCTL32.dll
0x000000005bdd0000 - 0x000000005bea2000 	C:\Program Files\Java\jdk1.8.0_73\jre\bin\msvcr100.dll
0x000000005c360000 - 0x000000005cbf0000 	C:\Program Files\Java\jdk1.8.0_73\jre\bin\server\jvm.dll
0x00007ffe7fa60000 - 0x00007ffe7fa69000 	C:\Windows\SYSTEM32\WSOCK32.dll
0x00007ffe836a0000 - 0x00007ffe836c2000 	C:\Windows\SYSTEM32\WINMM.dll
0x00007ffe83620000 - 0x00007ffe8362a000 	C:\Windows\SYSTEM32\VERSION.dll
0x00007ffe8aed0000 - 0x00007ffe8aed7000 	C:\Windows\system32\PSAPI.DLL
0x00007ffe88b20000 - 0x00007ffe88b7a000 	C:\Windows\system32\WS2_32.dll
0x00007ffe83630000 - 0x00007ffe8365a000 	C:\Windows\SYSTEM32\WINMMBASE.dll
0x00007ffe8a950000 - 0x00007ffe8a959000 	C:\Windows\system32\NSI.dll
0x00007ffe888e0000 - 0x00007ffe8892f000 	C:\Windows\SYSTEM32\cfgmgr32.dll
0x00007ffe87210000 - 0x00007ffe87238000 	C:\Windows\SYSTEM32\DEVOBJ.dll
0x000000005c270000 - 0x000000005c27f000 	C:\Program Files\Java\jdk1.8.0_73\jre\bin\verify.dll
0x000000005c240000 - 0x000000005c269000 	C:\Program Files\Java\jdk1.8.0_73\jre\bin\java.dll
0x000000005c220000 - 0x000000005c236000 	C:\Program Files\Java\jdk1.8.0_73\jre\bin\zip.dll

VM Arguments:
jvm_args: -Djava.awt.headless=true -Xmx1024M -Dfile.encoding=windows-1252 -Duser.country=US -Duser.language=en -Duser.variant 
java_command: com.android.dx.command.Main --dex --num-threads=4 --output C:\android_work\asad_bhai\UnitConvertorProject\UnitConvertor\app\build\intermediates\pre-dexed\debug\com.android.support-support-vector-drawable-25.0.1_3c1455f7890beadc5a3ab7fbab3eac7dce8c14fd.jar C:\android_work\asad_bhai\UnitConvertorProject\UnitConvertor\app\build\intermediates\exploded-aar\com.android.support\support-vector-drawable\25.0.1\jars\classes.jar
java_class_path (initial): C:\Android\Sdk\build-tools\25.0.0\lib\dx.jar
Launcher Type: SUN_STANDARD

Environment Variables:
PATH=C:\oraclexe\app\oracle\product\10.2.0\server\bin;C:\ProgramData\Oracle\Java\javapath;C:\Windows\system32;C:\Windows;C:\Windows\System32\Wbem;C:\Windows\System32\WindowsPowerShell\v1.0\;C:\Program Files\Git\cmd;C:\Program Files (x86)\Skype\Phone\;C:\instantclient_12_2;C:\Program Files (x86)\Ampps\php;C:\composer;C:\Users\rehan\AppData\Roaming\Composer\vendor\bin
USERNAME=rehan
OS=Windows_NT
PROCESSOR_IDENTIFIER=Intel64 Family 6 Model 58 Stepping 9, GenuineIntel



---------------  S Y S T E M  ---------------

OS: Windows 8.1 , 64 bit Build 9600 (6.3.9600.17415)

CPU:total 4 (2 cores per cpu, 2 threads per core) family 6 model 58 stepping 9, cmov, cx8, fxsr, mmx, sse, sse2, sse3, ssse3, sse4.1, sse4.2, popcnt, avx, aes, clmul, erms, ht, tsc, tscinvbit, tscinv

Memory: 4k page, physical 8281448k(1923908k free), swap 11427176k(5388k free)

vm_info: Java HotSpot(TM) 64-Bit Server VM (25.73-b02) for windows-amd64 JRE (1.8.0_73-b02), built on Jan 29 2016 17:38:49 by "java_re" with MS VC++ 10.0 (VS2010)

time: Mon Dec 04 04:36:38 2017
elapsed time: 3 seconds (0d 0h 0m 3s)

