#
# There is insufficient memory for the Java Runtime Environment to continue.
# Native memory allocation (malloc) failed to allocate 370256 bytes for Chunk::new
# Possible reasons:
#   The system is out of physical RAM or swap space
#   In 32 bit mode, the process size limit was hit
# Possible solutions:
#   Reduce memory load on the system
#   Increase physical memory or swap space
#   Check if swap backing store is full
#   Use 64 bit Java on a 64 bit OS
#   Decrease Java heap size (-Xmx/-Xms)
#   Decrease number of Java threads
#   Decrease Java thread stack sizes (-Xss)
#   Set larger code cache with -XX:ReservedCodeCacheSize=
# This output file may be truncated or incomplete.
#
#  Out of Memory Error (allocation.cpp:390), pid=8080, tid=8188
#
# JRE version: Java(TM) SE Runtime Environment (8.0_73-b02) (build 1.8.0_73-b02)
# Java VM: Java HotSpot(TM) 64-Bit Server VM (25.73-b02 mixed mode windows-amd64 compressed oops)
# Failed to write core dump. Minidumps are not enabled by default on client versions of Windows
#

---------------  T H R E A D  ---------------

Current thread (0x0000000014b29000):  JavaThread "C2 CompilerThread0" daemon [_thread_in_native, id=8188, stack(0x0000000016150000,0x0000000016250000)]

Stack: [0x0000000016150000,0x0000000016250000]
[error occurred during error reporting (printing stack bounds), id 0xc0000005]

Native frames: (J=compiled Java code, j=interpreted, Vv=VM code, C=native code)


Current CompileTask:
C2:   2759 1175       4       com.android.dx.ssa.SCCP::simulateStmt (481 bytes)


---------------  P R O C E S S  ---------------

Java Threads: ( => current thread )
  0x00000000166c0800 JavaThread "pool-1-thread-4" [_thread_in_Java, id=7516, stack(0x0000000016e50000,0x0000000016f50000)]
  0x00000000166c0000 JavaThread "pool-1-thread-3" [_thread_in_Java, id=7476, stack(0x0000000016d50000,0x0000000016e50000)]
  0x00000000166bf000 JavaThread "pool-1-thread-2" [_thread_in_Java, id=7560, stack(0x0000000016c50000,0x0000000016d50000)]
  0x000000001658b800 JavaThread "pool-2-thread-1" [_thread_blocked, id=7240, stack(0x0000000016b50000,0x0000000016c50000)]
  0x000000001659d000 JavaThread "pool-1-thread-1" [_thread_in_vm, id=6724, stack(0x0000000016a50000,0x0000000016b50000)]
  0x0000000016454800 JavaThread "Service Thread" daemon [_thread_blocked, id=6620, stack(0x0000000016850000,0x0000000016950000)]
  0x0000000014b7c000 JavaThread "C1 CompilerThread2" daemon [_thread_blocked, id=1424, stack(0x0000000016350000,0x0000000016450000)]
  0x0000000014b77800 JavaThread "C2 CompilerThread1" daemon [_thread_in_native, id=8184, stack(0x0000000016250000,0x0000000016350000)]
=>0x0000000014b29000 JavaThread "C2 CompilerThread0" daemon [_thread_in_native, id=8188, stack(0x0000000016150000,0x0000000016250000)]
  0x0000000014b26000 JavaThread "Attach Listener" daemon [_thread_blocked, id=5140, stack(0x0000000016050000,0x0000000016150000)]
  0x0000000014b25000 JavaThread "Signal Dispatcher" daemon [_thread_blocked, id=7188, stack(0x0000000015f50000,0x0000000016050000)]
  0x0000000002446000 JavaThread "Finalizer" daemon [_thread_blocked, id=7204, stack(0x0000000015d70000,0x0000000015e70000)]
  0x000000000243d000 JavaThread "Reference Handler" daemon [_thread_blocked, id=1288, stack(0x0000000015c70000,0x0000000015d70000)]
  0x0000000002350800 JavaThread "main" [_thread_in_Java, id=4748, stack(0x0000000002250000,0x0000000002350000)]

Other Threads:
  0x0000000014ae7800 VMThread [stack: 0x0000000015b70000,0x0000000015c70000] [id=3756]
  0x000000001647d000 WatcherThread [stack: 0x0000000016950000,0x0000000016a50000] [id=6244]

VM state:not at safepoint (normal execution)

VM Mutex/Monitor currently owned by a thread: None

Heap:
 PSYoungGen      total 38400K, used 30013K [0x00000000eab00000, 0x00000000ed580000, 0x0000000100000000)
  eden space 33280K, 90% used [0x00000000eab00000,0x00000000ec84f410,0x00000000ecb80000)
  from space 5120K, 0% used [0x00000000ed080000,0x00000000ed080000,0x00000000ed580000)
  to   space 5120K, 0% used [0x00000000ecb80000,0x00000000ecb80000,0x00000000ed080000)
 ParOldGen       total 87552K, used 0K [0x00000000c0000000, 0x00000000c5580000, 0x00000000eab00000)
  object space 87552K, 0% used [0x00000000c0000000,0x00000000c0000000,0x00000000c5580000)
 Metaspace       used 5883K, capacity 6960K, committed 7040K, reserved 1056768K
  class space    used 589K, capacity 616K, committed 640K, reserved 1048576K

Card table byte_map: [0x0000000011810000,0x0000000011a20000] byte_map_base: 0x0000000011210000

Marking Bits: (ParMarkBitMap*) 0x0000000074b90600
 Begin Bits: [0x0000000011f80000, 0x0000000012f80000)
 End Bits:   [0x0000000012f80000, 0x0000000013f80000)

Polling page: 0x0000000000970000

CodeCache: size=245760Kb used=5161Kb max_used=5161Kb free=240598Kb
 bounds [0x0000000002450000, 0x0000000002960000, 0x0000000011450000]
 total_blobs=1494 nmethods=1231 adapters=176
 compilation: enabled

Compilation events (10 events):
Event: 2.746 Thread 0x0000000014b7c000 nmethod 1227 0x0000000002958a50 code [0x0000000002958ca0, 0x0000000002959ac8]
Event: 2.746 Thread 0x0000000014b7c000 1228       3       com.android.dx.ssa.SsaMethod::getGoto (26 bytes)
Event: 2.746 Thread 0x0000000014b7c000 nmethod 1228 0x000000000295a290 code [0x000000000295a440, 0x000000000295a9b8]
Event: 2.746 Thread 0x0000000014b7c000 1242       1       java.util.concurrent.locks.AbstractOwnableSynchronizer::getExclusiveOwnerThread (5 bytes)
Event: 2.746 Thread 0x0000000014b7c000 nmethod 1242 0x000000000295ac10 code [0x000000000295ad60, 0x000000000295ae70]
Event: 2.753 Thread 0x0000000014b7c000 1244       3       com.android.dx.ssa.SsaRenamer$BlockRenamer::visitPhiInsn (6 bytes)
Event: 2.754 Thread 0x0000000014b7c000 nmethod 1244 0x000000000295aed0 code [0x000000000295b040, 0x000000000295b1e8]
Event: 2.757 Thread 0x0000000014b7c000 1245       3       com.android.dx.ssa.MoveParamCombiner$1::visitPhiInsn (1 bytes)
Event: 2.757 Thread 0x0000000014b7c000 nmethod 1245 0x000000000295b290 code [0x000000000295b3e0, 0x000000000295b530]
Event: 2.757 Thread 0x0000000014b7c000 1246       3       com.android.dx.ssa.back.IdenticalBlockCombiner::process (323 bytes)

GC Heap History (0 events):
No events

Deoptimization events (10 events):
Event: 2.664 Thread 0x000000001659d000 Uncommon trap: reason=class_check action=maybe_recompile pc=0x00000000027cf0d0 method=com.android.dx.ssa.NormalSsaInsn.accept(Lcom/android/dx/ssa/SsaInsn$Visitor;)V @ 9
Event: 2.664 Thread 0x000000001659d000 Uncommon trap: reason=class_check action=maybe_recompile pc=0x0000000002717df0 method=com.android.dx.ssa.NormalSsaInsn.accept(Lcom/android/dx/ssa/SsaInsn$Visitor;)V @ 9
Event: 2.664 Thread 0x000000001659d000 Uncommon trap: reason=class_check action=maybe_recompile pc=0x0000000002717df0 method=com.android.dx.ssa.NormalSsaInsn.accept(Lcom/android/dx/ssa/SsaInsn$Visitor;)V @ 9
Event: 2.664 Thread 0x000000001659d000 Uncommon trap: reason=class_check action=maybe_recompile pc=0x0000000002717df0 method=com.android.dx.ssa.NormalSsaInsn.accept(Lcom/android/dx/ssa/SsaInsn$Visitor;)V @ 9
Event: 2.666 Thread 0x000000001659d000 Uncommon trap: reason=class_check action=maybe_recompile pc=0x00000000027cf0d0 method=com.android.dx.ssa.NormalSsaInsn.accept(Lcom/android/dx/ssa/SsaInsn$Visitor;)V @ 9
Event: 2.722 Thread 0x0000000002350800 Uncommon trap: reason=unloaded action=reinterpret pc=0x00000000026df28c method=com.android.dx.cf.cst.ConstantPoolParser.parse0(ILjava/util/BitSet;)Lcom/android/dx/rop/cst/Constant; @ 176
Event: 2.725 Thread 0x00000000166c0800 Uncommon trap: reason=unstable_if action=reinterpret pc=0x0000000002897cb8 method=com.android.dx.cf.code.Ropper.labelToResultIndex(I)I @ 34
Event: 2.725 Thread 0x00000000166c0800 Uncommon trap: reason=unstable_if action=reinterpret pc=0x000000000280efec method=com.android.dx.rop.code.RegisterSpec.equals(ILcom/android/dx/rop/type/TypeBearer;Lcom/android/dx/rop/code/LocalItem;)Z @ 16
Event: 2.725 Thread 0x00000000166c0800 Uncommon trap: reason=unstable_if action=reinterpret pc=0x00000000027eabf4 method=com.android.dx.rop.code.RegisterSpec.equals(ILcom/android/dx/rop/type/TypeBearer;Lcom/android/dx/rop/code/LocalItem;)Z @ 16
Event: 2.725 Thread 0x00000000166c0800 Uncommon trap: reason=unstable_if action=reinterpret pc=0x00000000026cf8a4 method=java.util.HashMap.getNode(ILjava/lang/Object;)Ljava/util/HashMap$Node; @ 62

Internal exceptions (2 events):
Event: 0.315 Thread 0x0000000002350800 Exception <a 'java/lang/NoSuchMethodError': Method sun.misc.Unsafe.defineClass(Ljava/lang/String;[BII)Ljava/lang/Class; name or signature does not match> (0x00000000eab0d3b8) thrown at [D:\re\puppet\workspace\8-2-build-windows-amd64-cygwin\jdk8u73\6086\hot£ûTÛ’)Ô?
Event: 0.315 Thread 0x0000000002350800 Exception <a 'java/lang/NoSuchMethodError': Method sun.misc.Unsafe.prefetchRead(Ljava/lang/Object;J)V name or signature does not match> (0x00000000eab0d6a0) thrown at [D:\re\puppet\workspace\8-2-build-windows-amd64-cygwin\jdk8u73\6086\hotspot\src\share\vm\

Events (10 events):
Event: 2.725 Thread 0x00000000166c0800 DEOPT PACKING pc=0x000000000280efec sp=0x0000000016f4ee70
Event: 2.725 Thread 0x00000000166c0800 DEOPT UNPACKING pc=0x000000000249582a sp=0x0000000016f4ebf8 mode 2
Event: 2.725 Thread 0x00000000166c0800 Uncommon trap: trap_request=0xffffff65 fr.pc=0x00000000027eabf4
Event: 2.725 Thread 0x00000000166c0800 DEOPT PACKING pc=0x00000000027eabf4 sp=0x0000000016f4ede0
Event: 2.725 Thread 0x00000000166c0800 DEOPT UNPACKING pc=0x000000000249582a sp=0x0000000016f4ec90 mode 2
Event: 2.725 Thread 0x00000000166c0800 Uncommon trap: trap_request=0xffffff65 fr.pc=0x00000000026cf8a4
Event: 2.725 Thread 0x00000000166c0800 DEOPT PACKING pc=0x00000000026cf8a4 sp=0x0000000016f4ee10
Event: 2.725 Thread 0x00000000166c0800 DEOPT UNPACKING pc=0x000000000249582a sp=0x0000000016f4ed30 mode 2
Event: 2.727 Executing VM operation: ForceSafepoint
Event: 2.729 Executing VM operation: ForceSafepoint done


Dynamic libraries:
0x00007ff62cf20000 - 0x00007ff62cf57000 	C:\Program Files\Java\jdk1.8.0_73\bin\java.exe
0x00007fffbdfe0000 - 0x00007fffbe18d000 	C:\Windows\SYSTEM32\ntdll.dll
0x00007fffbc1a0000 - 0x00007fffbc2de000 	C:\Windows\system32\KERNEL32.DLL
0x00007fffbb210000 - 0x00007fffbb325000 	C:\Windows\system32\KERNELBASE.dll
0x00007fffb9cd0000 - 0x00007fffb9d5e000 	C:\Windows\system32\apphelp.dll
0x00007fffa57c0000 - 0x00007fffa5813000 	C:\Windows\AppPatch\AppPatch64\AcGenral.DLL
0x00007fffbdaa0000 - 0x00007fffbdb4a000 	C:\Windows\system32\msvcrt.dll
0x00007fffbb1e0000 - 0x00007fffbb20e000 	C:\Windows\system32\SspiCli.dll
0x00007fffbc2e0000 - 0x00007fffbc334000 	C:\Windows\system32\SHLWAPI.dll
0x00007fffbde60000 - 0x00007fffbdfd7000 	C:\Windows\system32\USER32.dll
0x00007fffbc000000 - 0x00007fffbc194000 	C:\Windows\system32\ole32.dll
0x00007fffbc400000 - 0x00007fffbd929000 	C:\Windows\system32\SHELL32.dll
0x00007fffba6d0000 - 0x00007fffba6f1000 	C:\Windows\SYSTEM32\USERENV.dll
0x00007fffbbed0000 - 0x00007fffbbf7a000 	C:\Windows\system32\ADVAPI32.dll
0x00007fffaf6a0000 - 0x00007fffaf6be000 	C:\Windows\SYSTEM32\MPR.dll
0x00007fffbbb70000 - 0x00007fffbbcb0000 	C:\Windows\system32\RPCRT4.dll
0x00007fffbde00000 - 0x00007fffbde59000 	C:\Windows\SYSTEM32\sechost.dll
0x00007fffbbcb0000 - 0x00007fffbbec2000 	C:\Windows\SYSTEM32\combase.dll
0x00007fffbb690000 - 0x00007fffbb7db000 	C:\Windows\system32\GDI32.dll
0x00007fffbb110000 - 0x00007fffbb125000 	C:\Windows\SYSTEM32\profapi.dll
0x00007fffb94f0000 - 0x00007fffb95a2000 	C:\Windows\SYSTEM32\SHCORE.dll
0x00007fffbdc20000 - 0x00007fffbdc56000 	C:\Windows\system32\IMM32.DLL
0x00007fffbd940000 - 0x00007fffbda91000 	C:\Windows\system32\MSCTF.dll
0x00007fffb8b60000 - 0x00007fffb8ddb000 	C:\Windows\WinSxS\amd64_microsoft.windows.common-controls_6595b64144ccf1df_6.0.9600.18006_none_623f33d3ecbe86e8\COMCTL32.dll
0x0000000074ee0000 - 0x0000000074fb2000 	C:\Program Files\Java\jdk1.8.0_73\jre\bin\msvcr100.dll
0x0000000074380000 - 0x0000000074c10000 	C:\Program Files\Java\jdk1.8.0_73\jre\bin\server\jvm.dll
0x00007fffb6ed0000 - 0x00007fffb6ed9000 	C:\Windows\SYSTEM32\WSOCK32.dll
0x00007fffb6380000 - 0x00007fffb63a2000 	C:\Windows\SYSTEM32\WINMM.dll
0x00007fffb6400000 - 0x00007fffb640a000 	C:\Windows\SYSTEM32\VERSION.dll
0x00007fffbdc60000 - 0x00007fffbdc67000 	C:\Windows\system32\PSAPI.DLL
0x00007fffbbfa0000 - 0x00007fffbbffa000 	C:\Windows\system32\WS2_32.dll
0x00007fffb6350000 - 0x00007fffb637a000 	C:\Windows\SYSTEM32\WINMMBASE.dll
0x00007fffbb680000 - 0x00007fffbb689000 	C:\Windows\system32\NSI.dll
0x00007fffbb330000 - 0x00007fffbb37f000 	C:\Windows\SYSTEM32\cfgmgr32.dll
0x00007fffb9f20000 - 0x00007fffb9f48000 	C:\Windows\SYSTEM32\DEVOBJ.dll
0x0000000074290000 - 0x000000007429f000 	C:\Program Files\Java\jdk1.8.0_73\jre\bin\verify.dll
0x0000000074260000 - 0x0000000074289000 	C:\Program Files\Java\jdk1.8.0_73\jre\bin\java.dll
0x0000000074240000 - 0x0000000074256000 	C:\Program Files\Java\jdk1.8.0_73\jre\bin\zip.dll

VM Arguments:
jvm_args: -Djava.awt.headless=true -Xmx1024M -Dfile.encoding=windows-1252 -Duser.country=US -Duser.language=en -Duser.variant 
java_command: com.android.dx.command.Main --dex --num-threads=4 --output C:\android_work\asad_bhai\UnitConvertorProject\UnitConvertor\app\build\intermediates\pre-dexed\release\com.android.support-support-fragment-25.0.1_6ff919335fba733a93ad45995a0fa14dbbf3aade.jar C:\android_work\asad_bhai\UnitConvertorProject\UnitConvertor\app\build\intermediates\exploded-aar\com.android.support\support-fragment\25.0.1\jars\classes.jar
java_class_path (initial): C:\Android\Sdk\build-tools\25.0.0\lib\dx.jar
Launcher Type: SUN_STANDARD

Environment Variables:
PATH=C:\ProgramData\Oracle\Java\javapath;C:\Windows\system32;C:\Windows;C:\Windows\System32\Wbem;C:\Windows\System32\WindowsPowerShell\v1.0\;C:\Program Files\Git\cmd;C:\Program Files (x86)\Skype\Phone\;C:\instantclient_12_2;C:\Program Files (x86)\Ampps\php;C:\composer;C:\Users\rehan\AppData\Roaming\Composer\vendor\bin
USERNAME=rehan
OS=Windows_NT
PROCESSOR_IDENTIFIER=Intel64 Family 6 Model 58 Stepping 9, GenuineIntel



---------------  S Y S T E M  ---------------

OS: Windows 8.1 , 64 bit Build 9600 (6.3.9600.17415)

CPU:total 4 (2 cores per cpu, 2 threads per core) family 6 model 58 stepping 9, cmov, cx8, fxsr, mmx, sse, sse2, sse3, ssse3, sse4.1, sse4.2, popcnt, avx, aes, clmul, erms, ht, tsc, tscinvbit, tscinv

Memory: 4k page, physical 8281448k(974880k free), swap 10315620k(5336k free)

vm_info: Java HotSpot(TM) 64-Bit Server VM (25.73-b02) for windows-amd64 JRE (1.8.0_73-b02), built on Jan 29 2016 17:38:49 by "java_re" with MS VC++ 10.0 (VS2010)

time: Thu Jan 11 00:36:14 2018
elapsed time: 2 seconds (0d 0h 0m 2s)

