#
# There is insufficient memory for the Java Runtime Environment to continue.
# Native memory allocation (malloc) failed to allocate 1784416 bytes for Chunk::new
# Possible reasons:
#   The system is out of physical RAM or swap space
#   In 32 bit mode, the process size limit was hit
# Possible solutions:
#   Reduce memory load on the system
#   Increase physical memory or swap space
#   Check if swap backing store is full
#   Use 64 bit Java on a 64 bit OS
#   Decrease Java heap size (-Xmx/-Xms)
#   Decrease number of Java threads
#   Decrease Java thread stack sizes (-Xss)
#   Set larger code cache with -XX:ReservedCodeCacheSize=
# This output file may be truncated or incomplete.
#
#  Out of Memory Error (allocation.cpp:390), pid=8064, tid=6980
#
# JRE version: Java(TM) SE Runtime Environment (8.0_73-b02) (build 1.8.0_73-b02)
# Java VM: Java HotSpot(TM) 64-Bit Server VM (25.73-b02 mixed mode windows-amd64 compressed oops)
# Failed to write core dump. Minidumps are not enabled by default on client versions of Windows
#

---------------  T H R E A D  ---------------

Current thread (0x0000000014556800):  JavaThread "C2 CompilerThread1" daemon [_thread_in_native, id=6980, stack(0x0000000015c40000,0x0000000015d40000)]

Stack: [0x0000000015c40000,0x0000000015d40000]
[error occurred during error reporting (printing stack bounds), id 0xc0000005]

Native frames: (J=compiled Java code, j=interpreted, Vv=VM code, C=native code)


Current CompileTask:
C2:   2609 1470   !   4       com.android.dx.cf.cst.ConstantPoolParser::parse0 (731 bytes)


---------------  P R O C E S S  ---------------

Java Threads: ( => current thread )
  0x000000001611c000 JavaThread "pool-1-thread-4" [_thread_in_Java, id=1524, stack(0x0000000016840000,0x0000000016940000)]
  0x000000001611b800 JavaThread "pool-1-thread-3" [_thread_in_Java, id=7224, stack(0x0000000016740000,0x0000000016840000)]
  0x0000000016118000 JavaThread "pool-1-thread-2" [_thread_blocked, id=8180, stack(0x0000000016640000,0x0000000016740000)]
  0x0000000016112800 JavaThread "pool-2-thread-1" [_thread_blocked, id=196, stack(0x0000000016540000,0x0000000016640000)]
  0x0000000016212000 JavaThread "pool-1-thread-1" [_thread_in_Java, id=4492, stack(0x0000000016440000,0x0000000016540000)]
  0x0000000015e44800 JavaThread "Service Thread" daemon [_thread_blocked, id=6792, stack(0x0000000016240000,0x0000000016340000)]
  0x0000000014559800 JavaThread "C1 CompilerThread2" daemon [_thread_blocked, id=5584, stack(0x0000000015d40000,0x0000000015e40000)]
=>0x0000000014556800 JavaThread "C2 CompilerThread1" daemon [_thread_in_native, id=6980, stack(0x0000000015c40000,0x0000000015d40000)]
  0x00000000144f9800 JavaThread "C2 CompilerThread0" daemon [_thread_in_native, id=7024, stack(0x0000000015b40000,0x0000000015c40000)]
  0x0000000014507000 JavaThread "Attach Listener" daemon [_thread_blocked, id=880, stack(0x0000000015a40000,0x0000000015b40000)]
  0x0000000014505800 JavaThread "Signal Dispatcher" daemon [_thread_blocked, id=4824, stack(0x0000000015940000,0x0000000015a40000)]
  0x0000000001e26000 JavaThread "Finalizer" daemon [_thread_blocked, id=7112, stack(0x0000000015760000,0x0000000015860000)]
  0x0000000001e1d000 JavaThread "Reference Handler" daemon [_thread_blocked, id=8100, stack(0x0000000015660000,0x0000000015760000)]
  0x0000000001d30800 JavaThread "main" [_thread_blocked, id=4772, stack(0x0000000001b70000,0x0000000001c70000)]

Other Threads:
  0x00000000144c7800 VMThread [stack: 0x0000000015560000,0x0000000015660000] [id=8036]
  0x0000000015e6c000 WatcherThread [stack: 0x0000000016340000,0x0000000016440000] [id=8040]

VM state:not at safepoint (normal execution)

VM Mutex/Monitor currently owned by a thread: None

Heap:
 PSYoungGen      total 71680K, used 20209K [0x00000000eab00000, 0x00000000ef600000, 0x0000000100000000)
  eden space 66560K, 22% used [0x00000000eab00000,0x00000000eb9c1a78,0x00000000eec00000)
  from space 5120K, 99% used [0x00000000ef100000,0x00000000ef5faab8,0x00000000ef600000)
  to   space 5120K, 0% used [0x00000000eec00000,0x00000000eec00000,0x00000000ef100000)
 ParOldGen       total 87552K, used 4375K [0x00000000c0000000, 0x00000000c5580000, 0x00000000eab00000)
  object space 87552K, 4% used [0x00000000c0000000,0x00000000c0445d08,0x00000000c5580000)
 Metaspace       used 6147K, capacity 7152K, committed 7296K, reserved 1056768K
  class space    used 590K, capacity 616K, committed 640K, reserved 1048576K

Card table byte_map: [0x00000000111f0000,0x0000000011400000] byte_map_base: 0x0000000010bf0000

Marking Bits: (ParMarkBitMap*) 0x0000000074b90600
 Begin Bits: [0x0000000011960000, 0x0000000012960000)
 End Bits:   [0x0000000012960000, 0x0000000013960000)

Polling page: 0x00000000002e0000

CodeCache: size=245760Kb used=6910Kb max_used=6910Kb free=238849Kb
 bounds [0x0000000001e30000, 0x0000000002500000, 0x0000000010e30000]
 total_blobs=1880 nmethods=1614 adapters=176
 compilation: enabled

Compilation events (10 events):
Event: 2.332 Thread 0x0000000014559800 1631       1       com.android.dx.cf.attrib.InnerClassList$Item::getInnerName (5 bytes)
Event: 2.332 Thread 0x0000000014559800 nmethod 1631 0x00000000024db890 code [0x00000000024db9e0, 0x00000000024dbaf0]
Event: 2.332 Thread 0x0000000014559800 1632       1       com.android.dx.cf.attrib.InnerClassList$Item::getAccessFlags (5 bytes)
Event: 2.332 Thread 0x0000000014559800 nmethod 1632 0x00000000024dbb50 code [0x00000000024dbca0, 0x00000000024dbdb0]
Event: 2.339 Thread 0x0000000014559800 1633       3       com.android.dx.dex.code.SimpleInsn::<init> (8 bytes)
Event: 2.339 Thread 0x0000000014559800 nmethod 1633 0x00000000024dbe10 code [0x00000000024dbf80, 0x00000000024dc168]
Event: 2.366 Thread 0x00000000144f9800 nmethod 1477 0x00000000024e1910 code [0x00000000024e1c20, 0x00000000024e45f0]
Event: 2.366 Thread 0x00000000144f9800 1606       4       com.android.dx.ssa.SsaRenamer$BlockRenamer::process (191 bytes)
Event: 2.442 Thread 0x0000000014556800 nmethod 1587 0x00000000024ee5d0 code [0x00000000024ee920, 0x00000000024f2480]
Event: 2.442 Thread 0x0000000014556800 1470   !   4       com.android.dx.cf.cst.ConstantPoolParser::parse0 (731 bytes)

GC Heap History (4 events):
Event: 1.399 GC heap before
{Heap before GC invocations=1 (full 0):
 PSYoungGen      total 38400K, used 33280K [0x00000000eab00000, 0x00000000ed580000, 0x0000000100000000)
  eden space 33280K, 100% used [0x00000000eab00000,0x00000000ecb80000,0x00000000ecb80000)
  from space 5120K, 0% used [0x00000000ed080000,0x00000000ed080000,0x00000000ed580000)
  to   space 5120K, 0% used [0x00000000ecb80000,0x00000000ecb80000,0x00000000ed080000)
 ParOldGen       total 87552K, used 0K [0x00000000c0000000, 0x00000000c5580000, 0x00000000eab00000)
  object space 87552K, 0% used [0x00000000c0000000,0x00000000c0000000,0x00000000c5580000)
 Metaspace       used 5910K, capacity 6960K, committed 7040K, reserved 1056768K
  class space    used 590K, capacity 616K, committed 640K, reserved 1048576K
Event: 1.416 GC heap after
Heap after GC invocations=1 (full 0):
 PSYoungGen      total 38400K, used 5092K [0x00000000eab00000, 0x00000000ef600000, 0x0000000100000000)
  eden space 33280K, 0% used [0x00000000eab00000,0x00000000eab00000,0x00000000ecb80000)
  from space 5120K, 99% used [0x00000000ecb80000,0x00000000ed079238,0x00000000ed080000)
  to   space 5120K, 0% used [0x00000000ef100000,0x00000000ef100000,0x00000000ef600000)
 ParOldGen       total 87552K, used 624K [0x00000000c0000000, 0x00000000c5580000, 0x00000000eab00000)
  object space 87552K, 0% used [0x00000000c0000000,0x00000000c009c100,0x00000000c5580000)
 Metaspace       used 5910K, capacity 6960K, committed 7040K, reserved 1056768K
  class space    used 590K, capacity 616K, committed 640K, reserved 1048576K
}
Event: 2.066 GC heap before
{Heap before GC invocations=2 (full 0):
 PSYoungGen      total 38400K, used 38372K [0x00000000eab00000, 0x00000000ef600000, 0x0000000100000000)
  eden space 33280K, 100% used [0x00000000eab00000,0x00000000ecb80000,0x00000000ecb80000)
  from space 5120K, 99% used [0x00000000ecb80000,0x00000000ed079238,0x00000000ed080000)
  to   space 5120K, 0% used [0x00000000ef100000,0x00000000ef100000,0x00000000ef600000)
 ParOldGen       total 87552K, used 624K [0x00000000c0000000, 0x00000000c5580000, 0x00000000eab00000)
  object space 87552K, 0% used [0x00000000c0000000,0x00000000c009c100,0x00000000c5580000)
 Metaspace       used 6103K, capacity 7088K, committed 7296K, reserved 1056768K
  class space    used 590K, capacity 616K, committed 640K, reserved 1048576K
Event: 2.200 GC heap after
Heap after GC invocations=2 (full 0):
 PSYoungGen      total 71680K, used 5098K [0x00000000eab00000, 0x00000000ef600000, 0x0000000100000000)
  eden space 66560K, 0% used [0x00000000eab00000,0x00000000eab00000,0x00000000eec00000)
  from space 5120K, 99% used [0x00000000ef100000,0x00000000ef5faab8,0x00000000ef600000)
  to   space 5120K, 0% used [0x00000000eec00000,0x00000000eec00000,0x00000000ef100000)
 ParOldGen       total 87552K, used 4375K [0x00000000c0000000, 0x00000000c5580000, 0x00000000eab00000)
  object space 87552K, 4% used [0x00000000c0000000,0x00000000c0445d08,0x00000000c5580000)
 Metaspace       used 6103K, capacity 7088K, committed 7296K, reserved 1056768K
  class space    used 590K, capacity 616K, committed 640K, reserved 1048576K
}

Deoptimization events (10 events):
Event: 1.077 Thread 0x0000000016118000 Uncommon trap: reason=unstable_if action=reinterpret pc=0x000000000205b830 method=java.util.HashMap.getNode(ILjava/lang/Object;)Ljava/util/HashMap$Node; @ 62
Event: 1.191 Thread 0x0000000001d30800 Uncommon trap: reason=unstable_if action=reinterpret pc=0x000000000216e66c method=com.android.dx.rop.code.RegisterSpecSet.put(Lcom/android/dx/rop/code/RegisterSpec;)V @ 77
Event: 1.227 Thread 0x0000000016118000 Uncommon trap: reason=unstable_if action=reinterpret pc=0x00000000020bcf6c method=java.util.HashMap.getNode(ILjava/lang/Object;)Ljava/util/HashMap$Node; @ 129
Event: 1.229 Thread 0x0000000016118000 Uncommon trap: reason=unstable_if action=reinterpret pc=0x000000000205ea70 method=java.util.BitSet.nextSetBit(I)I @ 87
Event: 1.816 Thread 0x0000000016212000 Uncommon trap: reason=unstable_if action=reinterpret pc=0x00000000023b6a30 method=com.android.dx.cf.code.BytecodeArray.parseInstruction(ILcom/android/dx/cf/code/BytecodeArray$Visitor;)I @ 1198
Event: 1.884 Thread 0x000000001611b800 Uncommon trap: reason=unstable_if action=reinterpret pc=0x00000000020d005c method=com.android.dx.rop.cst.Constant.compareTo(Lcom/android/dx/rop/cst/Constant;)I @ 12
Event: 2.034 Thread 0x0000000016212000 Uncommon trap: reason=bimorphic action=maybe_recompile pc=0x000000000239b35c method=com.android.dx.ssa.LiteralOpUpgrader.tryReplacingWithConstant(Lcom/android/dx/ssa/NormalSsaInsn;)Z @ 52
Event: 2.048 Thread 0x0000000016118000 Uncommon trap: reason=unstable_if action=reinterpret pc=0x0000000002290abc method=com.android.dx.util.IntList.binarysearch(I)I @ 105
Event: 2.063 Thread 0x000000001611b800 Uncommon trap: reason=null_check action=make_not_entrant pc=0x0000000002145820 method=com.android.dx.rop.type.Type.equals(Ljava/lang/Object;)Z @ 8
Event: 2.230 Thread 0x000000001611c000 Uncommon trap: reason=bimorphic action=maybe_recompile pc=0x000000000239b35c method=com.android.dx.ssa.LiteralOpUpgrader.tryReplacingWithConstant(Lcom/android/dx/ssa/NormalSsaInsn;)Z @ 52

Internal exceptions (3 events):
Event: 0.056 Thread 0x0000000001d30800 Exception <a 'java/lang/NoSuchMethodError': Method sun.misc.Unsafe.defineClass(Ljava/lang/String;[BII)Ljava/lang/Class; name or signature does not match> (0x00000000eab0d3c8) thrown at [D:\re\puppet\workspace\8-2-build-windows-amd64-cygwin\jdk8u73\6086\hotñüUÔ¨?
Event: 0.057 Thread 0x0000000001d30800 Exception <a 'java/lang/NoSuchMethodError': Method sun.misc.Unsafe.prefetchRead(Ljava/lang/Object;J)V name or signature does not match> (0x00000000eab0d6b0) thrown at [D:\re\puppet\workspace\8-2-build-windows-amd64-cygwin\jdk8u73\6086\hotspot\src\share\vm\ˇ}GÅ
Event: 2.063 Thread 0x000000001611b800 Implicit null exception at 0x0000000002145722 to 0x0000000002145812

Events (10 events):
Event: 2.059 Executing VM operation: ForceSafepoint
Event: 2.061 Executing VM operation: ForceSafepoint done
Event: 2.063 Thread 0x000000001611b800 Uncommon trap: trap_request=0xfffffff4 fr.pc=0x0000000002145820
Event: 2.063 Thread 0x000000001611b800 DEOPT PACKING pc=0x0000000002145820 sp=0x000000001683e9f0
Event: 2.063 Thread 0x000000001611b800 DEOPT UNPACKING pc=0x0000000001e7582a sp=0x000000001683e978 mode 2
Event: 2.065 Executing VM operation: ParallelGCFailedAllocation
Event: 2.200 Executing VM operation: ParallelGCFailedAllocation done
Event: 2.229 Thread 0x000000001611c000 Uncommon trap: trap_request=0xffffffc6 fr.pc=0x000000000239b35c
Event: 2.230 Thread 0x000000001611c000 DEOPT PACKING pc=0x000000000239b35c sp=0x000000001693ec70
Event: 2.230 Thread 0x000000001611c000 DEOPT UNPACKING pc=0x0000000001e7582a sp=0x000000001693eb58 mode 2


Dynamic libraries:
0x00007ff62cf20000 - 0x00007ff62cf57000 	C:\Program Files\Java\jdk1.8.0_73\bin\java.exe
0x00007fffbdfe0000 - 0x00007fffbe18d000 	C:\Windows\SYSTEM32\ntdll.dll
0x00007fffbc1a0000 - 0x00007fffbc2de000 	C:\Windows\system32\KERNEL32.DLL
0x00007fffbb210000 - 0x00007fffbb325000 	C:\Windows\system32\KERNELBASE.dll
0x00007fffb9cd0000 - 0x00007fffb9d5e000 	C:\Windows\system32\apphelp.dll
0x00007fffa57c0000 - 0x00007fffa5813000 	C:\Windows\AppPatch\AppPatch64\AcGenral.DLL
0x00007fffbdaa0000 - 0x00007fffbdb4a000 	C:\Windows\system32\msvcrt.dll
0x00007fffbb1e0000 - 0x00007fffbb20e000 	C:\Windows\system32\SspiCli.dll
0x00007fffbc2e0000 - 0x00007fffbc334000 	C:\Windows\system32\SHLWAPI.dll
0x00007fffbde60000 - 0x00007fffbdfd7000 	C:\Windows\system32\USER32.dll
0x00007fffbc000000 - 0x00007fffbc194000 	C:\Windows\system32\ole32.dll
0x00007fffbc400000 - 0x00007fffbd929000 	C:\Windows\system32\SHELL32.dll
0x00007fffba6d0000 - 0x00007fffba6f1000 	C:\Windows\SYSTEM32\USERENV.dll
0x00007fffbbed0000 - 0x00007fffbbf7a000 	C:\Windows\system32\ADVAPI32.dll
0x00007fffaf6a0000 - 0x00007fffaf6be000 	C:\Windows\SYSTEM32\MPR.dll
0x00007fffbbb70000 - 0x00007fffbbcb0000 	C:\Windows\system32\RPCRT4.dll
0x00007fffbde00000 - 0x00007fffbde59000 	C:\Windows\SYSTEM32\sechost.dll
0x00007fffbbcb0000 - 0x00007fffbbec2000 	C:\Windows\SYSTEM32\combase.dll
0x00007fffbb690000 - 0x00007fffbb7db000 	C:\Windows\system32\GDI32.dll
0x00007fffbb110000 - 0x00007fffbb125000 	C:\Windows\SYSTEM32\profapi.dll
0x00007fffb94f0000 - 0x00007fffb95a2000 	C:\Windows\SYSTEM32\SHCORE.dll
0x00007fffbdc20000 - 0x00007fffbdc56000 	C:\Windows\system32\IMM32.DLL
0x00007fffbd940000 - 0x00007fffbda91000 	C:\Windows\system32\MSCTF.dll
0x00007fffb8b60000 - 0x00007fffb8ddb000 	C:\Windows\WinSxS\amd64_microsoft.windows.common-controls_6595b64144ccf1df_6.0.9600.18006_none_623f33d3ecbe86e8\COMCTL32.dll
0x0000000074ee0000 - 0x0000000074fb2000 	C:\Program Files\Java\jdk1.8.0_73\jre\bin\msvcr100.dll
0x0000000074380000 - 0x0000000074c10000 	C:\Program Files\Java\jdk1.8.0_73\jre\bin\server\jvm.dll
0x00007fffb6ed0000 - 0x00007fffb6ed9000 	C:\Windows\SYSTEM32\WSOCK32.dll
0x00007fffb6380000 - 0x00007fffb63a2000 	C:\Windows\SYSTEM32\WINMM.dll
0x00007fffb6400000 - 0x00007fffb640a000 	C:\Windows\SYSTEM32\VERSION.dll
0x00007fffbdc60000 - 0x00007fffbdc67000 	C:\Windows\system32\PSAPI.DLL
0x00007fffbbfa0000 - 0x00007fffbbffa000 	C:\Windows\system32\WS2_32.dll
0x00007fffb6350000 - 0x00007fffb637a000 	C:\Windows\SYSTEM32\WINMMBASE.dll
0x00007fffbb680000 - 0x00007fffbb689000 	C:\Windows\system32\NSI.dll
0x00007fffbb330000 - 0x00007fffbb37f000 	C:\Windows\SYSTEM32\cfgmgr32.dll
0x00007fffb9f20000 - 0x00007fffb9f48000 	C:\Windows\SYSTEM32\DEVOBJ.dll
0x0000000074290000 - 0x000000007429f000 	C:\Program Files\Java\jdk1.8.0_73\jre\bin\verify.dll
0x0000000074260000 - 0x0000000074289000 	C:\Program Files\Java\jdk1.8.0_73\jre\bin\java.dll
0x0000000074240000 - 0x0000000074256000 	C:\Program Files\Java\jdk1.8.0_73\jre\bin\zip.dll

VM Arguments:
jvm_args: -Djava.awt.headless=true -Xmx1024M -Dfile.encoding=windows-1252 -Duser.country=US -Duser.language=en -Duser.variant 
java_command: com.android.dx.command.Main --dex --num-threads=4 --output C:\android_work\asad_bhai\UnitConvertorProject\UnitConvertor\app\build\intermediates\pre-dexed\release\com.android.support-support-compat-25.0.1_65b5789229caddfd8424d53be1f833d630d92b1e.jar C:\android_work\asad_bhai\UnitConvertorProject\UnitConvertor\app\build\intermediates\exploded-aar\com.android.support\support-compat\25.0.1\jars\classes.jar
java_class_path (initial): C:\Android\Sdk\build-tools\25.0.0\lib\dx.jar
Launcher Type: SUN_STANDARD

Environment Variables:
PATH=C:\ProgramData\Oracle\Java\javapath;C:\Windows\system32;C:\Windows;C:\Windows\System32\Wbem;C:\Windows\System32\WindowsPowerShell\v1.0\;C:\Program Files\Git\cmd;C:\Program Files (x86)\Skype\Phone\;C:\instantclient_12_2;C:\Program Files (x86)\Ampps\php;C:\composer;C:\Users\rehan\AppData\Roaming\Composer\vendor\bin
USERNAME=rehan
OS=Windows_NT
PROCESSOR_IDENTIFIER=Intel64 Family 6 Model 58 Stepping 9, GenuineIntel



---------------  S Y S T E M  ---------------

OS: Windows 8.1 , 64 bit Build 9600 (6.3.9600.17415)

CPU:total 4 (2 cores per cpu, 2 threads per core) family 6 model 58 stepping 9, cmov, cx8, fxsr, mmx, sse, sse2, sse3, ssse3, sse4.1, sse4.2, popcnt, avx, aes, clmul, erms, ht, tsc, tscinvbit, tscinv

Memory: 4k page, physical 8281448k(989908k free), swap 10315620k(6656k free)

vm_info: Java HotSpot(TM) 64-Bit Server VM (25.73-b02) for windows-amd64 JRE (1.8.0_73-b02), built on Jan 29 2016 17:38:49 by "java_re" with MS VC++ 10.0 (VS2010)

time: Thu Jan 11 00:36:14 2018
elapsed time: 2 seconds (0d 0h 0m 2s)

